Terminals unused in grammar

   COMMENT
   BOOLEAN_CONSTANT


Grammar

    0 $accept: barnameh $end

    1 barnameh: PROGRAM_KW SHENASE tarifha

    2 tarifha: tarifha tarif
    3        | tarif

    4 tarif: tarifeSakhtar
    5      | tarifeMoteghayyer
    6      | tarifeTabe

    7 tarifeSakhtar: STRUCT_KW SHENASE AKULAD_BAZ_KW tarifhayeMahalli AKULAD_BASTE_KW
    8              | STRUCT_KW SHENASE AKULAD_BAZ_KW AKULAD_BASTE_KW

    9 tarifhayeMahalli: tarifhayeMahalli tarifeMoteghayyerMahdud
   10                 | tarifeMoteghayyerMahdud

   11 tarifeMoteghayyerMahdud: jenseMahdud tarifhayeMoteghayyerha NOGHTE_VIRGUL

   12 jenseMahdud: CONSTANT_KW jens
   13            | jens

   14 jens: INT_KW
   15     | FLOAT_KW
   16     | CHAR_KW
   17     | BOOLEAN_KW

   18 tarifeMoteghayyer: jens tarifhayeMoteghayyerha NOGHTE_VIRGUL

   19 tarifhayeMoteghayyerha: tarifeMeghdareAvalie
   20                       | tarifhayeMoteghayyerha COMMA tarifeMeghdareAvalie

   21 tarifeMeghdareAvalie: tarifeShenaseMoteghayer
   22                     | tarifeShenaseMoteghayer EQUAL_KW ebarateSade

   23 tarifeShenaseMoteghayer: SHENASE
   24                        | SHENASE BRACKET_BAZ_KW ADAD BRACKET_BASTE_KW

   25 tarifeTabe: jens SHENASE PARANTHESIS_BAZ_KW vorudiha PARANTHESIS_BASTE_KW jomle
   26           | jens SHENASE PARANTHESIS_BAZ_KW PARANTHESIS_BASTE_KW jomle
   27           | SHENASE PARANTHESIS_BAZ_KW vorudiha PARANTHESIS_BASTE_KW jomle
   28           | SHENASE PARANTHESIS_BAZ_KW PARANTHESIS_BASTE_KW jomle

   29 vorudiha: vorudiha NOGHTE_VIRGUL jensVorudiha
   30         | jensVorudiha

   31 jensVorudiha: jens shenaseyeVorudiha

   32 shenaseyeVorudiha: shenaseyeVorudiha COMMA shenaseyeVorudi
   33                  | shenaseyeVorudi

   34 shenaseyeVorudi: SHENASE
   35                | SHENASE BRACKET_BAZ_KW BRACKET_BASTE_KW

   36 jomle: jomleyeMorakkab
   37      | jomleyeEbarat
   38      | jomleyeEntekhab
   39      | jomleyeTekrar
   40      | jomleyeBazgasht
   41      | jomleyeShekast

   42 jomleyeMorakkab: AKULAD_BAZ_KW tarifhayeMahalli jomleha AKULAD_BASTE_KW
   43                | AKULAD_BAZ_KW tarifhayeMahalli AKULAD_BASTE_KW
   44                | AKULAD_BAZ_KW jomleha AKULAD_BASTE_KW
   45                | AKULAD_BAZ_KW AKULAD_BASTE_KW

   46 jomleha: jomleha jomle
   47        | jomle

   48 jomleyeEbarat: ebarat NOGHTE_VIRGUL
   49              | NOGHTE_VIRGUL

   50 jomleyeEntekhab: IF_KW ebarateSade THEN_KW jomle
   51                | IF_KW ebarateSade THEN_KW jomle ELSE_KW jomle
   52                | KEY_KW PARANTHESIS_BAZ_KW ebarateSade PARANTHESIS_BASTE_KW onsoreHalat onsorePishfarz END_KW
   53                | KEY_KW PARANTHESIS_BAZ_KW ebarateSade PARANTHESIS_BASTE_KW onsoreHalat END_KW

   54 onsoreHalat: SWITCH_KW ADAD DONOGHTE_KW jomle NOGHTE_VIRGUL
   55            | onsoreHalat SWITCH_KW ADAD DONOGHTE_KW jomle NOGHTE_VIRGUL

   56 onsorePishfarz: DEFAULT_KW DONOGHTE_KW jomle NOGHTE_VIRGUL

   57 jomleyeTekrar: WHILE_KW PARANTHESIS_BAZ_KW ebarateSade PARANTHESIS_BASTE_KW jomle

   58 jomleyeBazgasht: RETURN_KW NOGHTE_VIRGUL
   59                | RETURN_KW ebarat NOGHTE_VIRGUL

   60 jomleyeShekast: BREAK_KW NOGHTE_VIRGUL

   61 ebarat: taghirpazir EQUAL_KW ebarat
   62       | taghirpazir PLUS_EQUAL_KW ebarat
   63       | taghirpazir MINUS_EQUAL_KW ebarat
   64       | taghirpazir MULTIPLY_EQUAL_KW ebarat
   65       | taghirpazir DEVIDE_EQUAL_KW ebarat
   66       | taghirpazir PLUS_PLUS_KW
   67       | taghirpazir MINUS_MINUS_KW
   68       | ebarateSade

   69 ebarateSade: ebarateSade OR_KW ebarateSade
   70            | ebarateSade AND_KW ebarateSade
   71            | ebarateSade OR_ELSE_KW ebarateSade
   72            | ebarateSade AND_THEN_KW ebarateSade
   73            | ebarateSade NOT_KW ebarateSade
   74            | ebarateRabetei

   75 ebarateRabetei: ebarateRiaziManteghi
   76               | ebarateRiaziManteghi amalgareRabetei ebarateRiaziManteghi

   77 amalgareRabetei: LESS_THAN_KW
   78                | LESS_EQUAL_KW
   79                | MORE_THAN_KW
   80                | MORE_EQUAL_KW
   81                | EQUAL_EQUAL_KW

   82 ebarateRiaziManteghi: ebarateYegani
   83                     | ebarateRiaziManteghi ADD_KW ebarateRiaziManteghi
   84                     | ebarateRiaziManteghi MINUS_KW ebarateRiaziManteghi
   85                     | ebarateRiaziManteghi MULTIPLY_KW ebarateRiaziManteghi
   86                     | ebarateRiaziManteghi DEVIDE_KW ebarateRiaziManteghi
   87                     | ebarateRiaziManteghi MOD_KW ebarateRiaziManteghi

   88 ebarateYegani: amalgareYegani ebarateYegani
   89              | amel

   90 amalgareYegani: MINUS_KW
   91               | MULTIPLY_KW
   92               | QUESTION_KW

   93 amel: taghirpazir
   94     | taghirnapazir

   95 taghirpazir: SHENASE
   96            | taghirpazir BRACKET_BAZ_KW ebarat BRACKET_BASTE_KW
   97            | taghirpazir NOGHTE_KW SHENASE

   98 taghirnapazir: PARANTHESIS_BAZ_KW ebarat PARANTHESIS_BASTE_KW
   99              | sedaZadan
  100              | meghdareSabet

  101 sedaZadan: SHENASE PARANTHESIS_BAZ_KW bordareVorudiha PARANTHESIS_BASTE_KW
  102          | SHENASE PARANTHESIS_BAZ_KW PARANTHESIS_BASTE_KW

  103 bordareVorudiha: bordareVorudiha COMMA ebarat
  104                | ebarat

  105 meghdareSabet: ADAD
  106              | FLOAT_KW
  107              | HARFE_SABET
  108              | TRUE_KW
  109              | FALSE_KW


Terminals, with rules where they appear

$end (0) 0
error (256)
COMMENT (258)
FLOAT_KW (259) 15 106
INT_KW (260) 14
BOOLEAN_KW (261) 17
CHAR_KW (262) 16
AKULAD_BAZ_KW (263) 7 8 42 43 44 45
AKULAD_BASTE_KW (264) 7 8 42 43 44 45
ADD_KW (265) 83
BOOLEAN_CONSTANT (266)
SWITCH_KW (267) 54 55
END_KW (268) 52 53
DEFAULT_KW (269) 56
BREAK_KW (270) 60
RETURN_KW (271) 58 59
COMMA (272) 20 32 103
PROGRAM_KW (273) 1
STRUCT_KW (274) 7 8
CONSTANT_KW (275) 12
IF_KW (276) 50 51
THEN_KW (277) 50 51
ELSE_KW (278) 51
AND_KW (279) 70
OR_KW (280) 69
NOT_KW (281) 73
WHILE_KW (282) 57
NOGHTE_VIRGUL (283) 11 18 29 48 49 54 55 56 58 59 60
ADAD (284) 24 54 55 105
SHENASE (285) 1 7 8 23 24 25 26 27 28 34 35 95 97 101 102
HARFE_SABET (286) 107
KEY_KW (287) 52 53
MORE_THAN_KW (288) 79
NOGHTE_KW (289) 97
MULTIPLY_KW (290) 85 91
BRACKET_BASTE_KW (291) 24 35 96
BRACKET_BAZ_KW (292) 24 35 96
PARANTHESIS_BASTE_KW (293) 25 26 27 28 52 53 57 98 101 102
PARANTHESIS_BAZ_KW (294) 25 26 27 28 52 53 57 98 101 102
TRUE_KW (295) 108
QUESTION_KW (296) 92
EQUAL_EQUAL_KW (297) 81
EQUAL_KW (298) 22 61
DEVIDE_KW (299) 86
OR_ELSE_KW (300) 71
FALSE_KW (301) 109
AND_THEN_KW (302) 72
MINUS_KW (303) 84 90
DONOGHTE_KW (304) 54 55 56
LESS_EQUAL_KW (305) 78
MOD_KW (306) 87
LESS_THAN_KW (307) 77
MORE_EQUAL_KW (308) 80
PLUS_EQUAL_KW (309) 62
PLUS_PLUS_KW (310) 66
MINUS_MINUS_KW (311) 67
MINUS_EQUAL_KW (312) 63
MULTIPLY_EQUAL_KW (313) 64
DEVIDE_EQUAL_KW (314) 65
LOWER_THAN_ELSE_KW (315)


Nonterminals, with rules where they appear

$accept (61)
    on left: 0
barnameh (62)
    on left: 1, on right: 0
tarifha (63)
    on left: 2 3, on right: 1 2
tarif (64)
    on left: 4 5 6, on right: 2 3
tarifeSakhtar (65)
    on left: 7 8, on right: 4
tarifhayeMahalli (66)
    on left: 9 10, on right: 7 9 42 43
tarifeMoteghayyerMahdud (67)
    on left: 11, on right: 9 10
jenseMahdud (68)
    on left: 12 13, on right: 11
jens (69)
    on left: 14 15 16 17, on right: 12 13 18 25 26 31
tarifeMoteghayyer (70)
    on left: 18, on right: 5
tarifhayeMoteghayyerha (71)
    on left: 19 20, on right: 11 18 20
tarifeMeghdareAvalie (72)
    on left: 21 22, on right: 19 20
tarifeShenaseMoteghayer (73)
    on left: 23 24, on right: 21 22
tarifeTabe (74)
    on left: 25 26 27 28, on right: 6
vorudiha (75)
    on left: 29 30, on right: 25 27 29
jensVorudiha (76)
    on left: 31, on right: 29 30
shenaseyeVorudiha (77)
    on left: 32 33, on right: 31 32
shenaseyeVorudi (78)
    on left: 34 35, on right: 32 33
jomle (79)
    on left: 36 37 38 39 40 41, on right: 25 26 27 28 46 47 50 51 54
    55 56 57
jomleyeMorakkab (80)
    on left: 42 43 44 45, on right: 36
jomleha (81)
    on left: 46 47, on right: 42 44 46
jomleyeEbarat (82)
    on left: 48 49, on right: 37
jomleyeEntekhab (83)
    on left: 50 51 52 53, on right: 38
onsoreHalat (84)
    on left: 54 55, on right: 52 53 55
onsorePishfarz (85)
    on left: 56, on right: 52
jomleyeTekrar (86)
    on left: 57, on right: 39
jomleyeBazgasht (87)
    on left: 58 59, on right: 40
jomleyeShekast (88)
    on left: 60, on right: 41
ebarat (89)
    on left: 61 62 63 64 65 66 67 68, on right: 48 59 61 62 63 64 65
    96 98 103 104
ebarateSade (90)
    on left: 69 70 71 72 73 74, on right: 22 50 51 52 53 57 68 69 70
    71 72 73
ebarateRabetei (91)
    on left: 75 76, on right: 74
amalgareRabetei (92)
    on left: 77 78 79 80 81, on right: 76
ebarateRiaziManteghi (93)
    on left: 82 83 84 85 86 87, on right: 75 76 83 84 85 86 87
ebarateYegani (94)
    on left: 88 89, on right: 82 88
amalgareYegani (95)
    on left: 90 91 92, on right: 88
amel (96)
    on left: 93 94, on right: 89
taghirpazir (97)
    on left: 95 96 97, on right: 61 62 63 64 65 66 67 93 96 97
taghirnapazir (98)
    on left: 98 99 100, on right: 94
sedaZadan (99)
    on left: 101 102, on right: 99
bordareVorudiha (100)
    on left: 103 104, on right: 101 103
meghdareSabet (101)
    on left: 105 106 107 108 109, on right: 100


state 0

    0 $accept: . barnameh $end

    PROGRAM_KW  shift, and go to state 1

    barnameh  go to state 2


state 1

    1 barnameh: PROGRAM_KW . SHENASE tarifha

    SHENASE  shift, and go to state 3


state 2

    0 $accept: barnameh . $end

    $end  shift, and go to state 4


state 3

    1 barnameh: PROGRAM_KW SHENASE . tarifha

    FLOAT_KW    shift, and go to state 5
    INT_KW      shift, and go to state 6
    BOOLEAN_KW  shift, and go to state 7
    CHAR_KW     shift, and go to state 8
    STRUCT_KW   shift, and go to state 9
    SHENASE     shift, and go to state 10

    tarifha            go to state 11
    tarif              go to state 12
    tarifeSakhtar      go to state 13
    jens               go to state 14
    tarifeMoteghayyer  go to state 15
    tarifeTabe         go to state 16


state 4

    0 $accept: barnameh $end .

    $default  accept


state 5

   15 jens: FLOAT_KW .

    $default  reduce using rule 15 (jens)


state 6

   14 jens: INT_KW .

    $default  reduce using rule 14 (jens)


state 7

   17 jens: BOOLEAN_KW .

    $default  reduce using rule 17 (jens)


state 8

   16 jens: CHAR_KW .

    $default  reduce using rule 16 (jens)


state 9

    7 tarifeSakhtar: STRUCT_KW . SHENASE AKULAD_BAZ_KW tarifhayeMahalli AKULAD_BASTE_KW
    8              | STRUCT_KW . SHENASE AKULAD_BAZ_KW AKULAD_BASTE_KW

    SHENASE  shift, and go to state 17


state 10

   27 tarifeTabe: SHENASE . PARANTHESIS_BAZ_KW vorudiha PARANTHESIS_BASTE_KW jomle
   28           | SHENASE . PARANTHESIS_BAZ_KW PARANTHESIS_BASTE_KW jomle

    PARANTHESIS_BAZ_KW  shift, and go to state 18


state 11

    1 barnameh: PROGRAM_KW SHENASE tarifha .
    2 tarifha: tarifha . tarif

    FLOAT_KW    shift, and go to state 5
    INT_KW      shift, and go to state 6
    BOOLEAN_KW  shift, and go to state 7
    CHAR_KW     shift, and go to state 8
    STRUCT_KW   shift, and go to state 9
    SHENASE     shift, and go to state 10

    $default  reduce using rule 1 (barnameh)

    tarif              go to state 19
    tarifeSakhtar      go to state 13
    jens               go to state 14
    tarifeMoteghayyer  go to state 15
    tarifeTabe         go to state 16


state 12

    3 tarifha: tarif .

    $default  reduce using rule 3 (tarifha)


state 13

    4 tarif: tarifeSakhtar .

    $default  reduce using rule 4 (tarif)


state 14

   18 tarifeMoteghayyer: jens . tarifhayeMoteghayyerha NOGHTE_VIRGUL
   25 tarifeTabe: jens . SHENASE PARANTHESIS_BAZ_KW vorudiha PARANTHESIS_BASTE_KW jomle
   26           | jens . SHENASE PARANTHESIS_BAZ_KW PARANTHESIS_BASTE_KW jomle

    SHENASE  shift, and go to state 20

    tarifhayeMoteghayyerha   go to state 21
    tarifeMeghdareAvalie     go to state 22
    tarifeShenaseMoteghayer  go to state 23


state 15

    5 tarif: tarifeMoteghayyer .

    $default  reduce using rule 5 (tarif)


state 16

    6 tarif: tarifeTabe .

    $default  reduce using rule 6 (tarif)


state 17

    7 tarifeSakhtar: STRUCT_KW SHENASE . AKULAD_BAZ_KW tarifhayeMahalli AKULAD_BASTE_KW
    8              | STRUCT_KW SHENASE . AKULAD_BAZ_KW AKULAD_BASTE_KW

    AKULAD_BAZ_KW  shift, and go to state 24


state 18

   27 tarifeTabe: SHENASE PARANTHESIS_BAZ_KW . vorudiha PARANTHESIS_BASTE_KW jomle
   28           | SHENASE PARANTHESIS_BAZ_KW . PARANTHESIS_BASTE_KW jomle

    FLOAT_KW              shift, and go to state 5
    INT_KW                shift, and go to state 6
    BOOLEAN_KW            shift, and go to state 7
    CHAR_KW               shift, and go to state 8
    PARANTHESIS_BASTE_KW  shift, and go to state 25

    jens          go to state 26
    vorudiha      go to state 27
    jensVorudiha  go to state 28


state 19

    2 tarifha: tarifha tarif .

    $default  reduce using rule 2 (tarifha)


state 20

   23 tarifeShenaseMoteghayer: SHENASE .
   24                        | SHENASE . BRACKET_BAZ_KW ADAD BRACKET_BASTE_KW
   25 tarifeTabe: jens SHENASE . PARANTHESIS_BAZ_KW vorudiha PARANTHESIS_BASTE_KW jomle
   26           | jens SHENASE . PARANTHESIS_BAZ_KW PARANTHESIS_BASTE_KW jomle

    BRACKET_BAZ_KW      shift, and go to state 29
    PARANTHESIS_BAZ_KW  shift, and go to state 30

    $default  reduce using rule 23 (tarifeShenaseMoteghayer)


state 21

   18 tarifeMoteghayyer: jens tarifhayeMoteghayyerha . NOGHTE_VIRGUL
   20 tarifhayeMoteghayyerha: tarifhayeMoteghayyerha . COMMA tarifeMeghdareAvalie

    COMMA          shift, and go to state 31
    NOGHTE_VIRGUL  shift, and go to state 32


state 22

   19 tarifhayeMoteghayyerha: tarifeMeghdareAvalie .

    $default  reduce using rule 19 (tarifhayeMoteghayyerha)


state 23

   21 tarifeMeghdareAvalie: tarifeShenaseMoteghayer .
   22                     | tarifeShenaseMoteghayer . EQUAL_KW ebarateSade

    EQUAL_KW  shift, and go to state 33

    $default  reduce using rule 21 (tarifeMeghdareAvalie)


state 24

    7 tarifeSakhtar: STRUCT_KW SHENASE AKULAD_BAZ_KW . tarifhayeMahalli AKULAD_BASTE_KW
    8              | STRUCT_KW SHENASE AKULAD_BAZ_KW . AKULAD_BASTE_KW

    FLOAT_KW         shift, and go to state 5
    INT_KW           shift, and go to state 6
    BOOLEAN_KW       shift, and go to state 7
    CHAR_KW          shift, and go to state 8
    AKULAD_BASTE_KW  shift, and go to state 34
    CONSTANT_KW      shift, and go to state 35

    tarifhayeMahalli         go to state 36
    tarifeMoteghayyerMahdud  go to state 37
    jenseMahdud              go to state 38
    jens                     go to state 39


state 25

   28 tarifeTabe: SHENASE PARANTHESIS_BAZ_KW PARANTHESIS_BASTE_KW . jomle

    FLOAT_KW            shift, and go to state 40
    AKULAD_BAZ_KW       shift, and go to state 41
    BREAK_KW            shift, and go to state 42
    RETURN_KW           shift, and go to state 43
    IF_KW               shift, and go to state 44
    WHILE_KW            shift, and go to state 45
    NOGHTE_VIRGUL       shift, and go to state 46
    ADAD                shift, and go to state 47
    SHENASE             shift, and go to state 48
    HARFE_SABET         shift, and go to state 49
    KEY_KW              shift, and go to state 50
    MULTIPLY_KW         shift, and go to state 51
    PARANTHESIS_BAZ_KW  shift, and go to state 52
    TRUE_KW             shift, and go to state 53
    QUESTION_KW         shift, and go to state 54
    FALSE_KW            shift, and go to state 55
    MINUS_KW            shift, and go to state 56

    jomle                 go to state 57
    jomleyeMorakkab       go to state 58
    jomleyeEbarat         go to state 59
    jomleyeEntekhab       go to state 60
    jomleyeTekrar         go to state 61
    jomleyeBazgasht       go to state 62
    jomleyeShekast        go to state 63
    ebarat                go to state 64
    ebarateSade           go to state 65
    ebarateRabetei        go to state 66
    ebarateRiaziManteghi  go to state 67
    ebarateYegani         go to state 68
    amalgareYegani        go to state 69
    amel                  go to state 70
    taghirpazir           go to state 71
    taghirnapazir         go to state 72
    sedaZadan             go to state 73
    meghdareSabet         go to state 74


state 26

   31 jensVorudiha: jens . shenaseyeVorudiha

    SHENASE  shift, and go to state 75

    shenaseyeVorudiha  go to state 76
    shenaseyeVorudi    go to state 77


state 27

   27 tarifeTabe: SHENASE PARANTHESIS_BAZ_KW vorudiha . PARANTHESIS_BASTE_KW jomle
   29 vorudiha: vorudiha . NOGHTE_VIRGUL jensVorudiha

    NOGHTE_VIRGUL         shift, and go to state 78
    PARANTHESIS_BASTE_KW  shift, and go to state 79


state 28

   30 vorudiha: jensVorudiha .

    $default  reduce using rule 30 (vorudiha)


state 29

   24 tarifeShenaseMoteghayer: SHENASE BRACKET_BAZ_KW . ADAD BRACKET_BASTE_KW

    ADAD  shift, and go to state 80


state 30

   25 tarifeTabe: jens SHENASE PARANTHESIS_BAZ_KW . vorudiha PARANTHESIS_BASTE_KW jomle
   26           | jens SHENASE PARANTHESIS_BAZ_KW . PARANTHESIS_BASTE_KW jomle

    FLOAT_KW              shift, and go to state 5
    INT_KW                shift, and go to state 6
    BOOLEAN_KW            shift, and go to state 7
    CHAR_KW               shift, and go to state 8
    PARANTHESIS_BASTE_KW  shift, and go to state 81

    jens          go to state 26
    vorudiha      go to state 82
    jensVorudiha  go to state 28


state 31

   20 tarifhayeMoteghayyerha: tarifhayeMoteghayyerha COMMA . tarifeMeghdareAvalie

    SHENASE  shift, and go to state 83

    tarifeMeghdareAvalie     go to state 84
    tarifeShenaseMoteghayer  go to state 23


state 32

   18 tarifeMoteghayyer: jens tarifhayeMoteghayyerha NOGHTE_VIRGUL .

    $default  reduce using rule 18 (tarifeMoteghayyer)


state 33

   22 tarifeMeghdareAvalie: tarifeShenaseMoteghayer EQUAL_KW . ebarateSade

    FLOAT_KW            shift, and go to state 40
    ADAD                shift, and go to state 47
    SHENASE             shift, and go to state 48
    HARFE_SABET         shift, and go to state 49
    MULTIPLY_KW         shift, and go to state 51
    PARANTHESIS_BAZ_KW  shift, and go to state 52
    TRUE_KW             shift, and go to state 53
    QUESTION_KW         shift, and go to state 54
    FALSE_KW            shift, and go to state 55
    MINUS_KW            shift, and go to state 56

    ebarateSade           go to state 85
    ebarateRabetei        go to state 66
    ebarateRiaziManteghi  go to state 67
    ebarateYegani         go to state 68
    amalgareYegani        go to state 69
    amel                  go to state 70
    taghirpazir           go to state 86
    taghirnapazir         go to state 72
    sedaZadan             go to state 73
    meghdareSabet         go to state 74


state 34

    8 tarifeSakhtar: STRUCT_KW SHENASE AKULAD_BAZ_KW AKULAD_BASTE_KW .

    $default  reduce using rule 8 (tarifeSakhtar)


state 35

   12 jenseMahdud: CONSTANT_KW . jens

    FLOAT_KW    shift, and go to state 5
    INT_KW      shift, and go to state 6
    BOOLEAN_KW  shift, and go to state 7
    CHAR_KW     shift, and go to state 8

    jens  go to state 87


state 36

    7 tarifeSakhtar: STRUCT_KW SHENASE AKULAD_BAZ_KW tarifhayeMahalli . AKULAD_BASTE_KW
    9 tarifhayeMahalli: tarifhayeMahalli . tarifeMoteghayyerMahdud

    FLOAT_KW         shift, and go to state 5
    INT_KW           shift, and go to state 6
    BOOLEAN_KW       shift, and go to state 7
    CHAR_KW          shift, and go to state 8
    AKULAD_BASTE_KW  shift, and go to state 88
    CONSTANT_KW      shift, and go to state 35

    tarifeMoteghayyerMahdud  go to state 89
    jenseMahdud              go to state 38
    jens                     go to state 39


state 37

   10 tarifhayeMahalli: tarifeMoteghayyerMahdud .

    $default  reduce using rule 10 (tarifhayeMahalli)


state 38

   11 tarifeMoteghayyerMahdud: jenseMahdud . tarifhayeMoteghayyerha NOGHTE_VIRGUL

    SHENASE  shift, and go to state 83

    tarifhayeMoteghayyerha   go to state 90
    tarifeMeghdareAvalie     go to state 22
    tarifeShenaseMoteghayer  go to state 23


state 39

   13 jenseMahdud: jens .

    $default  reduce using rule 13 (jenseMahdud)


state 40

  106 meghdareSabet: FLOAT_KW .

    $default  reduce using rule 106 (meghdareSabet)


state 41

   42 jomleyeMorakkab: AKULAD_BAZ_KW . tarifhayeMahalli jomleha AKULAD_BASTE_KW
   43                | AKULAD_BAZ_KW . tarifhayeMahalli AKULAD_BASTE_KW
   44                | AKULAD_BAZ_KW . jomleha AKULAD_BASTE_KW
   45                | AKULAD_BAZ_KW . AKULAD_BASTE_KW

    FLOAT_KW            shift, and go to state 91
    INT_KW              shift, and go to state 6
    BOOLEAN_KW          shift, and go to state 7
    CHAR_KW             shift, and go to state 8
    AKULAD_BAZ_KW       shift, and go to state 41
    AKULAD_BASTE_KW     shift, and go to state 92
    BREAK_KW            shift, and go to state 42
    RETURN_KW           shift, and go to state 43
    CONSTANT_KW         shift, and go to state 35
    IF_KW               shift, and go to state 44
    WHILE_KW            shift, and go to state 45
    NOGHTE_VIRGUL       shift, and go to state 46
    ADAD                shift, and go to state 47
    SHENASE             shift, and go to state 48
    HARFE_SABET         shift, and go to state 49
    KEY_KW              shift, and go to state 50
    MULTIPLY_KW         shift, and go to state 51
    PARANTHESIS_BAZ_KW  shift, and go to state 52
    TRUE_KW             shift, and go to state 53
    QUESTION_KW         shift, and go to state 54
    FALSE_KW            shift, and go to state 55
    MINUS_KW            shift, and go to state 56

    tarifhayeMahalli         go to state 93
    tarifeMoteghayyerMahdud  go to state 37
    jenseMahdud              go to state 38
    jens                     go to state 39
    jomle                    go to state 94
    jomleyeMorakkab          go to state 58
    jomleha                  go to state 95
    jomleyeEbarat            go to state 59
    jomleyeEntekhab          go to state 60
    jomleyeTekrar            go to state 61
    jomleyeBazgasht          go to state 62
    jomleyeShekast           go to state 63
    ebarat                   go to state 64
    ebarateSade              go to state 65
    ebarateRabetei           go to state 66
    ebarateRiaziManteghi     go to state 67
    ebarateYegani            go to state 68
    amalgareYegani           go to state 69
    amel                     go to state 70
    taghirpazir              go to state 71
    taghirnapazir            go to state 72
    sedaZadan                go to state 73
    meghdareSabet            go to state 74


state 42

   60 jomleyeShekast: BREAK_KW . NOGHTE_VIRGUL

    NOGHTE_VIRGUL  shift, and go to state 96


state 43

   58 jomleyeBazgasht: RETURN_KW . NOGHTE_VIRGUL
   59                | RETURN_KW . ebarat NOGHTE_VIRGUL

    FLOAT_KW            shift, and go to state 40
    NOGHTE_VIRGUL       shift, and go to state 97
    ADAD                shift, and go to state 47
    SHENASE             shift, and go to state 48
    HARFE_SABET         shift, and go to state 49
    MULTIPLY_KW         shift, and go to state 51
    PARANTHESIS_BAZ_KW  shift, and go to state 52
    TRUE_KW             shift, and go to state 53
    QUESTION_KW         shift, and go to state 54
    FALSE_KW            shift, and go to state 55
    MINUS_KW            shift, and go to state 56

    ebarat                go to state 98
    ebarateSade           go to state 65
    ebarateRabetei        go to state 66
    ebarateRiaziManteghi  go to state 67
    ebarateYegani         go to state 68
    amalgareYegani        go to state 69
    amel                  go to state 70
    taghirpazir           go to state 71
    taghirnapazir         go to state 72
    sedaZadan             go to state 73
    meghdareSabet         go to state 74


state 44

   50 jomleyeEntekhab: IF_KW . ebarateSade THEN_KW jomle
   51                | IF_KW . ebarateSade THEN_KW jomle ELSE_KW jomle

    FLOAT_KW            shift, and go to state 40
    ADAD                shift, and go to state 47
    SHENASE             shift, and go to state 48
    HARFE_SABET         shift, and go to state 49
    MULTIPLY_KW         shift, and go to state 51
    PARANTHESIS_BAZ_KW  shift, and go to state 52
    TRUE_KW             shift, and go to state 53
    QUESTION_KW         shift, and go to state 54
    FALSE_KW            shift, and go to state 55
    MINUS_KW            shift, and go to state 56

    ebarateSade           go to state 99
    ebarateRabetei        go to state 66
    ebarateRiaziManteghi  go to state 67
    ebarateYegani         go to state 68
    amalgareYegani        go to state 69
    amel                  go to state 70
    taghirpazir           go to state 86
    taghirnapazir         go to state 72
    sedaZadan             go to state 73
    meghdareSabet         go to state 74


state 45

   57 jomleyeTekrar: WHILE_KW . PARANTHESIS_BAZ_KW ebarateSade PARANTHESIS_BASTE_KW jomle

    PARANTHESIS_BAZ_KW  shift, and go to state 100


state 46

   49 jomleyeEbarat: NOGHTE_VIRGUL .

    $default  reduce using rule 49 (jomleyeEbarat)


state 47

  105 meghdareSabet: ADAD .

    $default  reduce using rule 105 (meghdareSabet)


state 48

   95 taghirpazir: SHENASE .
  101 sedaZadan: SHENASE . PARANTHESIS_BAZ_KW bordareVorudiha PARANTHESIS_BASTE_KW
  102          | SHENASE . PARANTHESIS_BAZ_KW PARANTHESIS_BASTE_KW

    PARANTHESIS_BAZ_KW  shift, and go to state 101

    $default  reduce using rule 95 (taghirpazir)


state 49

  107 meghdareSabet: HARFE_SABET .

    $default  reduce using rule 107 (meghdareSabet)


state 50

   52 jomleyeEntekhab: KEY_KW . PARANTHESIS_BAZ_KW ebarateSade PARANTHESIS_BASTE_KW onsoreHalat onsorePishfarz END_KW
   53                | KEY_KW . PARANTHESIS_BAZ_KW ebarateSade PARANTHESIS_BASTE_KW onsoreHalat END_KW

    PARANTHESIS_BAZ_KW  shift, and go to state 102


state 51

   91 amalgareYegani: MULTIPLY_KW .

    $default  reduce using rule 91 (amalgareYegani)


state 52

   98 taghirnapazir: PARANTHESIS_BAZ_KW . ebarat PARANTHESIS_BASTE_KW

    FLOAT_KW            shift, and go to state 40
    ADAD                shift, and go to state 47
    SHENASE             shift, and go to state 48
    HARFE_SABET         shift, and go to state 49
    MULTIPLY_KW         shift, and go to state 51
    PARANTHESIS_BAZ_KW  shift, and go to state 52
    TRUE_KW             shift, and go to state 53
    QUESTION_KW         shift, and go to state 54
    FALSE_KW            shift, and go to state 55
    MINUS_KW            shift, and go to state 56

    ebarat                go to state 103
    ebarateSade           go to state 65
    ebarateRabetei        go to state 66
    ebarateRiaziManteghi  go to state 67
    ebarateYegani         go to state 68
    amalgareYegani        go to state 69
    amel                  go to state 70
    taghirpazir           go to state 71
    taghirnapazir         go to state 72
    sedaZadan             go to state 73
    meghdareSabet         go to state 74


state 53

  108 meghdareSabet: TRUE_KW .

    $default  reduce using rule 108 (meghdareSabet)


state 54

   92 amalgareYegani: QUESTION_KW .

    $default  reduce using rule 92 (amalgareYegani)


state 55

  109 meghdareSabet: FALSE_KW .

    $default  reduce using rule 109 (meghdareSabet)


state 56

   90 amalgareYegani: MINUS_KW .

    $default  reduce using rule 90 (amalgareYegani)


state 57

   28 tarifeTabe: SHENASE PARANTHESIS_BAZ_KW PARANTHESIS_BASTE_KW jomle .

    $default  reduce using rule 28 (tarifeTabe)


state 58

   36 jomle: jomleyeMorakkab .

    $default  reduce using rule 36 (jomle)


state 59

   37 jomle: jomleyeEbarat .

    $default  reduce using rule 37 (jomle)


state 60

   38 jomle: jomleyeEntekhab .

    $default  reduce using rule 38 (jomle)


state 61

   39 jomle: jomleyeTekrar .

    $default  reduce using rule 39 (jomle)


state 62

   40 jomle: jomleyeBazgasht .

    $default  reduce using rule 40 (jomle)


state 63

   41 jomle: jomleyeShekast .

    $default  reduce using rule 41 (jomle)


state 64

   48 jomleyeEbarat: ebarat . NOGHTE_VIRGUL

    NOGHTE_VIRGUL  shift, and go to state 104


state 65

   68 ebarat: ebarateSade .
   69 ebarateSade: ebarateSade . OR_KW ebarateSade
   70            | ebarateSade . AND_KW ebarateSade
   71            | ebarateSade . OR_ELSE_KW ebarateSade
   72            | ebarateSade . AND_THEN_KW ebarateSade
   73            | ebarateSade . NOT_KW ebarateSade

    AND_KW       shift, and go to state 105
    OR_KW        shift, and go to state 106
    NOT_KW       shift, and go to state 107
    OR_ELSE_KW   shift, and go to state 108
    AND_THEN_KW  shift, and go to state 109

    $default  reduce using rule 68 (ebarat)


state 66

   74 ebarateSade: ebarateRabetei .

    $default  reduce using rule 74 (ebarateSade)


state 67

   75 ebarateRabetei: ebarateRiaziManteghi .
   76               | ebarateRiaziManteghi . amalgareRabetei ebarateRiaziManteghi
   83 ebarateRiaziManteghi: ebarateRiaziManteghi . ADD_KW ebarateRiaziManteghi
   84                     | ebarateRiaziManteghi . MINUS_KW ebarateRiaziManteghi
   85                     | ebarateRiaziManteghi . MULTIPLY_KW ebarateRiaziManteghi
   86                     | ebarateRiaziManteghi . DEVIDE_KW ebarateRiaziManteghi
   87                     | ebarateRiaziManteghi . MOD_KW ebarateRiaziManteghi

    ADD_KW          shift, and go to state 110
    MORE_THAN_KW    shift, and go to state 111
    MULTIPLY_KW     shift, and go to state 112
    EQUAL_EQUAL_KW  shift, and go to state 113
    DEVIDE_KW       shift, and go to state 114
    MINUS_KW        shift, and go to state 115
    LESS_EQUAL_KW   shift, and go to state 116
    MOD_KW          shift, and go to state 117
    LESS_THAN_KW    shift, and go to state 118
    MORE_EQUAL_KW   shift, and go to state 119

    $default  reduce using rule 75 (ebarateRabetei)

    amalgareRabetei  go to state 120


state 68

   82 ebarateRiaziManteghi: ebarateYegani .

    $default  reduce using rule 82 (ebarateRiaziManteghi)


state 69

   88 ebarateYegani: amalgareYegani . ebarateYegani

    FLOAT_KW            shift, and go to state 40
    ADAD                shift, and go to state 47
    SHENASE             shift, and go to state 48
    HARFE_SABET         shift, and go to state 49
    MULTIPLY_KW         shift, and go to state 51
    PARANTHESIS_BAZ_KW  shift, and go to state 52
    TRUE_KW             shift, and go to state 53
    QUESTION_KW         shift, and go to state 54
    FALSE_KW            shift, and go to state 55
    MINUS_KW            shift, and go to state 56

    ebarateYegani   go to state 121
    amalgareYegani  go to state 69
    amel            go to state 70
    taghirpazir     go to state 86
    taghirnapazir   go to state 72
    sedaZadan       go to state 73
    meghdareSabet   go to state 74


state 70

   89 ebarateYegani: amel .

    $default  reduce using rule 89 (ebarateYegani)


state 71

   61 ebarat: taghirpazir . EQUAL_KW ebarat
   62       | taghirpazir . PLUS_EQUAL_KW ebarat
   63       | taghirpazir . MINUS_EQUAL_KW ebarat
   64       | taghirpazir . MULTIPLY_EQUAL_KW ebarat
   65       | taghirpazir . DEVIDE_EQUAL_KW ebarat
   66       | taghirpazir . PLUS_PLUS_KW
   67       | taghirpazir . MINUS_MINUS_KW
   93 amel: taghirpazir .
   96 taghirpazir: taghirpazir . BRACKET_BAZ_KW ebarat BRACKET_BASTE_KW
   97            | taghirpazir . NOGHTE_KW SHENASE

    NOGHTE_KW          shift, and go to state 122
    BRACKET_BAZ_KW     shift, and go to state 123
    EQUAL_KW           shift, and go to state 124
    PLUS_EQUAL_KW      shift, and go to state 125
    PLUS_PLUS_KW       shift, and go to state 126
    MINUS_MINUS_KW     shift, and go to state 127
    MINUS_EQUAL_KW     shift, and go to state 128
    MULTIPLY_EQUAL_KW  shift, and go to state 129
    DEVIDE_EQUAL_KW    shift, and go to state 130

    $default  reduce using rule 93 (amel)


state 72

   94 amel: taghirnapazir .

    $default  reduce using rule 94 (amel)


state 73

   99 taghirnapazir: sedaZadan .

    $default  reduce using rule 99 (taghirnapazir)


state 74

  100 taghirnapazir: meghdareSabet .

    $default  reduce using rule 100 (taghirnapazir)


state 75

   34 shenaseyeVorudi: SHENASE .
   35                | SHENASE . BRACKET_BAZ_KW BRACKET_BASTE_KW

    BRACKET_BAZ_KW  shift, and go to state 131

    $default  reduce using rule 34 (shenaseyeVorudi)


state 76

   31 jensVorudiha: jens shenaseyeVorudiha .
   32 shenaseyeVorudiha: shenaseyeVorudiha . COMMA shenaseyeVorudi

    COMMA  shift, and go to state 132

    $default  reduce using rule 31 (jensVorudiha)


state 77

   33 shenaseyeVorudiha: shenaseyeVorudi .

    $default  reduce using rule 33 (shenaseyeVorudiha)


state 78

   29 vorudiha: vorudiha NOGHTE_VIRGUL . jensVorudiha

    FLOAT_KW    shift, and go to state 5
    INT_KW      shift, and go to state 6
    BOOLEAN_KW  shift, and go to state 7
    CHAR_KW     shift, and go to state 8

    jens          go to state 26
    jensVorudiha  go to state 133


state 79

   27 tarifeTabe: SHENASE PARANTHESIS_BAZ_KW vorudiha PARANTHESIS_BASTE_KW . jomle

    FLOAT_KW            shift, and go to state 40
    AKULAD_BAZ_KW       shift, and go to state 41
    BREAK_KW            shift, and go to state 42
    RETURN_KW           shift, and go to state 43
    IF_KW               shift, and go to state 44
    WHILE_KW            shift, and go to state 45
    NOGHTE_VIRGUL       shift, and go to state 46
    ADAD                shift, and go to state 47
    SHENASE             shift, and go to state 48
    HARFE_SABET         shift, and go to state 49
    KEY_KW              shift, and go to state 50
    MULTIPLY_KW         shift, and go to state 51
    PARANTHESIS_BAZ_KW  shift, and go to state 52
    TRUE_KW             shift, and go to state 53
    QUESTION_KW         shift, and go to state 54
    FALSE_KW            shift, and go to state 55
    MINUS_KW            shift, and go to state 56

    jomle                 go to state 134
    jomleyeMorakkab       go to state 58
    jomleyeEbarat         go to state 59
    jomleyeEntekhab       go to state 60
    jomleyeTekrar         go to state 61
    jomleyeBazgasht       go to state 62
    jomleyeShekast        go to state 63
    ebarat                go to state 64
    ebarateSade           go to state 65
    ebarateRabetei        go to state 66
    ebarateRiaziManteghi  go to state 67
    ebarateYegani         go to state 68
    amalgareYegani        go to state 69
    amel                  go to state 70
    taghirpazir           go to state 71
    taghirnapazir         go to state 72
    sedaZadan             go to state 73
    meghdareSabet         go to state 74


state 80

   24 tarifeShenaseMoteghayer: SHENASE BRACKET_BAZ_KW ADAD . BRACKET_BASTE_KW

    BRACKET_BASTE_KW  shift, and go to state 135


state 81

   26 tarifeTabe: jens SHENASE PARANTHESIS_BAZ_KW PARANTHESIS_BASTE_KW . jomle

    FLOAT_KW            shift, and go to state 40
    AKULAD_BAZ_KW       shift, and go to state 41
    BREAK_KW            shift, and go to state 42
    RETURN_KW           shift, and go to state 43
    IF_KW               shift, and go to state 44
    WHILE_KW            shift, and go to state 45
    NOGHTE_VIRGUL       shift, and go to state 46
    ADAD                shift, and go to state 47
    SHENASE             shift, and go to state 48
    HARFE_SABET         shift, and go to state 49
    KEY_KW              shift, and go to state 50
    MULTIPLY_KW         shift, and go to state 51
    PARANTHESIS_BAZ_KW  shift, and go to state 52
    TRUE_KW             shift, and go to state 53
    QUESTION_KW         shift, and go to state 54
    FALSE_KW            shift, and go to state 55
    MINUS_KW            shift, and go to state 56

    jomle                 go to state 136
    jomleyeMorakkab       go to state 58
    jomleyeEbarat         go to state 59
    jomleyeEntekhab       go to state 60
    jomleyeTekrar         go to state 61
    jomleyeBazgasht       go to state 62
    jomleyeShekast        go to state 63
    ebarat                go to state 64
    ebarateSade           go to state 65
    ebarateRabetei        go to state 66
    ebarateRiaziManteghi  go to state 67
    ebarateYegani         go to state 68
    amalgareYegani        go to state 69
    amel                  go to state 70
    taghirpazir           go to state 71
    taghirnapazir         go to state 72
    sedaZadan             go to state 73
    meghdareSabet         go to state 74


state 82

   25 tarifeTabe: jens SHENASE PARANTHESIS_BAZ_KW vorudiha . PARANTHESIS_BASTE_KW jomle
   29 vorudiha: vorudiha . NOGHTE_VIRGUL jensVorudiha

    NOGHTE_VIRGUL         shift, and go to state 78
    PARANTHESIS_BASTE_KW  shift, and go to state 137


state 83

   23 tarifeShenaseMoteghayer: SHENASE .
   24                        | SHENASE . BRACKET_BAZ_KW ADAD BRACKET_BASTE_KW

    BRACKET_BAZ_KW  shift, and go to state 29

    $default  reduce using rule 23 (tarifeShenaseMoteghayer)


state 84

   20 tarifhayeMoteghayyerha: tarifhayeMoteghayyerha COMMA tarifeMeghdareAvalie .

    $default  reduce using rule 20 (tarifhayeMoteghayyerha)


state 85

   22 tarifeMeghdareAvalie: tarifeShenaseMoteghayer EQUAL_KW ebarateSade .
   69 ebarateSade: ebarateSade . OR_KW ebarateSade
   70            | ebarateSade . AND_KW ebarateSade
   71            | ebarateSade . OR_ELSE_KW ebarateSade
   72            | ebarateSade . AND_THEN_KW ebarateSade
   73            | ebarateSade . NOT_KW ebarateSade

    AND_KW       shift, and go to state 105
    OR_KW        shift, and go to state 106
    NOT_KW       shift, and go to state 107
    OR_ELSE_KW   shift, and go to state 108
    AND_THEN_KW  shift, and go to state 109

    $default  reduce using rule 22 (tarifeMeghdareAvalie)


state 86

   93 amel: taghirpazir .
   96 taghirpazir: taghirpazir . BRACKET_BAZ_KW ebarat BRACKET_BASTE_KW
   97            | taghirpazir . NOGHTE_KW SHENASE

    NOGHTE_KW       shift, and go to state 122
    BRACKET_BAZ_KW  shift, and go to state 123

    $default  reduce using rule 93 (amel)


state 87

   12 jenseMahdud: CONSTANT_KW jens .

    $default  reduce using rule 12 (jenseMahdud)


state 88

    7 tarifeSakhtar: STRUCT_KW SHENASE AKULAD_BAZ_KW tarifhayeMahalli AKULAD_BASTE_KW .

    $default  reduce using rule 7 (tarifeSakhtar)


state 89

    9 tarifhayeMahalli: tarifhayeMahalli tarifeMoteghayyerMahdud .

    $default  reduce using rule 9 (tarifhayeMahalli)


state 90

   11 tarifeMoteghayyerMahdud: jenseMahdud tarifhayeMoteghayyerha . NOGHTE_VIRGUL
   20 tarifhayeMoteghayyerha: tarifhayeMoteghayyerha . COMMA tarifeMeghdareAvalie

    COMMA          shift, and go to state 31
    NOGHTE_VIRGUL  shift, and go to state 138


state 91

   15 jens: FLOAT_KW .
  106 meghdareSabet: FLOAT_KW .

    SHENASE   reduce using rule 15 (jens)
    $default  reduce using rule 106 (meghdareSabet)


state 92

   45 jomleyeMorakkab: AKULAD_BAZ_KW AKULAD_BASTE_KW .

    $default  reduce using rule 45 (jomleyeMorakkab)


state 93

    9 tarifhayeMahalli: tarifhayeMahalli . tarifeMoteghayyerMahdud
   42 jomleyeMorakkab: AKULAD_BAZ_KW tarifhayeMahalli . jomleha AKULAD_BASTE_KW
   43                | AKULAD_BAZ_KW tarifhayeMahalli . AKULAD_BASTE_KW

    FLOAT_KW            shift, and go to state 91
    INT_KW              shift, and go to state 6
    BOOLEAN_KW          shift, and go to state 7
    CHAR_KW             shift, and go to state 8
    AKULAD_BAZ_KW       shift, and go to state 41
    AKULAD_BASTE_KW     shift, and go to state 139
    BREAK_KW            shift, and go to state 42
    RETURN_KW           shift, and go to state 43
    CONSTANT_KW         shift, and go to state 35
    IF_KW               shift, and go to state 44
    WHILE_KW            shift, and go to state 45
    NOGHTE_VIRGUL       shift, and go to state 46
    ADAD                shift, and go to state 47
    SHENASE             shift, and go to state 48
    HARFE_SABET         shift, and go to state 49
    KEY_KW              shift, and go to state 50
    MULTIPLY_KW         shift, and go to state 51
    PARANTHESIS_BAZ_KW  shift, and go to state 52
    TRUE_KW             shift, and go to state 53
    QUESTION_KW         shift, and go to state 54
    FALSE_KW            shift, and go to state 55
    MINUS_KW            shift, and go to state 56

    tarifeMoteghayyerMahdud  go to state 89
    jenseMahdud              go to state 38
    jens                     go to state 39
    jomle                    go to state 94
    jomleyeMorakkab          go to state 58
    jomleha                  go to state 140
    jomleyeEbarat            go to state 59
    jomleyeEntekhab          go to state 60
    jomleyeTekrar            go to state 61
    jomleyeBazgasht          go to state 62
    jomleyeShekast           go to state 63
    ebarat                   go to state 64
    ebarateSade              go to state 65
    ebarateRabetei           go to state 66
    ebarateRiaziManteghi     go to state 67
    ebarateYegani            go to state 68
    amalgareYegani           go to state 69
    amel                     go to state 70
    taghirpazir              go to state 71
    taghirnapazir            go to state 72
    sedaZadan                go to state 73
    meghdareSabet            go to state 74


state 94

   47 jomleha: jomle .

    $default  reduce using rule 47 (jomleha)


state 95

   44 jomleyeMorakkab: AKULAD_BAZ_KW jomleha . AKULAD_BASTE_KW
   46 jomleha: jomleha . jomle

    FLOAT_KW            shift, and go to state 40
    AKULAD_BAZ_KW       shift, and go to state 41
    AKULAD_BASTE_KW     shift, and go to state 141
    BREAK_KW            shift, and go to state 42
    RETURN_KW           shift, and go to state 43
    IF_KW               shift, and go to state 44
    WHILE_KW            shift, and go to state 45
    NOGHTE_VIRGUL       shift, and go to state 46
    ADAD                shift, and go to state 47
    SHENASE             shift, and go to state 48
    HARFE_SABET         shift, and go to state 49
    KEY_KW              shift, and go to state 50
    MULTIPLY_KW         shift, and go to state 51
    PARANTHESIS_BAZ_KW  shift, and go to state 52
    TRUE_KW             shift, and go to state 53
    QUESTION_KW         shift, and go to state 54
    FALSE_KW            shift, and go to state 55
    MINUS_KW            shift, and go to state 56

    jomle                 go to state 142
    jomleyeMorakkab       go to state 58
    jomleyeEbarat         go to state 59
    jomleyeEntekhab       go to state 60
    jomleyeTekrar         go to state 61
    jomleyeBazgasht       go to state 62
    jomleyeShekast        go to state 63
    ebarat                go to state 64
    ebarateSade           go to state 65
    ebarateRabetei        go to state 66
    ebarateRiaziManteghi  go to state 67
    ebarateYegani         go to state 68
    amalgareYegani        go to state 69
    amel                  go to state 70
    taghirpazir           go to state 71
    taghirnapazir         go to state 72
    sedaZadan             go to state 73
    meghdareSabet         go to state 74


state 96

   60 jomleyeShekast: BREAK_KW NOGHTE_VIRGUL .

    $default  reduce using rule 60 (jomleyeShekast)


state 97

   58 jomleyeBazgasht: RETURN_KW NOGHTE_VIRGUL .

    $default  reduce using rule 58 (jomleyeBazgasht)


state 98

   59 jomleyeBazgasht: RETURN_KW ebarat . NOGHTE_VIRGUL

    NOGHTE_VIRGUL  shift, and go to state 143


state 99

   50 jomleyeEntekhab: IF_KW ebarateSade . THEN_KW jomle
   51                | IF_KW ebarateSade . THEN_KW jomle ELSE_KW jomle
   69 ebarateSade: ebarateSade . OR_KW ebarateSade
   70            | ebarateSade . AND_KW ebarateSade
   71            | ebarateSade . OR_ELSE_KW ebarateSade
   72            | ebarateSade . AND_THEN_KW ebarateSade
   73            | ebarateSade . NOT_KW ebarateSade

    THEN_KW      shift, and go to state 144
    AND_KW       shift, and go to state 105
    OR_KW        shift, and go to state 106
    NOT_KW       shift, and go to state 107
    OR_ELSE_KW   shift, and go to state 108
    AND_THEN_KW  shift, and go to state 109


state 100

   57 jomleyeTekrar: WHILE_KW PARANTHESIS_BAZ_KW . ebarateSade PARANTHESIS_BASTE_KW jomle

    FLOAT_KW            shift, and go to state 40
    ADAD                shift, and go to state 47
    SHENASE             shift, and go to state 48
    HARFE_SABET         shift, and go to state 49
    MULTIPLY_KW         shift, and go to state 51
    PARANTHESIS_BAZ_KW  shift, and go to state 52
    TRUE_KW             shift, and go to state 53
    QUESTION_KW         shift, and go to state 54
    FALSE_KW            shift, and go to state 55
    MINUS_KW            shift, and go to state 56

    ebarateSade           go to state 145
    ebarateRabetei        go to state 66
    ebarateRiaziManteghi  go to state 67
    ebarateYegani         go to state 68
    amalgareYegani        go to state 69
    amel                  go to state 70
    taghirpazir           go to state 86
    taghirnapazir         go to state 72
    sedaZadan             go to state 73
    meghdareSabet         go to state 74


state 101

  101 sedaZadan: SHENASE PARANTHESIS_BAZ_KW . bordareVorudiha PARANTHESIS_BASTE_KW
  102          | SHENASE PARANTHESIS_BAZ_KW . PARANTHESIS_BASTE_KW

    FLOAT_KW              shift, and go to state 40
    ADAD                  shift, and go to state 47
    SHENASE               shift, and go to state 48
    HARFE_SABET           shift, and go to state 49
    MULTIPLY_KW           shift, and go to state 51
    PARANTHESIS_BASTE_KW  shift, and go to state 146
    PARANTHESIS_BAZ_KW    shift, and go to state 52
    TRUE_KW               shift, and go to state 53
    QUESTION_KW           shift, and go to state 54
    FALSE_KW              shift, and go to state 55
    MINUS_KW              shift, and go to state 56

    ebarat                go to state 147
    ebarateSade           go to state 65
    ebarateRabetei        go to state 66
    ebarateRiaziManteghi  go to state 67
    ebarateYegani         go to state 68
    amalgareYegani        go to state 69
    amel                  go to state 70
    taghirpazir           go to state 71
    taghirnapazir         go to state 72
    sedaZadan             go to state 73
    bordareVorudiha       go to state 148
    meghdareSabet         go to state 74


state 102

   52 jomleyeEntekhab: KEY_KW PARANTHESIS_BAZ_KW . ebarateSade PARANTHESIS_BASTE_KW onsoreHalat onsorePishfarz END_KW
   53                | KEY_KW PARANTHESIS_BAZ_KW . ebarateSade PARANTHESIS_BASTE_KW onsoreHalat END_KW

    FLOAT_KW            shift, and go to state 40
    ADAD                shift, and go to state 47
    SHENASE             shift, and go to state 48
    HARFE_SABET         shift, and go to state 49
    MULTIPLY_KW         shift, and go to state 51
    PARANTHESIS_BAZ_KW  shift, and go to state 52
    TRUE_KW             shift, and go to state 53
    QUESTION_KW         shift, and go to state 54
    FALSE_KW            shift, and go to state 55
    MINUS_KW            shift, and go to state 56

    ebarateSade           go to state 149
    ebarateRabetei        go to state 66
    ebarateRiaziManteghi  go to state 67
    ebarateYegani         go to state 68
    amalgareYegani        go to state 69
    amel                  go to state 70
    taghirpazir           go to state 86
    taghirnapazir         go to state 72
    sedaZadan             go to state 73
    meghdareSabet         go to state 74


state 103

   98 taghirnapazir: PARANTHESIS_BAZ_KW ebarat . PARANTHESIS_BASTE_KW

    PARANTHESIS_BASTE_KW  shift, and go to state 150


state 104

   48 jomleyeEbarat: ebarat NOGHTE_VIRGUL .

    $default  reduce using rule 48 (jomleyeEbarat)


state 105

   70 ebarateSade: ebarateSade AND_KW . ebarateSade

    FLOAT_KW            shift, and go to state 40
    ADAD                shift, and go to state 47
    SHENASE             shift, and go to state 48
    HARFE_SABET         shift, and go to state 49
    MULTIPLY_KW         shift, and go to state 51
    PARANTHESIS_BAZ_KW  shift, and go to state 52
    TRUE_KW             shift, and go to state 53
    QUESTION_KW         shift, and go to state 54
    FALSE_KW            shift, and go to state 55
    MINUS_KW            shift, and go to state 56

    ebarateSade           go to state 151
    ebarateRabetei        go to state 66
    ebarateRiaziManteghi  go to state 67
    ebarateYegani         go to state 68
    amalgareYegani        go to state 69
    amel                  go to state 70
    taghirpazir           go to state 86
    taghirnapazir         go to state 72
    sedaZadan             go to state 73
    meghdareSabet         go to state 74


state 106

   69 ebarateSade: ebarateSade OR_KW . ebarateSade

    FLOAT_KW            shift, and go to state 40
    ADAD                shift, and go to state 47
    SHENASE             shift, and go to state 48
    HARFE_SABET         shift, and go to state 49
    MULTIPLY_KW         shift, and go to state 51
    PARANTHESIS_BAZ_KW  shift, and go to state 52
    TRUE_KW             shift, and go to state 53
    QUESTION_KW         shift, and go to state 54
    FALSE_KW            shift, and go to state 55
    MINUS_KW            shift, and go to state 56

    ebarateSade           go to state 152
    ebarateRabetei        go to state 66
    ebarateRiaziManteghi  go to state 67
    ebarateYegani         go to state 68
    amalgareYegani        go to state 69
    amel                  go to state 70
    taghirpazir           go to state 86
    taghirnapazir         go to state 72
    sedaZadan             go to state 73
    meghdareSabet         go to state 74


state 107

   73 ebarateSade: ebarateSade NOT_KW . ebarateSade

    FLOAT_KW            shift, and go to state 40
    ADAD                shift, and go to state 47
    SHENASE             shift, and go to state 48
    HARFE_SABET         shift, and go to state 49
    MULTIPLY_KW         shift, and go to state 51
    PARANTHESIS_BAZ_KW  shift, and go to state 52
    TRUE_KW             shift, and go to state 53
    QUESTION_KW         shift, and go to state 54
    FALSE_KW            shift, and go to state 55
    MINUS_KW            shift, and go to state 56

    ebarateSade           go to state 153
    ebarateRabetei        go to state 66
    ebarateRiaziManteghi  go to state 67
    ebarateYegani         go to state 68
    amalgareYegani        go to state 69
    amel                  go to state 70
    taghirpazir           go to state 86
    taghirnapazir         go to state 72
    sedaZadan             go to state 73
    meghdareSabet         go to state 74


state 108

   71 ebarateSade: ebarateSade OR_ELSE_KW . ebarateSade

    FLOAT_KW            shift, and go to state 40
    ADAD                shift, and go to state 47
    SHENASE             shift, and go to state 48
    HARFE_SABET         shift, and go to state 49
    MULTIPLY_KW         shift, and go to state 51
    PARANTHESIS_BAZ_KW  shift, and go to state 52
    TRUE_KW             shift, and go to state 53
    QUESTION_KW         shift, and go to state 54
    FALSE_KW            shift, and go to state 55
    MINUS_KW            shift, and go to state 56

    ebarateSade           go to state 154
    ebarateRabetei        go to state 66
    ebarateRiaziManteghi  go to state 67
    ebarateYegani         go to state 68
    amalgareYegani        go to state 69
    amel                  go to state 70
    taghirpazir           go to state 86
    taghirnapazir         go to state 72
    sedaZadan             go to state 73
    meghdareSabet         go to state 74


state 109

   72 ebarateSade: ebarateSade AND_THEN_KW . ebarateSade

    FLOAT_KW            shift, and go to state 40
    ADAD                shift, and go to state 47
    SHENASE             shift, and go to state 48
    HARFE_SABET         shift, and go to state 49
    MULTIPLY_KW         shift, and go to state 51
    PARANTHESIS_BAZ_KW  shift, and go to state 52
    TRUE_KW             shift, and go to state 53
    QUESTION_KW         shift, and go to state 54
    FALSE_KW            shift, and go to state 55
    MINUS_KW            shift, and go to state 56

    ebarateSade           go to state 155
    ebarateRabetei        go to state 66
    ebarateRiaziManteghi  go to state 67
    ebarateYegani         go to state 68
    amalgareYegani        go to state 69
    amel                  go to state 70
    taghirpazir           go to state 86
    taghirnapazir         go to state 72
    sedaZadan             go to state 73
    meghdareSabet         go to state 74


state 110

   83 ebarateRiaziManteghi: ebarateRiaziManteghi ADD_KW . ebarateRiaziManteghi

    FLOAT_KW            shift, and go to state 40
    ADAD                shift, and go to state 47
    SHENASE             shift, and go to state 48
    HARFE_SABET         shift, and go to state 49
    MULTIPLY_KW         shift, and go to state 51
    PARANTHESIS_BAZ_KW  shift, and go to state 52
    TRUE_KW             shift, and go to state 53
    QUESTION_KW         shift, and go to state 54
    FALSE_KW            shift, and go to state 55
    MINUS_KW            shift, and go to state 56

    ebarateRiaziManteghi  go to state 156
    ebarateYegani         go to state 68
    amalgareYegani        go to state 69
    amel                  go to state 70
    taghirpazir           go to state 86
    taghirnapazir         go to state 72
    sedaZadan             go to state 73
    meghdareSabet         go to state 74


state 111

   79 amalgareRabetei: MORE_THAN_KW .

    $default  reduce using rule 79 (amalgareRabetei)


state 112

   85 ebarateRiaziManteghi: ebarateRiaziManteghi MULTIPLY_KW . ebarateRiaziManteghi

    FLOAT_KW            shift, and go to state 40
    ADAD                shift, and go to state 47
    SHENASE             shift, and go to state 48
    HARFE_SABET         shift, and go to state 49
    MULTIPLY_KW         shift, and go to state 51
    PARANTHESIS_BAZ_KW  shift, and go to state 52
    TRUE_KW             shift, and go to state 53
    QUESTION_KW         shift, and go to state 54
    FALSE_KW            shift, and go to state 55
    MINUS_KW            shift, and go to state 56

    ebarateRiaziManteghi  go to state 157
    ebarateYegani         go to state 68
    amalgareYegani        go to state 69
    amel                  go to state 70
    taghirpazir           go to state 86
    taghirnapazir         go to state 72
    sedaZadan             go to state 73
    meghdareSabet         go to state 74


state 113

   81 amalgareRabetei: EQUAL_EQUAL_KW .

    $default  reduce using rule 81 (amalgareRabetei)


state 114

   86 ebarateRiaziManteghi: ebarateRiaziManteghi DEVIDE_KW . ebarateRiaziManteghi

    FLOAT_KW            shift, and go to state 40
    ADAD                shift, and go to state 47
    SHENASE             shift, and go to state 48
    HARFE_SABET         shift, and go to state 49
    MULTIPLY_KW         shift, and go to state 51
    PARANTHESIS_BAZ_KW  shift, and go to state 52
    TRUE_KW             shift, and go to state 53
    QUESTION_KW         shift, and go to state 54
    FALSE_KW            shift, and go to state 55
    MINUS_KW            shift, and go to state 56

    ebarateRiaziManteghi  go to state 158
    ebarateYegani         go to state 68
    amalgareYegani        go to state 69
    amel                  go to state 70
    taghirpazir           go to state 86
    taghirnapazir         go to state 72
    sedaZadan             go to state 73
    meghdareSabet         go to state 74


state 115

   84 ebarateRiaziManteghi: ebarateRiaziManteghi MINUS_KW . ebarateRiaziManteghi

    FLOAT_KW            shift, and go to state 40
    ADAD                shift, and go to state 47
    SHENASE             shift, and go to state 48
    HARFE_SABET         shift, and go to state 49
    MULTIPLY_KW         shift, and go to state 51
    PARANTHESIS_BAZ_KW  shift, and go to state 52
    TRUE_KW             shift, and go to state 53
    QUESTION_KW         shift, and go to state 54
    FALSE_KW            shift, and go to state 55
    MINUS_KW            shift, and go to state 56

    ebarateRiaziManteghi  go to state 159
    ebarateYegani         go to state 68
    amalgareYegani        go to state 69
    amel                  go to state 70
    taghirpazir           go to state 86
    taghirnapazir         go to state 72
    sedaZadan             go to state 73
    meghdareSabet         go to state 74


state 116

   78 amalgareRabetei: LESS_EQUAL_KW .

    $default  reduce using rule 78 (amalgareRabetei)


state 117

   87 ebarateRiaziManteghi: ebarateRiaziManteghi MOD_KW . ebarateRiaziManteghi

    FLOAT_KW            shift, and go to state 40
    ADAD                shift, and go to state 47
    SHENASE             shift, and go to state 48
    HARFE_SABET         shift, and go to state 49
    MULTIPLY_KW         shift, and go to state 51
    PARANTHESIS_BAZ_KW  shift, and go to state 52
    TRUE_KW             shift, and go to state 53
    QUESTION_KW         shift, and go to state 54
    FALSE_KW            shift, and go to state 55
    MINUS_KW            shift, and go to state 56

    ebarateRiaziManteghi  go to state 160
    ebarateYegani         go to state 68
    amalgareYegani        go to state 69
    amel                  go to state 70
    taghirpazir           go to state 86
    taghirnapazir         go to state 72
    sedaZadan             go to state 73
    meghdareSabet         go to state 74


state 118

   77 amalgareRabetei: LESS_THAN_KW .

    $default  reduce using rule 77 (amalgareRabetei)


state 119

   80 amalgareRabetei: MORE_EQUAL_KW .

    $default  reduce using rule 80 (amalgareRabetei)


state 120

   76 ebarateRabetei: ebarateRiaziManteghi amalgareRabetei . ebarateRiaziManteghi

    FLOAT_KW            shift, and go to state 40
    ADAD                shift, and go to state 47
    SHENASE             shift, and go to state 48
    HARFE_SABET         shift, and go to state 49
    MULTIPLY_KW         shift, and go to state 51
    PARANTHESIS_BAZ_KW  shift, and go to state 52
    TRUE_KW             shift, and go to state 53
    QUESTION_KW         shift, and go to state 54
    FALSE_KW            shift, and go to state 55
    MINUS_KW            shift, and go to state 56

    ebarateRiaziManteghi  go to state 161
    ebarateYegani         go to state 68
    amalgareYegani        go to state 69
    amel                  go to state 70
    taghirpazir           go to state 86
    taghirnapazir         go to state 72
    sedaZadan             go to state 73
    meghdareSabet         go to state 74


state 121

   88 ebarateYegani: amalgareYegani ebarateYegani .

    $default  reduce using rule 88 (ebarateYegani)


state 122

   97 taghirpazir: taghirpazir NOGHTE_KW . SHENASE

    SHENASE  shift, and go to state 162


state 123

   96 taghirpazir: taghirpazir BRACKET_BAZ_KW . ebarat BRACKET_BASTE_KW

    FLOAT_KW            shift, and go to state 40
    ADAD                shift, and go to state 47
    SHENASE             shift, and go to state 48
    HARFE_SABET         shift, and go to state 49
    MULTIPLY_KW         shift, and go to state 51
    PARANTHESIS_BAZ_KW  shift, and go to state 52
    TRUE_KW             shift, and go to state 53
    QUESTION_KW         shift, and go to state 54
    FALSE_KW            shift, and go to state 55
    MINUS_KW            shift, and go to state 56

    ebarat                go to state 163
    ebarateSade           go to state 65
    ebarateRabetei        go to state 66
    ebarateRiaziManteghi  go to state 67
    ebarateYegani         go to state 68
    amalgareYegani        go to state 69
    amel                  go to state 70
    taghirpazir           go to state 71
    taghirnapazir         go to state 72
    sedaZadan             go to state 73
    meghdareSabet         go to state 74


state 124

   61 ebarat: taghirpazir EQUAL_KW . ebarat

    FLOAT_KW            shift, and go to state 40
    ADAD                shift, and go to state 47
    SHENASE             shift, and go to state 48
    HARFE_SABET         shift, and go to state 49
    MULTIPLY_KW         shift, and go to state 51
    PARANTHESIS_BAZ_KW  shift, and go to state 52
    TRUE_KW             shift, and go to state 53
    QUESTION_KW         shift, and go to state 54
    FALSE_KW            shift, and go to state 55
    MINUS_KW            shift, and go to state 56

    ebarat                go to state 164
    ebarateSade           go to state 65
    ebarateRabetei        go to state 66
    ebarateRiaziManteghi  go to state 67
    ebarateYegani         go to state 68
    amalgareYegani        go to state 69
    amel                  go to state 70
    taghirpazir           go to state 71
    taghirnapazir         go to state 72
    sedaZadan             go to state 73
    meghdareSabet         go to state 74


state 125

   62 ebarat: taghirpazir PLUS_EQUAL_KW . ebarat

    FLOAT_KW            shift, and go to state 40
    ADAD                shift, and go to state 47
    SHENASE             shift, and go to state 48
    HARFE_SABET         shift, and go to state 49
    MULTIPLY_KW         shift, and go to state 51
    PARANTHESIS_BAZ_KW  shift, and go to state 52
    TRUE_KW             shift, and go to state 53
    QUESTION_KW         shift, and go to state 54
    FALSE_KW            shift, and go to state 55
    MINUS_KW            shift, and go to state 56

    ebarat                go to state 165
    ebarateSade           go to state 65
    ebarateRabetei        go to state 66
    ebarateRiaziManteghi  go to state 67
    ebarateYegani         go to state 68
    amalgareYegani        go to state 69
    amel                  go to state 70
    taghirpazir           go to state 71
    taghirnapazir         go to state 72
    sedaZadan             go to state 73
    meghdareSabet         go to state 74


state 126

   66 ebarat: taghirpazir PLUS_PLUS_KW .

    $default  reduce using rule 66 (ebarat)


state 127

   67 ebarat: taghirpazir MINUS_MINUS_KW .

    $default  reduce using rule 67 (ebarat)


state 128

   63 ebarat: taghirpazir MINUS_EQUAL_KW . ebarat

    FLOAT_KW            shift, and go to state 40
    ADAD                shift, and go to state 47
    SHENASE             shift, and go to state 48
    HARFE_SABET         shift, and go to state 49
    MULTIPLY_KW         shift, and go to state 51
    PARANTHESIS_BAZ_KW  shift, and go to state 52
    TRUE_KW             shift, and go to state 53
    QUESTION_KW         shift, and go to state 54
    FALSE_KW            shift, and go to state 55
    MINUS_KW            shift, and go to state 56

    ebarat                go to state 166
    ebarateSade           go to state 65
    ebarateRabetei        go to state 66
    ebarateRiaziManteghi  go to state 67
    ebarateYegani         go to state 68
    amalgareYegani        go to state 69
    amel                  go to state 70
    taghirpazir           go to state 71
    taghirnapazir         go to state 72
    sedaZadan             go to state 73
    meghdareSabet         go to state 74


state 129

   64 ebarat: taghirpazir MULTIPLY_EQUAL_KW . ebarat

    FLOAT_KW            shift, and go to state 40
    ADAD                shift, and go to state 47
    SHENASE             shift, and go to state 48
    HARFE_SABET         shift, and go to state 49
    MULTIPLY_KW         shift, and go to state 51
    PARANTHESIS_BAZ_KW  shift, and go to state 52
    TRUE_KW             shift, and go to state 53
    QUESTION_KW         shift, and go to state 54
    FALSE_KW            shift, and go to state 55
    MINUS_KW            shift, and go to state 56

    ebarat                go to state 167
    ebarateSade           go to state 65
    ebarateRabetei        go to state 66
    ebarateRiaziManteghi  go to state 67
    ebarateYegani         go to state 68
    amalgareYegani        go to state 69
    amel                  go to state 70
    taghirpazir           go to state 71
    taghirnapazir         go to state 72
    sedaZadan             go to state 73
    meghdareSabet         go to state 74


state 130

   65 ebarat: taghirpazir DEVIDE_EQUAL_KW . ebarat

    FLOAT_KW            shift, and go to state 40
    ADAD                shift, and go to state 47
    SHENASE             shift, and go to state 48
    HARFE_SABET         shift, and go to state 49
    MULTIPLY_KW         shift, and go to state 51
    PARANTHESIS_BAZ_KW  shift, and go to state 52
    TRUE_KW             shift, and go to state 53
    QUESTION_KW         shift, and go to state 54
    FALSE_KW            shift, and go to state 55
    MINUS_KW            shift, and go to state 56

    ebarat                go to state 168
    ebarateSade           go to state 65
    ebarateRabetei        go to state 66
    ebarateRiaziManteghi  go to state 67
    ebarateYegani         go to state 68
    amalgareYegani        go to state 69
    amel                  go to state 70
    taghirpazir           go to state 71
    taghirnapazir         go to state 72
    sedaZadan             go to state 73
    meghdareSabet         go to state 74


state 131

   35 shenaseyeVorudi: SHENASE BRACKET_BAZ_KW . BRACKET_BASTE_KW

    BRACKET_BASTE_KW  shift, and go to state 169


state 132

   32 shenaseyeVorudiha: shenaseyeVorudiha COMMA . shenaseyeVorudi

    SHENASE  shift, and go to state 75

    shenaseyeVorudi  go to state 170


state 133

   29 vorudiha: vorudiha NOGHTE_VIRGUL jensVorudiha .

    $default  reduce using rule 29 (vorudiha)


state 134

   27 tarifeTabe: SHENASE PARANTHESIS_BAZ_KW vorudiha PARANTHESIS_BASTE_KW jomle .

    $default  reduce using rule 27 (tarifeTabe)


state 135

   24 tarifeShenaseMoteghayer: SHENASE BRACKET_BAZ_KW ADAD BRACKET_BASTE_KW .

    $default  reduce using rule 24 (tarifeShenaseMoteghayer)


state 136

   26 tarifeTabe: jens SHENASE PARANTHESIS_BAZ_KW PARANTHESIS_BASTE_KW jomle .

    $default  reduce using rule 26 (tarifeTabe)


state 137

   25 tarifeTabe: jens SHENASE PARANTHESIS_BAZ_KW vorudiha PARANTHESIS_BASTE_KW . jomle

    FLOAT_KW            shift, and go to state 40
    AKULAD_BAZ_KW       shift, and go to state 41
    BREAK_KW            shift, and go to state 42
    RETURN_KW           shift, and go to state 43
    IF_KW               shift, and go to state 44
    WHILE_KW            shift, and go to state 45
    NOGHTE_VIRGUL       shift, and go to state 46
    ADAD                shift, and go to state 47
    SHENASE             shift, and go to state 48
    HARFE_SABET         shift, and go to state 49
    KEY_KW              shift, and go to state 50
    MULTIPLY_KW         shift, and go to state 51
    PARANTHESIS_BAZ_KW  shift, and go to state 52
    TRUE_KW             shift, and go to state 53
    QUESTION_KW         shift, and go to state 54
    FALSE_KW            shift, and go to state 55
    MINUS_KW            shift, and go to state 56

    jomle                 go to state 171
    jomleyeMorakkab       go to state 58
    jomleyeEbarat         go to state 59
    jomleyeEntekhab       go to state 60
    jomleyeTekrar         go to state 61
    jomleyeBazgasht       go to state 62
    jomleyeShekast        go to state 63
    ebarat                go to state 64
    ebarateSade           go to state 65
    ebarateRabetei        go to state 66
    ebarateRiaziManteghi  go to state 67
    ebarateYegani         go to state 68
    amalgareYegani        go to state 69
    amel                  go to state 70
    taghirpazir           go to state 71
    taghirnapazir         go to state 72
    sedaZadan             go to state 73
    meghdareSabet         go to state 74


state 138

   11 tarifeMoteghayyerMahdud: jenseMahdud tarifhayeMoteghayyerha NOGHTE_VIRGUL .

    $default  reduce using rule 11 (tarifeMoteghayyerMahdud)


state 139

   43 jomleyeMorakkab: AKULAD_BAZ_KW tarifhayeMahalli AKULAD_BASTE_KW .

    $default  reduce using rule 43 (jomleyeMorakkab)


state 140

   42 jomleyeMorakkab: AKULAD_BAZ_KW tarifhayeMahalli jomleha . AKULAD_BASTE_KW
   46 jomleha: jomleha . jomle

    FLOAT_KW            shift, and go to state 40
    AKULAD_BAZ_KW       shift, and go to state 41
    AKULAD_BASTE_KW     shift, and go to state 172
    BREAK_KW            shift, and go to state 42
    RETURN_KW           shift, and go to state 43
    IF_KW               shift, and go to state 44
    WHILE_KW            shift, and go to state 45
    NOGHTE_VIRGUL       shift, and go to state 46
    ADAD                shift, and go to state 47
    SHENASE             shift, and go to state 48
    HARFE_SABET         shift, and go to state 49
    KEY_KW              shift, and go to state 50
    MULTIPLY_KW         shift, and go to state 51
    PARANTHESIS_BAZ_KW  shift, and go to state 52
    TRUE_KW             shift, and go to state 53
    QUESTION_KW         shift, and go to state 54
    FALSE_KW            shift, and go to state 55
    MINUS_KW            shift, and go to state 56

    jomle                 go to state 142
    jomleyeMorakkab       go to state 58
    jomleyeEbarat         go to state 59
    jomleyeEntekhab       go to state 60
    jomleyeTekrar         go to state 61
    jomleyeBazgasht       go to state 62
    jomleyeShekast        go to state 63
    ebarat                go to state 64
    ebarateSade           go to state 65
    ebarateRabetei        go to state 66
    ebarateRiaziManteghi  go to state 67
    ebarateYegani         go to state 68
    amalgareYegani        go to state 69
    amel                  go to state 70
    taghirpazir           go to state 71
    taghirnapazir         go to state 72
    sedaZadan             go to state 73
    meghdareSabet         go to state 74


state 141

   44 jomleyeMorakkab: AKULAD_BAZ_KW jomleha AKULAD_BASTE_KW .

    $default  reduce using rule 44 (jomleyeMorakkab)


state 142

   46 jomleha: jomleha jomle .

    $default  reduce using rule 46 (jomleha)


state 143

   59 jomleyeBazgasht: RETURN_KW ebarat NOGHTE_VIRGUL .

    $default  reduce using rule 59 (jomleyeBazgasht)


state 144

   50 jomleyeEntekhab: IF_KW ebarateSade THEN_KW . jomle
   51                | IF_KW ebarateSade THEN_KW . jomle ELSE_KW jomle

    FLOAT_KW            shift, and go to state 40
    AKULAD_BAZ_KW       shift, and go to state 41
    BREAK_KW            shift, and go to state 42
    RETURN_KW           shift, and go to state 43
    IF_KW               shift, and go to state 44
    WHILE_KW            shift, and go to state 45
    NOGHTE_VIRGUL       shift, and go to state 46
    ADAD                shift, and go to state 47
    SHENASE             shift, and go to state 48
    HARFE_SABET         shift, and go to state 49
    KEY_KW              shift, and go to state 50
    MULTIPLY_KW         shift, and go to state 51
    PARANTHESIS_BAZ_KW  shift, and go to state 52
    TRUE_KW             shift, and go to state 53
    QUESTION_KW         shift, and go to state 54
    FALSE_KW            shift, and go to state 55
    MINUS_KW            shift, and go to state 56

    jomle                 go to state 173
    jomleyeMorakkab       go to state 58
    jomleyeEbarat         go to state 59
    jomleyeEntekhab       go to state 60
    jomleyeTekrar         go to state 61
    jomleyeBazgasht       go to state 62
    jomleyeShekast        go to state 63
    ebarat                go to state 64
    ebarateSade           go to state 65
    ebarateRabetei        go to state 66
    ebarateRiaziManteghi  go to state 67
    ebarateYegani         go to state 68
    amalgareYegani        go to state 69
    amel                  go to state 70
    taghirpazir           go to state 71
    taghirnapazir         go to state 72
    sedaZadan             go to state 73
    meghdareSabet         go to state 74


state 145

   57 jomleyeTekrar: WHILE_KW PARANTHESIS_BAZ_KW ebarateSade . PARANTHESIS_BASTE_KW jomle
   69 ebarateSade: ebarateSade . OR_KW ebarateSade
   70            | ebarateSade . AND_KW ebarateSade
   71            | ebarateSade . OR_ELSE_KW ebarateSade
   72            | ebarateSade . AND_THEN_KW ebarateSade
   73            | ebarateSade . NOT_KW ebarateSade

    AND_KW                shift, and go to state 105
    OR_KW                 shift, and go to state 106
    NOT_KW                shift, and go to state 107
    PARANTHESIS_BASTE_KW  shift, and go to state 174
    OR_ELSE_KW            shift, and go to state 108
    AND_THEN_KW           shift, and go to state 109


state 146

  102 sedaZadan: SHENASE PARANTHESIS_BAZ_KW PARANTHESIS_BASTE_KW .

    $default  reduce using rule 102 (sedaZadan)


state 147

  104 bordareVorudiha: ebarat .

    $default  reduce using rule 104 (bordareVorudiha)


state 148

  101 sedaZadan: SHENASE PARANTHESIS_BAZ_KW bordareVorudiha . PARANTHESIS_BASTE_KW
  103 bordareVorudiha: bordareVorudiha . COMMA ebarat

    COMMA                 shift, and go to state 175
    PARANTHESIS_BASTE_KW  shift, and go to state 176


state 149

   52 jomleyeEntekhab: KEY_KW PARANTHESIS_BAZ_KW ebarateSade . PARANTHESIS_BASTE_KW onsoreHalat onsorePishfarz END_KW
   53                | KEY_KW PARANTHESIS_BAZ_KW ebarateSade . PARANTHESIS_BASTE_KW onsoreHalat END_KW
   69 ebarateSade: ebarateSade . OR_KW ebarateSade
   70            | ebarateSade . AND_KW ebarateSade
   71            | ebarateSade . OR_ELSE_KW ebarateSade
   72            | ebarateSade . AND_THEN_KW ebarateSade
   73            | ebarateSade . NOT_KW ebarateSade

    AND_KW                shift, and go to state 105
    OR_KW                 shift, and go to state 106
    NOT_KW                shift, and go to state 107
    PARANTHESIS_BASTE_KW  shift, and go to state 177
    OR_ELSE_KW            shift, and go to state 108
    AND_THEN_KW           shift, and go to state 109


state 150

   98 taghirnapazir: PARANTHESIS_BAZ_KW ebarat PARANTHESIS_BASTE_KW .

    $default  reduce using rule 98 (taghirnapazir)


state 151

   69 ebarateSade: ebarateSade . OR_KW ebarateSade
   70            | ebarateSade . AND_KW ebarateSade
   70            | ebarateSade AND_KW ebarateSade .
   71            | ebarateSade . OR_ELSE_KW ebarateSade
   72            | ebarateSade . AND_THEN_KW ebarateSade
   73            | ebarateSade . NOT_KW ebarateSade

    NOT_KW  shift, and go to state 107

    $default  reduce using rule 70 (ebarateSade)


state 152

   69 ebarateSade: ebarateSade . OR_KW ebarateSade
   69            | ebarateSade OR_KW ebarateSade .
   70            | ebarateSade . AND_KW ebarateSade
   71            | ebarateSade . OR_ELSE_KW ebarateSade
   72            | ebarateSade . AND_THEN_KW ebarateSade
   73            | ebarateSade . NOT_KW ebarateSade

    AND_KW       shift, and go to state 105
    NOT_KW       shift, and go to state 107
    AND_THEN_KW  shift, and go to state 109

    $default  reduce using rule 69 (ebarateSade)


state 153

   69 ebarateSade: ebarateSade . OR_KW ebarateSade
   70            | ebarateSade . AND_KW ebarateSade
   71            | ebarateSade . OR_ELSE_KW ebarateSade
   72            | ebarateSade . AND_THEN_KW ebarateSade
   73            | ebarateSade . NOT_KW ebarateSade
   73            | ebarateSade NOT_KW ebarateSade .

    NOT_KW  shift, and go to state 107

    $default  reduce using rule 73 (ebarateSade)


state 154

   69 ebarateSade: ebarateSade . OR_KW ebarateSade
   70            | ebarateSade . AND_KW ebarateSade
   71            | ebarateSade . OR_ELSE_KW ebarateSade
   71            | ebarateSade OR_ELSE_KW ebarateSade .
   72            | ebarateSade . AND_THEN_KW ebarateSade
   73            | ebarateSade . NOT_KW ebarateSade

    AND_KW       shift, and go to state 105
    NOT_KW       shift, and go to state 107
    AND_THEN_KW  shift, and go to state 109

    $default  reduce using rule 71 (ebarateSade)


state 155

   69 ebarateSade: ebarateSade . OR_KW ebarateSade
   70            | ebarateSade . AND_KW ebarateSade
   71            | ebarateSade . OR_ELSE_KW ebarateSade
   72            | ebarateSade . AND_THEN_KW ebarateSade
   72            | ebarateSade AND_THEN_KW ebarateSade .
   73            | ebarateSade . NOT_KW ebarateSade

    NOT_KW  shift, and go to state 107

    $default  reduce using rule 72 (ebarateSade)


state 156

   83 ebarateRiaziManteghi: ebarateRiaziManteghi . ADD_KW ebarateRiaziManteghi
   83                     | ebarateRiaziManteghi ADD_KW ebarateRiaziManteghi .
   84                     | ebarateRiaziManteghi . MINUS_KW ebarateRiaziManteghi
   85                     | ebarateRiaziManteghi . MULTIPLY_KW ebarateRiaziManteghi
   86                     | ebarateRiaziManteghi . DEVIDE_KW ebarateRiaziManteghi
   87                     | ebarateRiaziManteghi . MOD_KW ebarateRiaziManteghi

    MULTIPLY_KW  shift, and go to state 112
    DEVIDE_KW    shift, and go to state 114
    MOD_KW       shift, and go to state 117

    $default  reduce using rule 83 (ebarateRiaziManteghi)


state 157

   83 ebarateRiaziManteghi: ebarateRiaziManteghi . ADD_KW ebarateRiaziManteghi
   84                     | ebarateRiaziManteghi . MINUS_KW ebarateRiaziManteghi
   85                     | ebarateRiaziManteghi . MULTIPLY_KW ebarateRiaziManteghi
   85                     | ebarateRiaziManteghi MULTIPLY_KW ebarateRiaziManteghi .
   86                     | ebarateRiaziManteghi . DEVIDE_KW ebarateRiaziManteghi
   87                     | ebarateRiaziManteghi . MOD_KW ebarateRiaziManteghi

    $default  reduce using rule 85 (ebarateRiaziManteghi)


state 158

   83 ebarateRiaziManteghi: ebarateRiaziManteghi . ADD_KW ebarateRiaziManteghi
   84                     | ebarateRiaziManteghi . MINUS_KW ebarateRiaziManteghi
   85                     | ebarateRiaziManteghi . MULTIPLY_KW ebarateRiaziManteghi
   86                     | ebarateRiaziManteghi . DEVIDE_KW ebarateRiaziManteghi
   86                     | ebarateRiaziManteghi DEVIDE_KW ebarateRiaziManteghi .
   87                     | ebarateRiaziManteghi . MOD_KW ebarateRiaziManteghi

    $default  reduce using rule 86 (ebarateRiaziManteghi)


state 159

   83 ebarateRiaziManteghi: ebarateRiaziManteghi . ADD_KW ebarateRiaziManteghi
   84                     | ebarateRiaziManteghi . MINUS_KW ebarateRiaziManteghi
   84                     | ebarateRiaziManteghi MINUS_KW ebarateRiaziManteghi .
   85                     | ebarateRiaziManteghi . MULTIPLY_KW ebarateRiaziManteghi
   86                     | ebarateRiaziManteghi . DEVIDE_KW ebarateRiaziManteghi
   87                     | ebarateRiaziManteghi . MOD_KW ebarateRiaziManteghi

    MULTIPLY_KW  shift, and go to state 112
    DEVIDE_KW    shift, and go to state 114
    MOD_KW       shift, and go to state 117

    $default  reduce using rule 84 (ebarateRiaziManteghi)


state 160

   83 ebarateRiaziManteghi: ebarateRiaziManteghi . ADD_KW ebarateRiaziManteghi
   84                     | ebarateRiaziManteghi . MINUS_KW ebarateRiaziManteghi
   85                     | ebarateRiaziManteghi . MULTIPLY_KW ebarateRiaziManteghi
   86                     | ebarateRiaziManteghi . DEVIDE_KW ebarateRiaziManteghi
   87                     | ebarateRiaziManteghi . MOD_KW ebarateRiaziManteghi
   87                     | ebarateRiaziManteghi MOD_KW ebarateRiaziManteghi .

    $default  reduce using rule 87 (ebarateRiaziManteghi)


state 161

   76 ebarateRabetei: ebarateRiaziManteghi amalgareRabetei ebarateRiaziManteghi .
   83 ebarateRiaziManteghi: ebarateRiaziManteghi . ADD_KW ebarateRiaziManteghi
   84                     | ebarateRiaziManteghi . MINUS_KW ebarateRiaziManteghi
   85                     | ebarateRiaziManteghi . MULTIPLY_KW ebarateRiaziManteghi
   86                     | ebarateRiaziManteghi . DEVIDE_KW ebarateRiaziManteghi
   87                     | ebarateRiaziManteghi . MOD_KW ebarateRiaziManteghi

    ADD_KW       shift, and go to state 110
    MULTIPLY_KW  shift, and go to state 112
    DEVIDE_KW    shift, and go to state 114
    MINUS_KW     shift, and go to state 115
    MOD_KW       shift, and go to state 117

    $default  reduce using rule 76 (ebarateRabetei)


state 162

   97 taghirpazir: taghirpazir NOGHTE_KW SHENASE .

    $default  reduce using rule 97 (taghirpazir)


state 163

   96 taghirpazir: taghirpazir BRACKET_BAZ_KW ebarat . BRACKET_BASTE_KW

    BRACKET_BASTE_KW  shift, and go to state 178


state 164

   61 ebarat: taghirpazir EQUAL_KW ebarat .

    $default  reduce using rule 61 (ebarat)


state 165

   62 ebarat: taghirpazir PLUS_EQUAL_KW ebarat .

    $default  reduce using rule 62 (ebarat)


state 166

   63 ebarat: taghirpazir MINUS_EQUAL_KW ebarat .

    $default  reduce using rule 63 (ebarat)


state 167

   64 ebarat: taghirpazir MULTIPLY_EQUAL_KW ebarat .

    $default  reduce using rule 64 (ebarat)


state 168

   65 ebarat: taghirpazir DEVIDE_EQUAL_KW ebarat .

    $default  reduce using rule 65 (ebarat)


state 169

   35 shenaseyeVorudi: SHENASE BRACKET_BAZ_KW BRACKET_BASTE_KW .

    $default  reduce using rule 35 (shenaseyeVorudi)


state 170

   32 shenaseyeVorudiha: shenaseyeVorudiha COMMA shenaseyeVorudi .

    $default  reduce using rule 32 (shenaseyeVorudiha)


state 171

   25 tarifeTabe: jens SHENASE PARANTHESIS_BAZ_KW vorudiha PARANTHESIS_BASTE_KW jomle .

    $default  reduce using rule 25 (tarifeTabe)


state 172

   42 jomleyeMorakkab: AKULAD_BAZ_KW tarifhayeMahalli jomleha AKULAD_BASTE_KW .

    $default  reduce using rule 42 (jomleyeMorakkab)


state 173

   50 jomleyeEntekhab: IF_KW ebarateSade THEN_KW jomle .
   51                | IF_KW ebarateSade THEN_KW jomle . ELSE_KW jomle

    ELSE_KW  shift, and go to state 179

    $default  reduce using rule 50 (jomleyeEntekhab)


state 174

   57 jomleyeTekrar: WHILE_KW PARANTHESIS_BAZ_KW ebarateSade PARANTHESIS_BASTE_KW . jomle

    FLOAT_KW            shift, and go to state 40
    AKULAD_BAZ_KW       shift, and go to state 41
    BREAK_KW            shift, and go to state 42
    RETURN_KW           shift, and go to state 43
    IF_KW               shift, and go to state 44
    WHILE_KW            shift, and go to state 45
    NOGHTE_VIRGUL       shift, and go to state 46
    ADAD                shift, and go to state 47
    SHENASE             shift, and go to state 48
    HARFE_SABET         shift, and go to state 49
    KEY_KW              shift, and go to state 50
    MULTIPLY_KW         shift, and go to state 51
    PARANTHESIS_BAZ_KW  shift, and go to state 52
    TRUE_KW             shift, and go to state 53
    QUESTION_KW         shift, and go to state 54
    FALSE_KW            shift, and go to state 55
    MINUS_KW            shift, and go to state 56

    jomle                 go to state 180
    jomleyeMorakkab       go to state 58
    jomleyeEbarat         go to state 59
    jomleyeEntekhab       go to state 60
    jomleyeTekrar         go to state 61
    jomleyeBazgasht       go to state 62
    jomleyeShekast        go to state 63
    ebarat                go to state 64
    ebarateSade           go to state 65
    ebarateRabetei        go to state 66
    ebarateRiaziManteghi  go to state 67
    ebarateYegani         go to state 68
    amalgareYegani        go to state 69
    amel                  go to state 70
    taghirpazir           go to state 71
    taghirnapazir         go to state 72
    sedaZadan             go to state 73
    meghdareSabet         go to state 74


state 175

  103 bordareVorudiha: bordareVorudiha COMMA . ebarat

    FLOAT_KW            shift, and go to state 40
    ADAD                shift, and go to state 47
    SHENASE             shift, and go to state 48
    HARFE_SABET         shift, and go to state 49
    MULTIPLY_KW         shift, and go to state 51
    PARANTHESIS_BAZ_KW  shift, and go to state 52
    TRUE_KW             shift, and go to state 53
    QUESTION_KW         shift, and go to state 54
    FALSE_KW            shift, and go to state 55
    MINUS_KW            shift, and go to state 56

    ebarat                go to state 181
    ebarateSade           go to state 65
    ebarateRabetei        go to state 66
    ebarateRiaziManteghi  go to state 67
    ebarateYegani         go to state 68
    amalgareYegani        go to state 69
    amel                  go to state 70
    taghirpazir           go to state 71
    taghirnapazir         go to state 72
    sedaZadan             go to state 73
    meghdareSabet         go to state 74


state 176

  101 sedaZadan: SHENASE PARANTHESIS_BAZ_KW bordareVorudiha PARANTHESIS_BASTE_KW .

    $default  reduce using rule 101 (sedaZadan)


state 177

   52 jomleyeEntekhab: KEY_KW PARANTHESIS_BAZ_KW ebarateSade PARANTHESIS_BASTE_KW . onsoreHalat onsorePishfarz END_KW
   53                | KEY_KW PARANTHESIS_BAZ_KW ebarateSade PARANTHESIS_BASTE_KW . onsoreHalat END_KW

    SWITCH_KW  shift, and go to state 182

    onsoreHalat  go to state 183


state 178

   96 taghirpazir: taghirpazir BRACKET_BAZ_KW ebarat BRACKET_BASTE_KW .

    $default  reduce using rule 96 (taghirpazir)


state 179

   51 jomleyeEntekhab: IF_KW ebarateSade THEN_KW jomle ELSE_KW . jomle

    FLOAT_KW            shift, and go to state 40
    AKULAD_BAZ_KW       shift, and go to state 41
    BREAK_KW            shift, and go to state 42
    RETURN_KW           shift, and go to state 43
    IF_KW               shift, and go to state 44
    WHILE_KW            shift, and go to state 45
    NOGHTE_VIRGUL       shift, and go to state 46
    ADAD                shift, and go to state 47
    SHENASE             shift, and go to state 48
    HARFE_SABET         shift, and go to state 49
    KEY_KW              shift, and go to state 50
    MULTIPLY_KW         shift, and go to state 51
    PARANTHESIS_BAZ_KW  shift, and go to state 52
    TRUE_KW             shift, and go to state 53
    QUESTION_KW         shift, and go to state 54
    FALSE_KW            shift, and go to state 55
    MINUS_KW            shift, and go to state 56

    jomle                 go to state 184
    jomleyeMorakkab       go to state 58
    jomleyeEbarat         go to state 59
    jomleyeEntekhab       go to state 60
    jomleyeTekrar         go to state 61
    jomleyeBazgasht       go to state 62
    jomleyeShekast        go to state 63
    ebarat                go to state 64
    ebarateSade           go to state 65
    ebarateRabetei        go to state 66
    ebarateRiaziManteghi  go to state 67
    ebarateYegani         go to state 68
    amalgareYegani        go to state 69
    amel                  go to state 70
    taghirpazir           go to state 71
    taghirnapazir         go to state 72
    sedaZadan             go to state 73
    meghdareSabet         go to state 74


state 180

   57 jomleyeTekrar: WHILE_KW PARANTHESIS_BAZ_KW ebarateSade PARANTHESIS_BASTE_KW jomle .

    $default  reduce using rule 57 (jomleyeTekrar)


state 181

  103 bordareVorudiha: bordareVorudiha COMMA ebarat .

    $default  reduce using rule 103 (bordareVorudiha)


state 182

   54 onsoreHalat: SWITCH_KW . ADAD DONOGHTE_KW jomle NOGHTE_VIRGUL

    ADAD  shift, and go to state 185


state 183

   52 jomleyeEntekhab: KEY_KW PARANTHESIS_BAZ_KW ebarateSade PARANTHESIS_BASTE_KW onsoreHalat . onsorePishfarz END_KW
   53                | KEY_KW PARANTHESIS_BAZ_KW ebarateSade PARANTHESIS_BASTE_KW onsoreHalat . END_KW
   55 onsoreHalat: onsoreHalat . SWITCH_KW ADAD DONOGHTE_KW jomle NOGHTE_VIRGUL

    SWITCH_KW   shift, and go to state 186
    END_KW      shift, and go to state 187
    DEFAULT_KW  shift, and go to state 188

    onsorePishfarz  go to state 189


state 184

   51 jomleyeEntekhab: IF_KW ebarateSade THEN_KW jomle ELSE_KW jomle .

    $default  reduce using rule 51 (jomleyeEntekhab)


state 185

   54 onsoreHalat: SWITCH_KW ADAD . DONOGHTE_KW jomle NOGHTE_VIRGUL

    DONOGHTE_KW  shift, and go to state 190


state 186

   55 onsoreHalat: onsoreHalat SWITCH_KW . ADAD DONOGHTE_KW jomle NOGHTE_VIRGUL

    ADAD  shift, and go to state 191


state 187

   53 jomleyeEntekhab: KEY_KW PARANTHESIS_BAZ_KW ebarateSade PARANTHESIS_BASTE_KW onsoreHalat END_KW .

    $default  reduce using rule 53 (jomleyeEntekhab)


state 188

   56 onsorePishfarz: DEFAULT_KW . DONOGHTE_KW jomle NOGHTE_VIRGUL

    DONOGHTE_KW  shift, and go to state 192


state 189

   52 jomleyeEntekhab: KEY_KW PARANTHESIS_BAZ_KW ebarateSade PARANTHESIS_BASTE_KW onsoreHalat onsorePishfarz . END_KW

    END_KW  shift, and go to state 193


state 190

   54 onsoreHalat: SWITCH_KW ADAD DONOGHTE_KW . jomle NOGHTE_VIRGUL

    FLOAT_KW            shift, and go to state 40
    AKULAD_BAZ_KW       shift, and go to state 41
    BREAK_KW            shift, and go to state 42
    RETURN_KW           shift, and go to state 43
    IF_KW               shift, and go to state 44
    WHILE_KW            shift, and go to state 45
    NOGHTE_VIRGUL       shift, and go to state 46
    ADAD                shift, and go to state 47
    SHENASE             shift, and go to state 48
    HARFE_SABET         shift, and go to state 49
    KEY_KW              shift, and go to state 50
    MULTIPLY_KW         shift, and go to state 51
    PARANTHESIS_BAZ_KW  shift, and go to state 52
    TRUE_KW             shift, and go to state 53
    QUESTION_KW         shift, and go to state 54
    FALSE_KW            shift, and go to state 55
    MINUS_KW            shift, and go to state 56

    jomle                 go to state 194
    jomleyeMorakkab       go to state 58
    jomleyeEbarat         go to state 59
    jomleyeEntekhab       go to state 60
    jomleyeTekrar         go to state 61
    jomleyeBazgasht       go to state 62
    jomleyeShekast        go to state 63
    ebarat                go to state 64
    ebarateSade           go to state 65
    ebarateRabetei        go to state 66
    ebarateRiaziManteghi  go to state 67
    ebarateYegani         go to state 68
    amalgareYegani        go to state 69
    amel                  go to state 70
    taghirpazir           go to state 71
    taghirnapazir         go to state 72
    sedaZadan             go to state 73
    meghdareSabet         go to state 74


state 191

   55 onsoreHalat: onsoreHalat SWITCH_KW ADAD . DONOGHTE_KW jomle NOGHTE_VIRGUL

    DONOGHTE_KW  shift, and go to state 195


state 192

   56 onsorePishfarz: DEFAULT_KW DONOGHTE_KW . jomle NOGHTE_VIRGUL

    FLOAT_KW            shift, and go to state 40
    AKULAD_BAZ_KW       shift, and go to state 41
    BREAK_KW            shift, and go to state 42
    RETURN_KW           shift, and go to state 43
    IF_KW               shift, and go to state 44
    WHILE_KW            shift, and go to state 45
    NOGHTE_VIRGUL       shift, and go to state 46
    ADAD                shift, and go to state 47
    SHENASE             shift, and go to state 48
    HARFE_SABET         shift, and go to state 49
    KEY_KW              shift, and go to state 50
    MULTIPLY_KW         shift, and go to state 51
    PARANTHESIS_BAZ_KW  shift, and go to state 52
    TRUE_KW             shift, and go to state 53
    QUESTION_KW         shift, and go to state 54
    FALSE_KW            shift, and go to state 55
    MINUS_KW            shift, and go to state 56

    jomle                 go to state 196
    jomleyeMorakkab       go to state 58
    jomleyeEbarat         go to state 59
    jomleyeEntekhab       go to state 60
    jomleyeTekrar         go to state 61
    jomleyeBazgasht       go to state 62
    jomleyeShekast        go to state 63
    ebarat                go to state 64
    ebarateSade           go to state 65
    ebarateRabetei        go to state 66
    ebarateRiaziManteghi  go to state 67
    ebarateYegani         go to state 68
    amalgareYegani        go to state 69
    amel                  go to state 70
    taghirpazir           go to state 71
    taghirnapazir         go to state 72
    sedaZadan             go to state 73
    meghdareSabet         go to state 74


state 193

   52 jomleyeEntekhab: KEY_KW PARANTHESIS_BAZ_KW ebarateSade PARANTHESIS_BASTE_KW onsoreHalat onsorePishfarz END_KW .

    $default  reduce using rule 52 (jomleyeEntekhab)


state 194

   54 onsoreHalat: SWITCH_KW ADAD DONOGHTE_KW jomle . NOGHTE_VIRGUL

    NOGHTE_VIRGUL  shift, and go to state 197


state 195

   55 onsoreHalat: onsoreHalat SWITCH_KW ADAD DONOGHTE_KW . jomle NOGHTE_VIRGUL

    FLOAT_KW            shift, and go to state 40
    AKULAD_BAZ_KW       shift, and go to state 41
    BREAK_KW            shift, and go to state 42
    RETURN_KW           shift, and go to state 43
    IF_KW               shift, and go to state 44
    WHILE_KW            shift, and go to state 45
    NOGHTE_VIRGUL       shift, and go to state 46
    ADAD                shift, and go to state 47
    SHENASE             shift, and go to state 48
    HARFE_SABET         shift, and go to state 49
    KEY_KW              shift, and go to state 50
    MULTIPLY_KW         shift, and go to state 51
    PARANTHESIS_BAZ_KW  shift, and go to state 52
    TRUE_KW             shift, and go to state 53
    QUESTION_KW         shift, and go to state 54
    FALSE_KW            shift, and go to state 55
    MINUS_KW            shift, and go to state 56

    jomle                 go to state 198
    jomleyeMorakkab       go to state 58
    jomleyeEbarat         go to state 59
    jomleyeEntekhab       go to state 60
    jomleyeTekrar         go to state 61
    jomleyeBazgasht       go to state 62
    jomleyeShekast        go to state 63
    ebarat                go to state 64
    ebarateSade           go to state 65
    ebarateRabetei        go to state 66
    ebarateRiaziManteghi  go to state 67
    ebarateYegani         go to state 68
    amalgareYegani        go to state 69
    amel                  go to state 70
    taghirpazir           go to state 71
    taghirnapazir         go to state 72
    sedaZadan             go to state 73
    meghdareSabet         go to state 74


state 196

   56 onsorePishfarz: DEFAULT_KW DONOGHTE_KW jomle . NOGHTE_VIRGUL

    NOGHTE_VIRGUL  shift, and go to state 199


state 197

   54 onsoreHalat: SWITCH_KW ADAD DONOGHTE_KW jomle NOGHTE_VIRGUL .

    $default  reduce using rule 54 (onsoreHalat)


state 198

   55 onsoreHalat: onsoreHalat SWITCH_KW ADAD DONOGHTE_KW jomle . NOGHTE_VIRGUL

    NOGHTE_VIRGUL  shift, and go to state 200


state 199

   56 onsorePishfarz: DEFAULT_KW DONOGHTE_KW jomle NOGHTE_VIRGUL .

    $default  reduce using rule 56 (onsorePishfarz)


state 200

   55 onsoreHalat: onsoreHalat SWITCH_KW ADAD DONOGHTE_KW jomle NOGHTE_VIRGUL .

    $default  reduce using rule 55 (onsoreHalat)
