Terminals unused in grammar

   COMMENT
   BOOLEAN_CONSTANT


Grammar

    0 $accept: s $end

    1 s: barnameh

    2 barnameh: PROGRAM_KW SHENASE tarifha

    3 tarifha: tarifha tarif
    4        | tarif

    5 tarif: tarifeSakhtar
    6      | tarifeMoteghayyer
    7      | tarifeTabe

    8 tarifeSakhtar: STRUCT_KW SHENASE AKULAD_BAZ_KW tarifhayeMahalli AKULAD_BASTE_KW
    9              | STRUCT_KW SHENASE AKULAD_BAZ_KW AKULAD_BASTE_KW

   10 tarifhayeMahalli: tarifhayeMahalli tarifeMoteghayyerMahdud
   11                 | tarifeMoteghayyerMahdud

   12 tarifeMoteghayyerMahdud: jenseMahdud tarifhayeMoteghayyerha NOGHTE_VIRGUL

   13 jenseMahdud: CONSTANT_KW jens
   14            | jens

   15 jens: INT_KW
   16     | FLOAT_KW
   17     | CHAR_KW
   18     | BOOLEAN_KW

   19 tarifeMoteghayyer: jens tarifhayeMoteghayyerha NOGHTE_VIRGUL

   20 tarifhayeMoteghayyerha: tarifeMeghdareAvalie
   21                       | tarifhayeMoteghayyerha COMMA tarifeMeghdareAvalie

   22 tarifeMeghdareAvalie: tarifeShenaseMoteghayer
   23                     | tarifeShenaseMoteghayer EQUAL_KW ebarateSade

   24 tarifeShenaseMoteghayer: SHENASE
   25                        | SHENASE BRACKET_BAZ_KW ADAD BRACKET_BASTE_KW

   26 tarifeTabe: jens SHENASE PARANTHESIS_BAZ_KW vorudiha PARANTHESIS_BASTE_KW jomle
   27           | jens SHENASE PARANTHESIS_BAZ_KW PARANTHESIS_BASTE_KW jomle
   28           | SHENASE PARANTHESIS_BAZ_KW vorudiha PARANTHESIS_BASTE_KW jomle
   29           | SHENASE PARANTHESIS_BAZ_KW PARANTHESIS_BASTE_KW jomle

   30 vorudiha: vorudiha NOGHTE_VIRGUL jensVorudiha
   31         | jensVorudiha

   32 jensVorudiha: jens shenaseyeVorudiha

   33 shenaseyeVorudiha: shenaseyeVorudiha COMMA shenaseyeVorudi
   34                  | shenaseyeVorudi

   35 shenaseyeVorudi: SHENASE
   36                | SHENASE BRACKET_BAZ_KW BRACKET_BASTE_KW

   37 jomle: jomleyeMorakkab
   38      | jomleyeEbarat
   39      | jomleyeEntekhab
   40      | jomleyeTekrar
   41      | jomleyeBazgasht
   42      | jomleyeShekast

   43 jomleyeMorakkab: AKULAD_BAZ_KW tarifhayeMahalli jomleha AKULAD_BASTE_KW
   44                | AKULAD_BAZ_KW tarifhayeMahalli AKULAD_BASTE_KW
   45                | AKULAD_BAZ_KW jomleha AKULAD_BASTE_KW
   46                | AKULAD_BAZ_KW AKULAD_BASTE_KW

   47 jomleha: jomleha jomle
   48        | jomle

   49 jomleyeEbarat: ebarat NOGHTE_VIRGUL
   50              | NOGHTE_VIRGUL

   51 jomleyeEntekhab: IF_KW ebarateSade THEN_KW jomle
   52                | IF_KW ebarateSade THEN_KW jomle ELSE_KW jomle
   53                | KEY_KW PARANTHESIS_BAZ_KW ebarateSade PARANTHESIS_BASTE_KW onsoreHalat onsorePishfarz END_KW
   54                | KEY_KW PARANTHESIS_BAZ_KW ebarateSade PARANTHESIS_BASTE_KW onsoreHalat END_KW

   55 onsoreHalat: SWITCH_KW ADAD DONOGHTE_KW jomle NOGHTE_VIRGUL
   56            | onsoreHalat SWITCH_KW ADAD DONOGHTE_KW jomle NOGHTE_VIRGUL

   57 onsorePishfarz: DEFAULT_KW DONOGHTE_KW jomle NOGHTE_VIRGUL

   58 jomleyeTekrar: WHILE_KW PARANTHESIS_BAZ_KW ebarateSade PARANTHESIS_BASTE_KW jomle

   59 jomleyeBazgasht: RETURN_KW NOGHTE_VIRGUL
   60                | RETURN_KW ebarat NOGHTE_VIRGUL

   61 jomleyeShekast: BREAK_KW NOGHTE_VIRGUL

   62 ebarat: taghirpazir EQUAL_KW ebarat
   63       | taghirpazir PLUS_EQUAL_KW ebarat
   64       | taghirpazir MINUS_EQUAL_KW ebarat
   65       | taghirpazir MULTIPLY_EQUAL_KW ebarat
   66       | taghirpazir DEVIDE_EQUAL_KW ebarat
   67       | taghirpazir PLUS_PLUS_KW
   68       | taghirpazir MINUS_MINUS_KW
   69       | ebarateSade

   70 ebarateSade: ebarateSade OR_KW ebarateSade
   71            | ebarateSade AND_KW ebarateSade
   72            | ebarateSade OR_ELSE_KW ebarateSade
   73            | ebarateSade AND_THEN_KW ebarateSade
   74            | ebarateSade NOT_KW ebarateSade
   75            | ebarateRabetei

   76 ebarateRabetei: ebarateRiaziManteghi
   77               | ebarateRiaziManteghi amalgareRabetei ebarateRiaziManteghi

   78 amalgareRabetei: LESS_THAN_KW
   79                | LESS_EQUAL_KW
   80                | MORE_THAN_KW
   81                | MORE_EQUAL_KW
   82                | EQUAL_EQUAL_KW

   83 ebarateRiaziManteghi: ebarateYegani
   84                     | ebarateRiaziManteghi ADD_KW ebarateRiaziManteghi
   85                     | ebarateRiaziManteghi MINUS_KW ebarateRiaziManteghi
   86                     | ebarateRiaziManteghi MULTIPLY_KW ebarateRiaziManteghi
   87                     | ebarateRiaziManteghi DEVIDE_KW ebarateRiaziManteghi
   88                     | ebarateRiaziManteghi MOD_KW ebarateRiaziManteghi

   89 ebarateYegani: amalgareYegani ebarateYegani
   90              | amel

   91 amalgareYegani: MINUS_KW
   92               | MULTIPLY_KW
   93               | QUESTION_KW

   94 amel: taghirpazir
   95     | taghirnapazir

   96 taghirpazir: SHENASE
   97            | taghirpazir BRACKET_BAZ_KW ebarat BRACKET_BASTE_KW
   98            | taghirpazir NOGHTE_KW SHENASE

   99 taghirnapazir: PARANTHESIS_BAZ_KW ebarat PARANTHESIS_BASTE_KW
  100              | sedaZadan
  101              | meghdareSabet

  102 sedaZadan: SHENASE PARANTHESIS_BAZ_KW bordareVorudiha PARANTHESIS_BASTE_KW
  103          | SHENASE PARANTHESIS_BAZ_KW PARANTHESIS_BASTE_KW

  104 bordareVorudiha: bordareVorudiha COMMA ebarat
  105                | ebarat

  106 meghdareSabet: ADAD
  107              | FLOAT_KW
  108              | HARFE_SABET
  109              | TRUE_KW
  110              | FALSE_KW


Terminals, with rules where they appear

$end (0) 0
error (256)
COMMENT (258)
FLOAT_KW (259) 16 107
INT_KW (260) 15
BOOLEAN_KW (261) 18
CHAR_KW (262) 17
AKULAD_BAZ_KW (263) 8 9 43 44 45 46
AKULAD_BASTE_KW (264) 8 9 43 44 45 46
ADD_KW (265) 84
BOOLEAN_CONSTANT (266)
SWITCH_KW (267) 55 56
END_KW (268) 53 54
DEFAULT_KW (269) 57
BREAK_KW (270) 61
RETURN_KW (271) 59 60
COMMA (272) 21 33 104
PROGRAM_KW (273) 2
STRUCT_KW (274) 8 9
CONSTANT_KW (275) 13
IF_KW (276) 51 52
THEN_KW (277) 51 52
ELSE_KW (278) 52
AND_KW (279) 71
OR_KW (280) 70
NOT_KW (281) 74
WHILE_KW (282) 58
NOGHTE_VIRGUL (283) 12 19 30 49 50 55 56 57 59 60 61
ADAD (284) 25 55 56 106
SHENASE (285) 2 8 9 24 25 26 27 28 29 35 36 96 98 102 103
HARFE_SABET (286) 108
KEY_KW (287) 53 54
MORE_THAN_KW (288) 80
NOGHTE_KW (289) 98
MULTIPLY_KW (290) 86 92
BRACKET_BASTE_KW (291) 25 36 97
BRACKET_BAZ_KW (292) 25 36 97
PARANTHESIS_BASTE_KW (293) 26 27 28 29 53 54 58 99 102 103
PARANTHESIS_BAZ_KW (294) 26 27 28 29 53 54 58 99 102 103
TRUE_KW (295) 109
QUESTION_KW (296) 93
EQUAL_EQUAL_KW (297) 82
EQUAL_KW (298) 23 62
DEVIDE_KW (299) 87
OR_ELSE_KW (300) 72
FALSE_KW (301) 110
AND_THEN_KW (302) 73
MINUS_KW (303) 85 91
DONOGHTE_KW (304) 55 56 57
LESS_EQUAL_KW (305) 79
MOD_KW (306) 88
LESS_THAN_KW (307) 78
MORE_EQUAL_KW (308) 81
PLUS_EQUAL_KW (309) 63
PLUS_PLUS_KW (310) 67
MINUS_MINUS_KW (311) 68
MINUS_EQUAL_KW (312) 64
MULTIPLY_EQUAL_KW (313) 65
DEVIDE_EQUAL_KW (314) 66
LOWER_THAN_ELSE_KW (315)


Nonterminals, with rules where they appear

$accept (61)
    on left: 0
s (62)
    on left: 1, on right: 0
barnameh (63)
    on left: 2, on right: 1
tarifha (64)
    on left: 3 4, on right: 2 3
tarif (65)
    on left: 5 6 7, on right: 3 4
tarifeSakhtar (66)
    on left: 8 9, on right: 5
tarifhayeMahalli (67)
    on left: 10 11, on right: 8 10 43 44
tarifeMoteghayyerMahdud (68)
    on left: 12, on right: 10 11
jenseMahdud (69)
    on left: 13 14, on right: 12
jens (70)
    on left: 15 16 17 18, on right: 13 14 19 26 27 32
tarifeMoteghayyer (71)
    on left: 19, on right: 6
tarifhayeMoteghayyerha (72)
    on left: 20 21, on right: 12 19 21
tarifeMeghdareAvalie (73)
    on left: 22 23, on right: 20 21
tarifeShenaseMoteghayer (74)
    on left: 24 25, on right: 22 23
tarifeTabe (75)
    on left: 26 27 28 29, on right: 7
vorudiha (76)
    on left: 30 31, on right: 26 28 30
jensVorudiha (77)
    on left: 32, on right: 30 31
shenaseyeVorudiha (78)
    on left: 33 34, on right: 32 33
shenaseyeVorudi (79)
    on left: 35 36, on right: 33 34
jomle (80)
    on left: 37 38 39 40 41 42, on right: 26 27 28 29 47 48 51 52 55
    56 57 58
jomleyeMorakkab (81)
    on left: 43 44 45 46, on right: 37
jomleha (82)
    on left: 47 48, on right: 43 45 47
jomleyeEbarat (83)
    on left: 49 50, on right: 38
jomleyeEntekhab (84)
    on left: 51 52 53 54, on right: 39
onsoreHalat (85)
    on left: 55 56, on right: 53 54 56
onsorePishfarz (86)
    on left: 57, on right: 53
jomleyeTekrar (87)
    on left: 58, on right: 40
jomleyeBazgasht (88)
    on left: 59 60, on right: 41
jomleyeShekast (89)
    on left: 61, on right: 42
ebarat (90)
    on left: 62 63 64 65 66 67 68 69, on right: 49 60 62 63 64 65 66
    97 99 104 105
ebarateSade (91)
    on left: 70 71 72 73 74 75, on right: 23 51 52 53 54 58 69 70 71
    72 73 74
ebarateRabetei (92)
    on left: 76 77, on right: 75
amalgareRabetei (93)
    on left: 78 79 80 81 82, on right: 77
ebarateRiaziManteghi (94)
    on left: 83 84 85 86 87 88, on right: 76 77 84 85 86 87 88
ebarateYegani (95)
    on left: 89 90, on right: 83 89
amalgareYegani (96)
    on left: 91 92 93, on right: 89
amel (97)
    on left: 94 95, on right: 90
taghirpazir (98)
    on left: 96 97 98, on right: 62 63 64 65 66 67 68 94 97 98
taghirnapazir (99)
    on left: 99 100 101, on right: 95
sedaZadan (100)
    on left: 102 103, on right: 100
bordareVorudiha (101)
    on left: 104 105, on right: 102 104
meghdareSabet (102)
    on left: 106 107 108 109 110, on right: 101


state 0

    0 $accept: . s $end

    PROGRAM_KW  shift, and go to state 1

    s         go to state 2
    barnameh  go to state 3


state 1

    2 barnameh: PROGRAM_KW . SHENASE tarifha

    SHENASE  shift, and go to state 4


state 2

    0 $accept: s . $end

    $end  shift, and go to state 5


state 3

    1 s: barnameh .

    $default  reduce using rule 1 (s)


state 4

    2 barnameh: PROGRAM_KW SHENASE . tarifha

    FLOAT_KW    shift, and go to state 6
    INT_KW      shift, and go to state 7
    BOOLEAN_KW  shift, and go to state 8
    CHAR_KW     shift, and go to state 9
    STRUCT_KW   shift, and go to state 10
    SHENASE     shift, and go to state 11

    tarifha            go to state 12
    tarif              go to state 13
    tarifeSakhtar      go to state 14
    jens               go to state 15
    tarifeMoteghayyer  go to state 16
    tarifeTabe         go to state 17


state 5

    0 $accept: s $end .

    $default  accept


state 6

   16 jens: FLOAT_KW .

    $default  reduce using rule 16 (jens)


state 7

   15 jens: INT_KW .

    $default  reduce using rule 15 (jens)


state 8

   18 jens: BOOLEAN_KW .

    $default  reduce using rule 18 (jens)


state 9

   17 jens: CHAR_KW .

    $default  reduce using rule 17 (jens)


state 10

    8 tarifeSakhtar: STRUCT_KW . SHENASE AKULAD_BAZ_KW tarifhayeMahalli AKULAD_BASTE_KW
    9              | STRUCT_KW . SHENASE AKULAD_BAZ_KW AKULAD_BASTE_KW

    SHENASE  shift, and go to state 18


state 11

   28 tarifeTabe: SHENASE . PARANTHESIS_BAZ_KW vorudiha PARANTHESIS_BASTE_KW jomle
   29           | SHENASE . PARANTHESIS_BAZ_KW PARANTHESIS_BASTE_KW jomle

    PARANTHESIS_BAZ_KW  shift, and go to state 19


state 12

    2 barnameh: PROGRAM_KW SHENASE tarifha .
    3 tarifha: tarifha . tarif

    FLOAT_KW    shift, and go to state 6
    INT_KW      shift, and go to state 7
    BOOLEAN_KW  shift, and go to state 8
    CHAR_KW     shift, and go to state 9
    STRUCT_KW   shift, and go to state 10
    SHENASE     shift, and go to state 11

    $default  reduce using rule 2 (barnameh)

    tarif              go to state 20
    tarifeSakhtar      go to state 14
    jens               go to state 15
    tarifeMoteghayyer  go to state 16
    tarifeTabe         go to state 17


state 13

    4 tarifha: tarif .

    $default  reduce using rule 4 (tarifha)


state 14

    5 tarif: tarifeSakhtar .

    $default  reduce using rule 5 (tarif)


state 15

   19 tarifeMoteghayyer: jens . tarifhayeMoteghayyerha NOGHTE_VIRGUL
   26 tarifeTabe: jens . SHENASE PARANTHESIS_BAZ_KW vorudiha PARANTHESIS_BASTE_KW jomle
   27           | jens . SHENASE PARANTHESIS_BAZ_KW PARANTHESIS_BASTE_KW jomle

    SHENASE  shift, and go to state 21

    tarifhayeMoteghayyerha   go to state 22
    tarifeMeghdareAvalie     go to state 23
    tarifeShenaseMoteghayer  go to state 24


state 16

    6 tarif: tarifeMoteghayyer .

    $default  reduce using rule 6 (tarif)


state 17

    7 tarif: tarifeTabe .

    $default  reduce using rule 7 (tarif)


state 18

    8 tarifeSakhtar: STRUCT_KW SHENASE . AKULAD_BAZ_KW tarifhayeMahalli AKULAD_BASTE_KW
    9              | STRUCT_KW SHENASE . AKULAD_BAZ_KW AKULAD_BASTE_KW

    AKULAD_BAZ_KW  shift, and go to state 25


state 19

   28 tarifeTabe: SHENASE PARANTHESIS_BAZ_KW . vorudiha PARANTHESIS_BASTE_KW jomle
   29           | SHENASE PARANTHESIS_BAZ_KW . PARANTHESIS_BASTE_KW jomle

    FLOAT_KW              shift, and go to state 6
    INT_KW                shift, and go to state 7
    BOOLEAN_KW            shift, and go to state 8
    CHAR_KW               shift, and go to state 9
    PARANTHESIS_BASTE_KW  shift, and go to state 26

    jens          go to state 27
    vorudiha      go to state 28
    jensVorudiha  go to state 29


state 20

    3 tarifha: tarifha tarif .

    $default  reduce using rule 3 (tarifha)


state 21

   24 tarifeShenaseMoteghayer: SHENASE .
   25                        | SHENASE . BRACKET_BAZ_KW ADAD BRACKET_BASTE_KW
   26 tarifeTabe: jens SHENASE . PARANTHESIS_BAZ_KW vorudiha PARANTHESIS_BASTE_KW jomle
   27           | jens SHENASE . PARANTHESIS_BAZ_KW PARANTHESIS_BASTE_KW jomle

    BRACKET_BAZ_KW      shift, and go to state 30
    PARANTHESIS_BAZ_KW  shift, and go to state 31

    $default  reduce using rule 24 (tarifeShenaseMoteghayer)


state 22

   19 tarifeMoteghayyer: jens tarifhayeMoteghayyerha . NOGHTE_VIRGUL
   21 tarifhayeMoteghayyerha: tarifhayeMoteghayyerha . COMMA tarifeMeghdareAvalie

    COMMA          shift, and go to state 32
    NOGHTE_VIRGUL  shift, and go to state 33


state 23

   20 tarifhayeMoteghayyerha: tarifeMeghdareAvalie .

    $default  reduce using rule 20 (tarifhayeMoteghayyerha)


state 24

   22 tarifeMeghdareAvalie: tarifeShenaseMoteghayer .
   23                     | tarifeShenaseMoteghayer . EQUAL_KW ebarateSade

    EQUAL_KW  shift, and go to state 34

    $default  reduce using rule 22 (tarifeMeghdareAvalie)


state 25

    8 tarifeSakhtar: STRUCT_KW SHENASE AKULAD_BAZ_KW . tarifhayeMahalli AKULAD_BASTE_KW
    9              | STRUCT_KW SHENASE AKULAD_BAZ_KW . AKULAD_BASTE_KW

    FLOAT_KW         shift, and go to state 6
    INT_KW           shift, and go to state 7
    BOOLEAN_KW       shift, and go to state 8
    CHAR_KW          shift, and go to state 9
    AKULAD_BASTE_KW  shift, and go to state 35
    CONSTANT_KW      shift, and go to state 36

    tarifhayeMahalli         go to state 37
    tarifeMoteghayyerMahdud  go to state 38
    jenseMahdud              go to state 39
    jens                     go to state 40


state 26

   29 tarifeTabe: SHENASE PARANTHESIS_BAZ_KW PARANTHESIS_BASTE_KW . jomle

    FLOAT_KW            shift, and go to state 41
    AKULAD_BAZ_KW       shift, and go to state 42
    BREAK_KW            shift, and go to state 43
    RETURN_KW           shift, and go to state 44
    IF_KW               shift, and go to state 45
    WHILE_KW            shift, and go to state 46
    NOGHTE_VIRGUL       shift, and go to state 47
    ADAD                shift, and go to state 48
    SHENASE             shift, and go to state 49
    HARFE_SABET         shift, and go to state 50
    KEY_KW              shift, and go to state 51
    MULTIPLY_KW         shift, and go to state 52
    PARANTHESIS_BAZ_KW  shift, and go to state 53
    TRUE_KW             shift, and go to state 54
    QUESTION_KW         shift, and go to state 55
    FALSE_KW            shift, and go to state 56
    MINUS_KW            shift, and go to state 57

    jomle                 go to state 58
    jomleyeMorakkab       go to state 59
    jomleyeEbarat         go to state 60
    jomleyeEntekhab       go to state 61
    jomleyeTekrar         go to state 62
    jomleyeBazgasht       go to state 63
    jomleyeShekast        go to state 64
    ebarat                go to state 65
    ebarateSade           go to state 66
    ebarateRabetei        go to state 67
    ebarateRiaziManteghi  go to state 68
    ebarateYegani         go to state 69
    amalgareYegani        go to state 70
    amel                  go to state 71
    taghirpazir           go to state 72
    taghirnapazir         go to state 73
    sedaZadan             go to state 74
    meghdareSabet         go to state 75


state 27

   32 jensVorudiha: jens . shenaseyeVorudiha

    SHENASE  shift, and go to state 76

    shenaseyeVorudiha  go to state 77
    shenaseyeVorudi    go to state 78


state 28

   28 tarifeTabe: SHENASE PARANTHESIS_BAZ_KW vorudiha . PARANTHESIS_BASTE_KW jomle
   30 vorudiha: vorudiha . NOGHTE_VIRGUL jensVorudiha

    NOGHTE_VIRGUL         shift, and go to state 79
    PARANTHESIS_BASTE_KW  shift, and go to state 80


state 29

   31 vorudiha: jensVorudiha .

    $default  reduce using rule 31 (vorudiha)


state 30

   25 tarifeShenaseMoteghayer: SHENASE BRACKET_BAZ_KW . ADAD BRACKET_BASTE_KW

    ADAD  shift, and go to state 81


state 31

   26 tarifeTabe: jens SHENASE PARANTHESIS_BAZ_KW . vorudiha PARANTHESIS_BASTE_KW jomle
   27           | jens SHENASE PARANTHESIS_BAZ_KW . PARANTHESIS_BASTE_KW jomle

    FLOAT_KW              shift, and go to state 6
    INT_KW                shift, and go to state 7
    BOOLEAN_KW            shift, and go to state 8
    CHAR_KW               shift, and go to state 9
    PARANTHESIS_BASTE_KW  shift, and go to state 82

    jens          go to state 27
    vorudiha      go to state 83
    jensVorudiha  go to state 29


state 32

   21 tarifhayeMoteghayyerha: tarifhayeMoteghayyerha COMMA . tarifeMeghdareAvalie

    SHENASE  shift, and go to state 84

    tarifeMeghdareAvalie     go to state 85
    tarifeShenaseMoteghayer  go to state 24


state 33

   19 tarifeMoteghayyer: jens tarifhayeMoteghayyerha NOGHTE_VIRGUL .

    $default  reduce using rule 19 (tarifeMoteghayyer)


state 34

   23 tarifeMeghdareAvalie: tarifeShenaseMoteghayer EQUAL_KW . ebarateSade

    FLOAT_KW            shift, and go to state 41
    ADAD                shift, and go to state 48
    SHENASE             shift, and go to state 49
    HARFE_SABET         shift, and go to state 50
    MULTIPLY_KW         shift, and go to state 52
    PARANTHESIS_BAZ_KW  shift, and go to state 53
    TRUE_KW             shift, and go to state 54
    QUESTION_KW         shift, and go to state 55
    FALSE_KW            shift, and go to state 56
    MINUS_KW            shift, and go to state 57

    ebarateSade           go to state 86
    ebarateRabetei        go to state 67
    ebarateRiaziManteghi  go to state 68
    ebarateYegani         go to state 69
    amalgareYegani        go to state 70
    amel                  go to state 71
    taghirpazir           go to state 87
    taghirnapazir         go to state 73
    sedaZadan             go to state 74
    meghdareSabet         go to state 75


state 35

    9 tarifeSakhtar: STRUCT_KW SHENASE AKULAD_BAZ_KW AKULAD_BASTE_KW .

    $default  reduce using rule 9 (tarifeSakhtar)


state 36

   13 jenseMahdud: CONSTANT_KW . jens

    FLOAT_KW    shift, and go to state 6
    INT_KW      shift, and go to state 7
    BOOLEAN_KW  shift, and go to state 8
    CHAR_KW     shift, and go to state 9

    jens  go to state 88


state 37

    8 tarifeSakhtar: STRUCT_KW SHENASE AKULAD_BAZ_KW tarifhayeMahalli . AKULAD_BASTE_KW
   10 tarifhayeMahalli: tarifhayeMahalli . tarifeMoteghayyerMahdud

    FLOAT_KW         shift, and go to state 6
    INT_KW           shift, and go to state 7
    BOOLEAN_KW       shift, and go to state 8
    CHAR_KW          shift, and go to state 9
    AKULAD_BASTE_KW  shift, and go to state 89
    CONSTANT_KW      shift, and go to state 36

    tarifeMoteghayyerMahdud  go to state 90
    jenseMahdud              go to state 39
    jens                     go to state 40


state 38

   11 tarifhayeMahalli: tarifeMoteghayyerMahdud .

    $default  reduce using rule 11 (tarifhayeMahalli)


state 39

   12 tarifeMoteghayyerMahdud: jenseMahdud . tarifhayeMoteghayyerha NOGHTE_VIRGUL

    SHENASE  shift, and go to state 84

    tarifhayeMoteghayyerha   go to state 91
    tarifeMeghdareAvalie     go to state 23
    tarifeShenaseMoteghayer  go to state 24


state 40

   14 jenseMahdud: jens .

    $default  reduce using rule 14 (jenseMahdud)


state 41

  107 meghdareSabet: FLOAT_KW .

    $default  reduce using rule 107 (meghdareSabet)


state 42

   43 jomleyeMorakkab: AKULAD_BAZ_KW . tarifhayeMahalli jomleha AKULAD_BASTE_KW
   44                | AKULAD_BAZ_KW . tarifhayeMahalli AKULAD_BASTE_KW
   45                | AKULAD_BAZ_KW . jomleha AKULAD_BASTE_KW
   46                | AKULAD_BAZ_KW . AKULAD_BASTE_KW

    FLOAT_KW            shift, and go to state 92
    INT_KW              shift, and go to state 7
    BOOLEAN_KW          shift, and go to state 8
    CHAR_KW             shift, and go to state 9
    AKULAD_BAZ_KW       shift, and go to state 42
    AKULAD_BASTE_KW     shift, and go to state 93
    BREAK_KW            shift, and go to state 43
    RETURN_KW           shift, and go to state 44
    CONSTANT_KW         shift, and go to state 36
    IF_KW               shift, and go to state 45
    WHILE_KW            shift, and go to state 46
    NOGHTE_VIRGUL       shift, and go to state 47
    ADAD                shift, and go to state 48
    SHENASE             shift, and go to state 49
    HARFE_SABET         shift, and go to state 50
    KEY_KW              shift, and go to state 51
    MULTIPLY_KW         shift, and go to state 52
    PARANTHESIS_BAZ_KW  shift, and go to state 53
    TRUE_KW             shift, and go to state 54
    QUESTION_KW         shift, and go to state 55
    FALSE_KW            shift, and go to state 56
    MINUS_KW            shift, and go to state 57

    tarifhayeMahalli         go to state 94
    tarifeMoteghayyerMahdud  go to state 38
    jenseMahdud              go to state 39
    jens                     go to state 40
    jomle                    go to state 95
    jomleyeMorakkab          go to state 59
    jomleha                  go to state 96
    jomleyeEbarat            go to state 60
    jomleyeEntekhab          go to state 61
    jomleyeTekrar            go to state 62
    jomleyeBazgasht          go to state 63
    jomleyeShekast           go to state 64
    ebarat                   go to state 65
    ebarateSade              go to state 66
    ebarateRabetei           go to state 67
    ebarateRiaziManteghi     go to state 68
    ebarateYegani            go to state 69
    amalgareYegani           go to state 70
    amel                     go to state 71
    taghirpazir              go to state 72
    taghirnapazir            go to state 73
    sedaZadan                go to state 74
    meghdareSabet            go to state 75


state 43

   61 jomleyeShekast: BREAK_KW . NOGHTE_VIRGUL

    NOGHTE_VIRGUL  shift, and go to state 97


state 44

   59 jomleyeBazgasht: RETURN_KW . NOGHTE_VIRGUL
   60                | RETURN_KW . ebarat NOGHTE_VIRGUL

    FLOAT_KW            shift, and go to state 41
    NOGHTE_VIRGUL       shift, and go to state 98
    ADAD                shift, and go to state 48
    SHENASE             shift, and go to state 49
    HARFE_SABET         shift, and go to state 50
    MULTIPLY_KW         shift, and go to state 52
    PARANTHESIS_BAZ_KW  shift, and go to state 53
    TRUE_KW             shift, and go to state 54
    QUESTION_KW         shift, and go to state 55
    FALSE_KW            shift, and go to state 56
    MINUS_KW            shift, and go to state 57

    ebarat                go to state 99
    ebarateSade           go to state 66
    ebarateRabetei        go to state 67
    ebarateRiaziManteghi  go to state 68
    ebarateYegani         go to state 69
    amalgareYegani        go to state 70
    amel                  go to state 71
    taghirpazir           go to state 72
    taghirnapazir         go to state 73
    sedaZadan             go to state 74
    meghdareSabet         go to state 75


state 45

   51 jomleyeEntekhab: IF_KW . ebarateSade THEN_KW jomle
   52                | IF_KW . ebarateSade THEN_KW jomle ELSE_KW jomle

    FLOAT_KW            shift, and go to state 41
    ADAD                shift, and go to state 48
    SHENASE             shift, and go to state 49
    HARFE_SABET         shift, and go to state 50
    MULTIPLY_KW         shift, and go to state 52
    PARANTHESIS_BAZ_KW  shift, and go to state 53
    TRUE_KW             shift, and go to state 54
    QUESTION_KW         shift, and go to state 55
    FALSE_KW            shift, and go to state 56
    MINUS_KW            shift, and go to state 57

    ebarateSade           go to state 100
    ebarateRabetei        go to state 67
    ebarateRiaziManteghi  go to state 68
    ebarateYegani         go to state 69
    amalgareYegani        go to state 70
    amel                  go to state 71
    taghirpazir           go to state 87
    taghirnapazir         go to state 73
    sedaZadan             go to state 74
    meghdareSabet         go to state 75


state 46

   58 jomleyeTekrar: WHILE_KW . PARANTHESIS_BAZ_KW ebarateSade PARANTHESIS_BASTE_KW jomle

    PARANTHESIS_BAZ_KW  shift, and go to state 101


state 47

   50 jomleyeEbarat: NOGHTE_VIRGUL .

    $default  reduce using rule 50 (jomleyeEbarat)


state 48

  106 meghdareSabet: ADAD .

    $default  reduce using rule 106 (meghdareSabet)


state 49

   96 taghirpazir: SHENASE .
  102 sedaZadan: SHENASE . PARANTHESIS_BAZ_KW bordareVorudiha PARANTHESIS_BASTE_KW
  103          | SHENASE . PARANTHESIS_BAZ_KW PARANTHESIS_BASTE_KW

    PARANTHESIS_BAZ_KW  shift, and go to state 102

    $default  reduce using rule 96 (taghirpazir)


state 50

  108 meghdareSabet: HARFE_SABET .

    $default  reduce using rule 108 (meghdareSabet)


state 51

   53 jomleyeEntekhab: KEY_KW . PARANTHESIS_BAZ_KW ebarateSade PARANTHESIS_BASTE_KW onsoreHalat onsorePishfarz END_KW
   54                | KEY_KW . PARANTHESIS_BAZ_KW ebarateSade PARANTHESIS_BASTE_KW onsoreHalat END_KW

    PARANTHESIS_BAZ_KW  shift, and go to state 103


state 52

   92 amalgareYegani: MULTIPLY_KW .

    $default  reduce using rule 92 (amalgareYegani)


state 53

   99 taghirnapazir: PARANTHESIS_BAZ_KW . ebarat PARANTHESIS_BASTE_KW

    FLOAT_KW            shift, and go to state 41
    ADAD                shift, and go to state 48
    SHENASE             shift, and go to state 49
    HARFE_SABET         shift, and go to state 50
    MULTIPLY_KW         shift, and go to state 52
    PARANTHESIS_BAZ_KW  shift, and go to state 53
    TRUE_KW             shift, and go to state 54
    QUESTION_KW         shift, and go to state 55
    FALSE_KW            shift, and go to state 56
    MINUS_KW            shift, and go to state 57

    ebarat                go to state 104
    ebarateSade           go to state 66
    ebarateRabetei        go to state 67
    ebarateRiaziManteghi  go to state 68
    ebarateYegani         go to state 69
    amalgareYegani        go to state 70
    amel                  go to state 71
    taghirpazir           go to state 72
    taghirnapazir         go to state 73
    sedaZadan             go to state 74
    meghdareSabet         go to state 75


state 54

  109 meghdareSabet: TRUE_KW .

    $default  reduce using rule 109 (meghdareSabet)


state 55

   93 amalgareYegani: QUESTION_KW .

    $default  reduce using rule 93 (amalgareYegani)


state 56

  110 meghdareSabet: FALSE_KW .

    $default  reduce using rule 110 (meghdareSabet)


state 57

   91 amalgareYegani: MINUS_KW .

    $default  reduce using rule 91 (amalgareYegani)


state 58

   29 tarifeTabe: SHENASE PARANTHESIS_BAZ_KW PARANTHESIS_BASTE_KW jomle .

    $default  reduce using rule 29 (tarifeTabe)


state 59

   37 jomle: jomleyeMorakkab .

    $default  reduce using rule 37 (jomle)


state 60

   38 jomle: jomleyeEbarat .

    $default  reduce using rule 38 (jomle)


state 61

   39 jomle: jomleyeEntekhab .

    $default  reduce using rule 39 (jomle)


state 62

   40 jomle: jomleyeTekrar .

    $default  reduce using rule 40 (jomle)


state 63

   41 jomle: jomleyeBazgasht .

    $default  reduce using rule 41 (jomle)


state 64

   42 jomle: jomleyeShekast .

    $default  reduce using rule 42 (jomle)


state 65

   49 jomleyeEbarat: ebarat . NOGHTE_VIRGUL

    NOGHTE_VIRGUL  shift, and go to state 105


state 66

   69 ebarat: ebarateSade .
   70 ebarateSade: ebarateSade . OR_KW ebarateSade
   71            | ebarateSade . AND_KW ebarateSade
   72            | ebarateSade . OR_ELSE_KW ebarateSade
   73            | ebarateSade . AND_THEN_KW ebarateSade
   74            | ebarateSade . NOT_KW ebarateSade

    AND_KW       shift, and go to state 106
    OR_KW        shift, and go to state 107
    NOT_KW       shift, and go to state 108
    OR_ELSE_KW   shift, and go to state 109
    AND_THEN_KW  shift, and go to state 110

    $default  reduce using rule 69 (ebarat)


state 67

   75 ebarateSade: ebarateRabetei .

    $default  reduce using rule 75 (ebarateSade)


state 68

   76 ebarateRabetei: ebarateRiaziManteghi .
   77               | ebarateRiaziManteghi . amalgareRabetei ebarateRiaziManteghi
   84 ebarateRiaziManteghi: ebarateRiaziManteghi . ADD_KW ebarateRiaziManteghi
   85                     | ebarateRiaziManteghi . MINUS_KW ebarateRiaziManteghi
   86                     | ebarateRiaziManteghi . MULTIPLY_KW ebarateRiaziManteghi
   87                     | ebarateRiaziManteghi . DEVIDE_KW ebarateRiaziManteghi
   88                     | ebarateRiaziManteghi . MOD_KW ebarateRiaziManteghi

    ADD_KW          shift, and go to state 111
    MORE_THAN_KW    shift, and go to state 112
    MULTIPLY_KW     shift, and go to state 113
    EQUAL_EQUAL_KW  shift, and go to state 114
    DEVIDE_KW       shift, and go to state 115
    MINUS_KW        shift, and go to state 116
    LESS_EQUAL_KW   shift, and go to state 117
    MOD_KW          shift, and go to state 118
    LESS_THAN_KW    shift, and go to state 119
    MORE_EQUAL_KW   shift, and go to state 120

    $default  reduce using rule 76 (ebarateRabetei)

    amalgareRabetei  go to state 121


state 69

   83 ebarateRiaziManteghi: ebarateYegani .

    $default  reduce using rule 83 (ebarateRiaziManteghi)


state 70

   89 ebarateYegani: amalgareYegani . ebarateYegani

    FLOAT_KW            shift, and go to state 41
    ADAD                shift, and go to state 48
    SHENASE             shift, and go to state 49
    HARFE_SABET         shift, and go to state 50
    MULTIPLY_KW         shift, and go to state 52
    PARANTHESIS_BAZ_KW  shift, and go to state 53
    TRUE_KW             shift, and go to state 54
    QUESTION_KW         shift, and go to state 55
    FALSE_KW            shift, and go to state 56
    MINUS_KW            shift, and go to state 57

    ebarateYegani   go to state 122
    amalgareYegani  go to state 70
    amel            go to state 71
    taghirpazir     go to state 87
    taghirnapazir   go to state 73
    sedaZadan       go to state 74
    meghdareSabet   go to state 75


state 71

   90 ebarateYegani: amel .

    $default  reduce using rule 90 (ebarateYegani)


state 72

   62 ebarat: taghirpazir . EQUAL_KW ebarat
   63       | taghirpazir . PLUS_EQUAL_KW ebarat
   64       | taghirpazir . MINUS_EQUAL_KW ebarat
   65       | taghirpazir . MULTIPLY_EQUAL_KW ebarat
   66       | taghirpazir . DEVIDE_EQUAL_KW ebarat
   67       | taghirpazir . PLUS_PLUS_KW
   68       | taghirpazir . MINUS_MINUS_KW
   94 amel: taghirpazir .
   97 taghirpazir: taghirpazir . BRACKET_BAZ_KW ebarat BRACKET_BASTE_KW
   98            | taghirpazir . NOGHTE_KW SHENASE

    NOGHTE_KW          shift, and go to state 123
    BRACKET_BAZ_KW     shift, and go to state 124
    EQUAL_KW           shift, and go to state 125
    PLUS_EQUAL_KW      shift, and go to state 126
    PLUS_PLUS_KW       shift, and go to state 127
    MINUS_MINUS_KW     shift, and go to state 128
    MINUS_EQUAL_KW     shift, and go to state 129
    MULTIPLY_EQUAL_KW  shift, and go to state 130
    DEVIDE_EQUAL_KW    shift, and go to state 131

    $default  reduce using rule 94 (amel)


state 73

   95 amel: taghirnapazir .

    $default  reduce using rule 95 (amel)


state 74

  100 taghirnapazir: sedaZadan .

    $default  reduce using rule 100 (taghirnapazir)


state 75

  101 taghirnapazir: meghdareSabet .

    $default  reduce using rule 101 (taghirnapazir)


state 76

   35 shenaseyeVorudi: SHENASE .
   36                | SHENASE . BRACKET_BAZ_KW BRACKET_BASTE_KW

    BRACKET_BAZ_KW  shift, and go to state 132

    $default  reduce using rule 35 (shenaseyeVorudi)


state 77

   32 jensVorudiha: jens shenaseyeVorudiha .
   33 shenaseyeVorudiha: shenaseyeVorudiha . COMMA shenaseyeVorudi

    COMMA  shift, and go to state 133

    $default  reduce using rule 32 (jensVorudiha)


state 78

   34 shenaseyeVorudiha: shenaseyeVorudi .

    $default  reduce using rule 34 (shenaseyeVorudiha)


state 79

   30 vorudiha: vorudiha NOGHTE_VIRGUL . jensVorudiha

    FLOAT_KW    shift, and go to state 6
    INT_KW      shift, and go to state 7
    BOOLEAN_KW  shift, and go to state 8
    CHAR_KW     shift, and go to state 9

    jens          go to state 27
    jensVorudiha  go to state 134


state 80

   28 tarifeTabe: SHENASE PARANTHESIS_BAZ_KW vorudiha PARANTHESIS_BASTE_KW . jomle

    FLOAT_KW            shift, and go to state 41
    AKULAD_BAZ_KW       shift, and go to state 42
    BREAK_KW            shift, and go to state 43
    RETURN_KW           shift, and go to state 44
    IF_KW               shift, and go to state 45
    WHILE_KW            shift, and go to state 46
    NOGHTE_VIRGUL       shift, and go to state 47
    ADAD                shift, and go to state 48
    SHENASE             shift, and go to state 49
    HARFE_SABET         shift, and go to state 50
    KEY_KW              shift, and go to state 51
    MULTIPLY_KW         shift, and go to state 52
    PARANTHESIS_BAZ_KW  shift, and go to state 53
    TRUE_KW             shift, and go to state 54
    QUESTION_KW         shift, and go to state 55
    FALSE_KW            shift, and go to state 56
    MINUS_KW            shift, and go to state 57

    jomle                 go to state 135
    jomleyeMorakkab       go to state 59
    jomleyeEbarat         go to state 60
    jomleyeEntekhab       go to state 61
    jomleyeTekrar         go to state 62
    jomleyeBazgasht       go to state 63
    jomleyeShekast        go to state 64
    ebarat                go to state 65
    ebarateSade           go to state 66
    ebarateRabetei        go to state 67
    ebarateRiaziManteghi  go to state 68
    ebarateYegani         go to state 69
    amalgareYegani        go to state 70
    amel                  go to state 71
    taghirpazir           go to state 72
    taghirnapazir         go to state 73
    sedaZadan             go to state 74
    meghdareSabet         go to state 75


state 81

   25 tarifeShenaseMoteghayer: SHENASE BRACKET_BAZ_KW ADAD . BRACKET_BASTE_KW

    BRACKET_BASTE_KW  shift, and go to state 136


state 82

   27 tarifeTabe: jens SHENASE PARANTHESIS_BAZ_KW PARANTHESIS_BASTE_KW . jomle

    FLOAT_KW            shift, and go to state 41
    AKULAD_BAZ_KW       shift, and go to state 42
    BREAK_KW            shift, and go to state 43
    RETURN_KW           shift, and go to state 44
    IF_KW               shift, and go to state 45
    WHILE_KW            shift, and go to state 46
    NOGHTE_VIRGUL       shift, and go to state 47
    ADAD                shift, and go to state 48
    SHENASE             shift, and go to state 49
    HARFE_SABET         shift, and go to state 50
    KEY_KW              shift, and go to state 51
    MULTIPLY_KW         shift, and go to state 52
    PARANTHESIS_BAZ_KW  shift, and go to state 53
    TRUE_KW             shift, and go to state 54
    QUESTION_KW         shift, and go to state 55
    FALSE_KW            shift, and go to state 56
    MINUS_KW            shift, and go to state 57

    jomle                 go to state 137
    jomleyeMorakkab       go to state 59
    jomleyeEbarat         go to state 60
    jomleyeEntekhab       go to state 61
    jomleyeTekrar         go to state 62
    jomleyeBazgasht       go to state 63
    jomleyeShekast        go to state 64
    ebarat                go to state 65
    ebarateSade           go to state 66
    ebarateRabetei        go to state 67
    ebarateRiaziManteghi  go to state 68
    ebarateYegani         go to state 69
    amalgareYegani        go to state 70
    amel                  go to state 71
    taghirpazir           go to state 72
    taghirnapazir         go to state 73
    sedaZadan             go to state 74
    meghdareSabet         go to state 75


state 83

   26 tarifeTabe: jens SHENASE PARANTHESIS_BAZ_KW vorudiha . PARANTHESIS_BASTE_KW jomle
   30 vorudiha: vorudiha . NOGHTE_VIRGUL jensVorudiha

    NOGHTE_VIRGUL         shift, and go to state 79
    PARANTHESIS_BASTE_KW  shift, and go to state 138


state 84

   24 tarifeShenaseMoteghayer: SHENASE .
   25                        | SHENASE . BRACKET_BAZ_KW ADAD BRACKET_BASTE_KW

    BRACKET_BAZ_KW  shift, and go to state 30

    $default  reduce using rule 24 (tarifeShenaseMoteghayer)


state 85

   21 tarifhayeMoteghayyerha: tarifhayeMoteghayyerha COMMA tarifeMeghdareAvalie .

    $default  reduce using rule 21 (tarifhayeMoteghayyerha)


state 86

   23 tarifeMeghdareAvalie: tarifeShenaseMoteghayer EQUAL_KW ebarateSade .
   70 ebarateSade: ebarateSade . OR_KW ebarateSade
   71            | ebarateSade . AND_KW ebarateSade
   72            | ebarateSade . OR_ELSE_KW ebarateSade
   73            | ebarateSade . AND_THEN_KW ebarateSade
   74            | ebarateSade . NOT_KW ebarateSade

    AND_KW       shift, and go to state 106
    OR_KW        shift, and go to state 107
    NOT_KW       shift, and go to state 108
    OR_ELSE_KW   shift, and go to state 109
    AND_THEN_KW  shift, and go to state 110

    $default  reduce using rule 23 (tarifeMeghdareAvalie)


state 87

   94 amel: taghirpazir .
   97 taghirpazir: taghirpazir . BRACKET_BAZ_KW ebarat BRACKET_BASTE_KW
   98            | taghirpazir . NOGHTE_KW SHENASE

    NOGHTE_KW       shift, and go to state 123
    BRACKET_BAZ_KW  shift, and go to state 124

    $default  reduce using rule 94 (amel)


state 88

   13 jenseMahdud: CONSTANT_KW jens .

    $default  reduce using rule 13 (jenseMahdud)


state 89

    8 tarifeSakhtar: STRUCT_KW SHENASE AKULAD_BAZ_KW tarifhayeMahalli AKULAD_BASTE_KW .

    $default  reduce using rule 8 (tarifeSakhtar)


state 90

   10 tarifhayeMahalli: tarifhayeMahalli tarifeMoteghayyerMahdud .

    $default  reduce using rule 10 (tarifhayeMahalli)


state 91

   12 tarifeMoteghayyerMahdud: jenseMahdud tarifhayeMoteghayyerha . NOGHTE_VIRGUL
   21 tarifhayeMoteghayyerha: tarifhayeMoteghayyerha . COMMA tarifeMeghdareAvalie

    COMMA          shift, and go to state 32
    NOGHTE_VIRGUL  shift, and go to state 139


state 92

   16 jens: FLOAT_KW .
  107 meghdareSabet: FLOAT_KW .

    SHENASE   reduce using rule 16 (jens)
    $default  reduce using rule 107 (meghdareSabet)


state 93

   46 jomleyeMorakkab: AKULAD_BAZ_KW AKULAD_BASTE_KW .

    $default  reduce using rule 46 (jomleyeMorakkab)


state 94

   10 tarifhayeMahalli: tarifhayeMahalli . tarifeMoteghayyerMahdud
   43 jomleyeMorakkab: AKULAD_BAZ_KW tarifhayeMahalli . jomleha AKULAD_BASTE_KW
   44                | AKULAD_BAZ_KW tarifhayeMahalli . AKULAD_BASTE_KW

    FLOAT_KW            shift, and go to state 92
    INT_KW              shift, and go to state 7
    BOOLEAN_KW          shift, and go to state 8
    CHAR_KW             shift, and go to state 9
    AKULAD_BAZ_KW       shift, and go to state 42
    AKULAD_BASTE_KW     shift, and go to state 140
    BREAK_KW            shift, and go to state 43
    RETURN_KW           shift, and go to state 44
    CONSTANT_KW         shift, and go to state 36
    IF_KW               shift, and go to state 45
    WHILE_KW            shift, and go to state 46
    NOGHTE_VIRGUL       shift, and go to state 47
    ADAD                shift, and go to state 48
    SHENASE             shift, and go to state 49
    HARFE_SABET         shift, and go to state 50
    KEY_KW              shift, and go to state 51
    MULTIPLY_KW         shift, and go to state 52
    PARANTHESIS_BAZ_KW  shift, and go to state 53
    TRUE_KW             shift, and go to state 54
    QUESTION_KW         shift, and go to state 55
    FALSE_KW            shift, and go to state 56
    MINUS_KW            shift, and go to state 57

    tarifeMoteghayyerMahdud  go to state 90
    jenseMahdud              go to state 39
    jens                     go to state 40
    jomle                    go to state 95
    jomleyeMorakkab          go to state 59
    jomleha                  go to state 141
    jomleyeEbarat            go to state 60
    jomleyeEntekhab          go to state 61
    jomleyeTekrar            go to state 62
    jomleyeBazgasht          go to state 63
    jomleyeShekast           go to state 64
    ebarat                   go to state 65
    ebarateSade              go to state 66
    ebarateRabetei           go to state 67
    ebarateRiaziManteghi     go to state 68
    ebarateYegani            go to state 69
    amalgareYegani           go to state 70
    amel                     go to state 71
    taghirpazir              go to state 72
    taghirnapazir            go to state 73
    sedaZadan                go to state 74
    meghdareSabet            go to state 75


state 95

   48 jomleha: jomle .

    $default  reduce using rule 48 (jomleha)


state 96

   45 jomleyeMorakkab: AKULAD_BAZ_KW jomleha . AKULAD_BASTE_KW
   47 jomleha: jomleha . jomle

    FLOAT_KW            shift, and go to state 41
    AKULAD_BAZ_KW       shift, and go to state 42
    AKULAD_BASTE_KW     shift, and go to state 142
    BREAK_KW            shift, and go to state 43
    RETURN_KW           shift, and go to state 44
    IF_KW               shift, and go to state 45
    WHILE_KW            shift, and go to state 46
    NOGHTE_VIRGUL       shift, and go to state 47
    ADAD                shift, and go to state 48
    SHENASE             shift, and go to state 49
    HARFE_SABET         shift, and go to state 50
    KEY_KW              shift, and go to state 51
    MULTIPLY_KW         shift, and go to state 52
    PARANTHESIS_BAZ_KW  shift, and go to state 53
    TRUE_KW             shift, and go to state 54
    QUESTION_KW         shift, and go to state 55
    FALSE_KW            shift, and go to state 56
    MINUS_KW            shift, and go to state 57

    jomle                 go to state 143
    jomleyeMorakkab       go to state 59
    jomleyeEbarat         go to state 60
    jomleyeEntekhab       go to state 61
    jomleyeTekrar         go to state 62
    jomleyeBazgasht       go to state 63
    jomleyeShekast        go to state 64
    ebarat                go to state 65
    ebarateSade           go to state 66
    ebarateRabetei        go to state 67
    ebarateRiaziManteghi  go to state 68
    ebarateYegani         go to state 69
    amalgareYegani        go to state 70
    amel                  go to state 71
    taghirpazir           go to state 72
    taghirnapazir         go to state 73
    sedaZadan             go to state 74
    meghdareSabet         go to state 75


state 97

   61 jomleyeShekast: BREAK_KW NOGHTE_VIRGUL .

    $default  reduce using rule 61 (jomleyeShekast)


state 98

   59 jomleyeBazgasht: RETURN_KW NOGHTE_VIRGUL .

    $default  reduce using rule 59 (jomleyeBazgasht)


state 99

   60 jomleyeBazgasht: RETURN_KW ebarat . NOGHTE_VIRGUL

    NOGHTE_VIRGUL  shift, and go to state 144


state 100

   51 jomleyeEntekhab: IF_KW ebarateSade . THEN_KW jomle
   52                | IF_KW ebarateSade . THEN_KW jomle ELSE_KW jomle
   70 ebarateSade: ebarateSade . OR_KW ebarateSade
   71            | ebarateSade . AND_KW ebarateSade
   72            | ebarateSade . OR_ELSE_KW ebarateSade
   73            | ebarateSade . AND_THEN_KW ebarateSade
   74            | ebarateSade . NOT_KW ebarateSade

    THEN_KW      shift, and go to state 145
    AND_KW       shift, and go to state 106
    OR_KW        shift, and go to state 107
    NOT_KW       shift, and go to state 108
    OR_ELSE_KW   shift, and go to state 109
    AND_THEN_KW  shift, and go to state 110


state 101

   58 jomleyeTekrar: WHILE_KW PARANTHESIS_BAZ_KW . ebarateSade PARANTHESIS_BASTE_KW jomle

    FLOAT_KW            shift, and go to state 41
    ADAD                shift, and go to state 48
    SHENASE             shift, and go to state 49
    HARFE_SABET         shift, and go to state 50
    MULTIPLY_KW         shift, and go to state 52
    PARANTHESIS_BAZ_KW  shift, and go to state 53
    TRUE_KW             shift, and go to state 54
    QUESTION_KW         shift, and go to state 55
    FALSE_KW            shift, and go to state 56
    MINUS_KW            shift, and go to state 57

    ebarateSade           go to state 146
    ebarateRabetei        go to state 67
    ebarateRiaziManteghi  go to state 68
    ebarateYegani         go to state 69
    amalgareYegani        go to state 70
    amel                  go to state 71
    taghirpazir           go to state 87
    taghirnapazir         go to state 73
    sedaZadan             go to state 74
    meghdareSabet         go to state 75


state 102

  102 sedaZadan: SHENASE PARANTHESIS_BAZ_KW . bordareVorudiha PARANTHESIS_BASTE_KW
  103          | SHENASE PARANTHESIS_BAZ_KW . PARANTHESIS_BASTE_KW

    FLOAT_KW              shift, and go to state 41
    ADAD                  shift, and go to state 48
    SHENASE               shift, and go to state 49
    HARFE_SABET           shift, and go to state 50
    MULTIPLY_KW           shift, and go to state 52
    PARANTHESIS_BASTE_KW  shift, and go to state 147
    PARANTHESIS_BAZ_KW    shift, and go to state 53
    TRUE_KW               shift, and go to state 54
    QUESTION_KW           shift, and go to state 55
    FALSE_KW              shift, and go to state 56
    MINUS_KW              shift, and go to state 57

    ebarat                go to state 148
    ebarateSade           go to state 66
    ebarateRabetei        go to state 67
    ebarateRiaziManteghi  go to state 68
    ebarateYegani         go to state 69
    amalgareYegani        go to state 70
    amel                  go to state 71
    taghirpazir           go to state 72
    taghirnapazir         go to state 73
    sedaZadan             go to state 74
    bordareVorudiha       go to state 149
    meghdareSabet         go to state 75


state 103

   53 jomleyeEntekhab: KEY_KW PARANTHESIS_BAZ_KW . ebarateSade PARANTHESIS_BASTE_KW onsoreHalat onsorePishfarz END_KW
   54                | KEY_KW PARANTHESIS_BAZ_KW . ebarateSade PARANTHESIS_BASTE_KW onsoreHalat END_KW

    FLOAT_KW            shift, and go to state 41
    ADAD                shift, and go to state 48
    SHENASE             shift, and go to state 49
    HARFE_SABET         shift, and go to state 50
    MULTIPLY_KW         shift, and go to state 52
    PARANTHESIS_BAZ_KW  shift, and go to state 53
    TRUE_KW             shift, and go to state 54
    QUESTION_KW         shift, and go to state 55
    FALSE_KW            shift, and go to state 56
    MINUS_KW            shift, and go to state 57

    ebarateSade           go to state 150
    ebarateRabetei        go to state 67
    ebarateRiaziManteghi  go to state 68
    ebarateYegani         go to state 69
    amalgareYegani        go to state 70
    amel                  go to state 71
    taghirpazir           go to state 87
    taghirnapazir         go to state 73
    sedaZadan             go to state 74
    meghdareSabet         go to state 75


state 104

   99 taghirnapazir: PARANTHESIS_BAZ_KW ebarat . PARANTHESIS_BASTE_KW

    PARANTHESIS_BASTE_KW  shift, and go to state 151


state 105

   49 jomleyeEbarat: ebarat NOGHTE_VIRGUL .

    $default  reduce using rule 49 (jomleyeEbarat)


state 106

   71 ebarateSade: ebarateSade AND_KW . ebarateSade

    FLOAT_KW            shift, and go to state 41
    ADAD                shift, and go to state 48
    SHENASE             shift, and go to state 49
    HARFE_SABET         shift, and go to state 50
    MULTIPLY_KW         shift, and go to state 52
    PARANTHESIS_BAZ_KW  shift, and go to state 53
    TRUE_KW             shift, and go to state 54
    QUESTION_KW         shift, and go to state 55
    FALSE_KW            shift, and go to state 56
    MINUS_KW            shift, and go to state 57

    ebarateSade           go to state 152
    ebarateRabetei        go to state 67
    ebarateRiaziManteghi  go to state 68
    ebarateYegani         go to state 69
    amalgareYegani        go to state 70
    amel                  go to state 71
    taghirpazir           go to state 87
    taghirnapazir         go to state 73
    sedaZadan             go to state 74
    meghdareSabet         go to state 75


state 107

   70 ebarateSade: ebarateSade OR_KW . ebarateSade

    FLOAT_KW            shift, and go to state 41
    ADAD                shift, and go to state 48
    SHENASE             shift, and go to state 49
    HARFE_SABET         shift, and go to state 50
    MULTIPLY_KW         shift, and go to state 52
    PARANTHESIS_BAZ_KW  shift, and go to state 53
    TRUE_KW             shift, and go to state 54
    QUESTION_KW         shift, and go to state 55
    FALSE_KW            shift, and go to state 56
    MINUS_KW            shift, and go to state 57

    ebarateSade           go to state 153
    ebarateRabetei        go to state 67
    ebarateRiaziManteghi  go to state 68
    ebarateYegani         go to state 69
    amalgareYegani        go to state 70
    amel                  go to state 71
    taghirpazir           go to state 87
    taghirnapazir         go to state 73
    sedaZadan             go to state 74
    meghdareSabet         go to state 75


state 108

   74 ebarateSade: ebarateSade NOT_KW . ebarateSade

    FLOAT_KW            shift, and go to state 41
    ADAD                shift, and go to state 48
    SHENASE             shift, and go to state 49
    HARFE_SABET         shift, and go to state 50
    MULTIPLY_KW         shift, and go to state 52
    PARANTHESIS_BAZ_KW  shift, and go to state 53
    TRUE_KW             shift, and go to state 54
    QUESTION_KW         shift, and go to state 55
    FALSE_KW            shift, and go to state 56
    MINUS_KW            shift, and go to state 57

    ebarateSade           go to state 154
    ebarateRabetei        go to state 67
    ebarateRiaziManteghi  go to state 68
    ebarateYegani         go to state 69
    amalgareYegani        go to state 70
    amel                  go to state 71
    taghirpazir           go to state 87
    taghirnapazir         go to state 73
    sedaZadan             go to state 74
    meghdareSabet         go to state 75


state 109

   72 ebarateSade: ebarateSade OR_ELSE_KW . ebarateSade

    FLOAT_KW            shift, and go to state 41
    ADAD                shift, and go to state 48
    SHENASE             shift, and go to state 49
    HARFE_SABET         shift, and go to state 50
    MULTIPLY_KW         shift, and go to state 52
    PARANTHESIS_BAZ_KW  shift, and go to state 53
    TRUE_KW             shift, and go to state 54
    QUESTION_KW         shift, and go to state 55
    FALSE_KW            shift, and go to state 56
    MINUS_KW            shift, and go to state 57

    ebarateSade           go to state 155
    ebarateRabetei        go to state 67
    ebarateRiaziManteghi  go to state 68
    ebarateYegani         go to state 69
    amalgareYegani        go to state 70
    amel                  go to state 71
    taghirpazir           go to state 87
    taghirnapazir         go to state 73
    sedaZadan             go to state 74
    meghdareSabet         go to state 75


state 110

   73 ebarateSade: ebarateSade AND_THEN_KW . ebarateSade

    FLOAT_KW            shift, and go to state 41
    ADAD                shift, and go to state 48
    SHENASE             shift, and go to state 49
    HARFE_SABET         shift, and go to state 50
    MULTIPLY_KW         shift, and go to state 52
    PARANTHESIS_BAZ_KW  shift, and go to state 53
    TRUE_KW             shift, and go to state 54
    QUESTION_KW         shift, and go to state 55
    FALSE_KW            shift, and go to state 56
    MINUS_KW            shift, and go to state 57

    ebarateSade           go to state 156
    ebarateRabetei        go to state 67
    ebarateRiaziManteghi  go to state 68
    ebarateYegani         go to state 69
    amalgareYegani        go to state 70
    amel                  go to state 71
    taghirpazir           go to state 87
    taghirnapazir         go to state 73
    sedaZadan             go to state 74
    meghdareSabet         go to state 75


state 111

   84 ebarateRiaziManteghi: ebarateRiaziManteghi ADD_KW . ebarateRiaziManteghi

    FLOAT_KW            shift, and go to state 41
    ADAD                shift, and go to state 48
    SHENASE             shift, and go to state 49
    HARFE_SABET         shift, and go to state 50
    MULTIPLY_KW         shift, and go to state 52
    PARANTHESIS_BAZ_KW  shift, and go to state 53
    TRUE_KW             shift, and go to state 54
    QUESTION_KW         shift, and go to state 55
    FALSE_KW            shift, and go to state 56
    MINUS_KW            shift, and go to state 57

    ebarateRiaziManteghi  go to state 157
    ebarateYegani         go to state 69
    amalgareYegani        go to state 70
    amel                  go to state 71
    taghirpazir           go to state 87
    taghirnapazir         go to state 73
    sedaZadan             go to state 74
    meghdareSabet         go to state 75


state 112

   80 amalgareRabetei: MORE_THAN_KW .

    $default  reduce using rule 80 (amalgareRabetei)


state 113

   86 ebarateRiaziManteghi: ebarateRiaziManteghi MULTIPLY_KW . ebarateRiaziManteghi

    FLOAT_KW            shift, and go to state 41
    ADAD                shift, and go to state 48
    SHENASE             shift, and go to state 49
    HARFE_SABET         shift, and go to state 50
    MULTIPLY_KW         shift, and go to state 52
    PARANTHESIS_BAZ_KW  shift, and go to state 53
    TRUE_KW             shift, and go to state 54
    QUESTION_KW         shift, and go to state 55
    FALSE_KW            shift, and go to state 56
    MINUS_KW            shift, and go to state 57

    ebarateRiaziManteghi  go to state 158
    ebarateYegani         go to state 69
    amalgareYegani        go to state 70
    amel                  go to state 71
    taghirpazir           go to state 87
    taghirnapazir         go to state 73
    sedaZadan             go to state 74
    meghdareSabet         go to state 75


state 114

   82 amalgareRabetei: EQUAL_EQUAL_KW .

    $default  reduce using rule 82 (amalgareRabetei)


state 115

   87 ebarateRiaziManteghi: ebarateRiaziManteghi DEVIDE_KW . ebarateRiaziManteghi

    FLOAT_KW            shift, and go to state 41
    ADAD                shift, and go to state 48
    SHENASE             shift, and go to state 49
    HARFE_SABET         shift, and go to state 50
    MULTIPLY_KW         shift, and go to state 52
    PARANTHESIS_BAZ_KW  shift, and go to state 53
    TRUE_KW             shift, and go to state 54
    QUESTION_KW         shift, and go to state 55
    FALSE_KW            shift, and go to state 56
    MINUS_KW            shift, and go to state 57

    ebarateRiaziManteghi  go to state 159
    ebarateYegani         go to state 69
    amalgareYegani        go to state 70
    amel                  go to state 71
    taghirpazir           go to state 87
    taghirnapazir         go to state 73
    sedaZadan             go to state 74
    meghdareSabet         go to state 75


state 116

   85 ebarateRiaziManteghi: ebarateRiaziManteghi MINUS_KW . ebarateRiaziManteghi

    FLOAT_KW            shift, and go to state 41
    ADAD                shift, and go to state 48
    SHENASE             shift, and go to state 49
    HARFE_SABET         shift, and go to state 50
    MULTIPLY_KW         shift, and go to state 52
    PARANTHESIS_BAZ_KW  shift, and go to state 53
    TRUE_KW             shift, and go to state 54
    QUESTION_KW         shift, and go to state 55
    FALSE_KW            shift, and go to state 56
    MINUS_KW            shift, and go to state 57

    ebarateRiaziManteghi  go to state 160
    ebarateYegani         go to state 69
    amalgareYegani        go to state 70
    amel                  go to state 71
    taghirpazir           go to state 87
    taghirnapazir         go to state 73
    sedaZadan             go to state 74
    meghdareSabet         go to state 75


state 117

   79 amalgareRabetei: LESS_EQUAL_KW .

    $default  reduce using rule 79 (amalgareRabetei)


state 118

   88 ebarateRiaziManteghi: ebarateRiaziManteghi MOD_KW . ebarateRiaziManteghi

    FLOAT_KW            shift, and go to state 41
    ADAD                shift, and go to state 48
    SHENASE             shift, and go to state 49
    HARFE_SABET         shift, and go to state 50
    MULTIPLY_KW         shift, and go to state 52
    PARANTHESIS_BAZ_KW  shift, and go to state 53
    TRUE_KW             shift, and go to state 54
    QUESTION_KW         shift, and go to state 55
    FALSE_KW            shift, and go to state 56
    MINUS_KW            shift, and go to state 57

    ebarateRiaziManteghi  go to state 161
    ebarateYegani         go to state 69
    amalgareYegani        go to state 70
    amel                  go to state 71
    taghirpazir           go to state 87
    taghirnapazir         go to state 73
    sedaZadan             go to state 74
    meghdareSabet         go to state 75


state 119

   78 amalgareRabetei: LESS_THAN_KW .

    $default  reduce using rule 78 (amalgareRabetei)


state 120

   81 amalgareRabetei: MORE_EQUAL_KW .

    $default  reduce using rule 81 (amalgareRabetei)


state 121

   77 ebarateRabetei: ebarateRiaziManteghi amalgareRabetei . ebarateRiaziManteghi

    FLOAT_KW            shift, and go to state 41
    ADAD                shift, and go to state 48
    SHENASE             shift, and go to state 49
    HARFE_SABET         shift, and go to state 50
    MULTIPLY_KW         shift, and go to state 52
    PARANTHESIS_BAZ_KW  shift, and go to state 53
    TRUE_KW             shift, and go to state 54
    QUESTION_KW         shift, and go to state 55
    FALSE_KW            shift, and go to state 56
    MINUS_KW            shift, and go to state 57

    ebarateRiaziManteghi  go to state 162
    ebarateYegani         go to state 69
    amalgareYegani        go to state 70
    amel                  go to state 71
    taghirpazir           go to state 87
    taghirnapazir         go to state 73
    sedaZadan             go to state 74
    meghdareSabet         go to state 75


state 122

   89 ebarateYegani: amalgareYegani ebarateYegani .

    $default  reduce using rule 89 (ebarateYegani)


state 123

   98 taghirpazir: taghirpazir NOGHTE_KW . SHENASE

    SHENASE  shift, and go to state 163


state 124

   97 taghirpazir: taghirpazir BRACKET_BAZ_KW . ebarat BRACKET_BASTE_KW

    FLOAT_KW            shift, and go to state 41
    ADAD                shift, and go to state 48
    SHENASE             shift, and go to state 49
    HARFE_SABET         shift, and go to state 50
    MULTIPLY_KW         shift, and go to state 52
    PARANTHESIS_BAZ_KW  shift, and go to state 53
    TRUE_KW             shift, and go to state 54
    QUESTION_KW         shift, and go to state 55
    FALSE_KW            shift, and go to state 56
    MINUS_KW            shift, and go to state 57

    ebarat                go to state 164
    ebarateSade           go to state 66
    ebarateRabetei        go to state 67
    ebarateRiaziManteghi  go to state 68
    ebarateYegani         go to state 69
    amalgareYegani        go to state 70
    amel                  go to state 71
    taghirpazir           go to state 72
    taghirnapazir         go to state 73
    sedaZadan             go to state 74
    meghdareSabet         go to state 75


state 125

   62 ebarat: taghirpazir EQUAL_KW . ebarat

    FLOAT_KW            shift, and go to state 41
    ADAD                shift, and go to state 48
    SHENASE             shift, and go to state 49
    HARFE_SABET         shift, and go to state 50
    MULTIPLY_KW         shift, and go to state 52
    PARANTHESIS_BAZ_KW  shift, and go to state 53
    TRUE_KW             shift, and go to state 54
    QUESTION_KW         shift, and go to state 55
    FALSE_KW            shift, and go to state 56
    MINUS_KW            shift, and go to state 57

    ebarat                go to state 165
    ebarateSade           go to state 66
    ebarateRabetei        go to state 67
    ebarateRiaziManteghi  go to state 68
    ebarateYegani         go to state 69
    amalgareYegani        go to state 70
    amel                  go to state 71
    taghirpazir           go to state 72
    taghirnapazir         go to state 73
    sedaZadan             go to state 74
    meghdareSabet         go to state 75


state 126

   63 ebarat: taghirpazir PLUS_EQUAL_KW . ebarat

    FLOAT_KW            shift, and go to state 41
    ADAD                shift, and go to state 48
    SHENASE             shift, and go to state 49
    HARFE_SABET         shift, and go to state 50
    MULTIPLY_KW         shift, and go to state 52
    PARANTHESIS_BAZ_KW  shift, and go to state 53
    TRUE_KW             shift, and go to state 54
    QUESTION_KW         shift, and go to state 55
    FALSE_KW            shift, and go to state 56
    MINUS_KW            shift, and go to state 57

    ebarat                go to state 166
    ebarateSade           go to state 66
    ebarateRabetei        go to state 67
    ebarateRiaziManteghi  go to state 68
    ebarateYegani         go to state 69
    amalgareYegani        go to state 70
    amel                  go to state 71
    taghirpazir           go to state 72
    taghirnapazir         go to state 73
    sedaZadan             go to state 74
    meghdareSabet         go to state 75


state 127

   67 ebarat: taghirpazir PLUS_PLUS_KW .

    $default  reduce using rule 67 (ebarat)


state 128

   68 ebarat: taghirpazir MINUS_MINUS_KW .

    $default  reduce using rule 68 (ebarat)


state 129

   64 ebarat: taghirpazir MINUS_EQUAL_KW . ebarat

    FLOAT_KW            shift, and go to state 41
    ADAD                shift, and go to state 48
    SHENASE             shift, and go to state 49
    HARFE_SABET         shift, and go to state 50
    MULTIPLY_KW         shift, and go to state 52
    PARANTHESIS_BAZ_KW  shift, and go to state 53
    TRUE_KW             shift, and go to state 54
    QUESTION_KW         shift, and go to state 55
    FALSE_KW            shift, and go to state 56
    MINUS_KW            shift, and go to state 57

    ebarat                go to state 167
    ebarateSade           go to state 66
    ebarateRabetei        go to state 67
    ebarateRiaziManteghi  go to state 68
    ebarateYegani         go to state 69
    amalgareYegani        go to state 70
    amel                  go to state 71
    taghirpazir           go to state 72
    taghirnapazir         go to state 73
    sedaZadan             go to state 74
    meghdareSabet         go to state 75


state 130

   65 ebarat: taghirpazir MULTIPLY_EQUAL_KW . ebarat

    FLOAT_KW            shift, and go to state 41
    ADAD                shift, and go to state 48
    SHENASE             shift, and go to state 49
    HARFE_SABET         shift, and go to state 50
    MULTIPLY_KW         shift, and go to state 52
    PARANTHESIS_BAZ_KW  shift, and go to state 53
    TRUE_KW             shift, and go to state 54
    QUESTION_KW         shift, and go to state 55
    FALSE_KW            shift, and go to state 56
    MINUS_KW            shift, and go to state 57

    ebarat                go to state 168
    ebarateSade           go to state 66
    ebarateRabetei        go to state 67
    ebarateRiaziManteghi  go to state 68
    ebarateYegani         go to state 69
    amalgareYegani        go to state 70
    amel                  go to state 71
    taghirpazir           go to state 72
    taghirnapazir         go to state 73
    sedaZadan             go to state 74
    meghdareSabet         go to state 75


state 131

   66 ebarat: taghirpazir DEVIDE_EQUAL_KW . ebarat

    FLOAT_KW            shift, and go to state 41
    ADAD                shift, and go to state 48
    SHENASE             shift, and go to state 49
    HARFE_SABET         shift, and go to state 50
    MULTIPLY_KW         shift, and go to state 52
    PARANTHESIS_BAZ_KW  shift, and go to state 53
    TRUE_KW             shift, and go to state 54
    QUESTION_KW         shift, and go to state 55
    FALSE_KW            shift, and go to state 56
    MINUS_KW            shift, and go to state 57

    ebarat                go to state 169
    ebarateSade           go to state 66
    ebarateRabetei        go to state 67
    ebarateRiaziManteghi  go to state 68
    ebarateYegani         go to state 69
    amalgareYegani        go to state 70
    amel                  go to state 71
    taghirpazir           go to state 72
    taghirnapazir         go to state 73
    sedaZadan             go to state 74
    meghdareSabet         go to state 75


state 132

   36 shenaseyeVorudi: SHENASE BRACKET_BAZ_KW . BRACKET_BASTE_KW

    BRACKET_BASTE_KW  shift, and go to state 170


state 133

   33 shenaseyeVorudiha: shenaseyeVorudiha COMMA . shenaseyeVorudi

    SHENASE  shift, and go to state 76

    shenaseyeVorudi  go to state 171


state 134

   30 vorudiha: vorudiha NOGHTE_VIRGUL jensVorudiha .

    $default  reduce using rule 30 (vorudiha)


state 135

   28 tarifeTabe: SHENASE PARANTHESIS_BAZ_KW vorudiha PARANTHESIS_BASTE_KW jomle .

    $default  reduce using rule 28 (tarifeTabe)


state 136

   25 tarifeShenaseMoteghayer: SHENASE BRACKET_BAZ_KW ADAD BRACKET_BASTE_KW .

    $default  reduce using rule 25 (tarifeShenaseMoteghayer)


state 137

   27 tarifeTabe: jens SHENASE PARANTHESIS_BAZ_KW PARANTHESIS_BASTE_KW jomle .

    $default  reduce using rule 27 (tarifeTabe)


state 138

   26 tarifeTabe: jens SHENASE PARANTHESIS_BAZ_KW vorudiha PARANTHESIS_BASTE_KW . jomle

    FLOAT_KW            shift, and go to state 41
    AKULAD_BAZ_KW       shift, and go to state 42
    BREAK_KW            shift, and go to state 43
    RETURN_KW           shift, and go to state 44
    IF_KW               shift, and go to state 45
    WHILE_KW            shift, and go to state 46
    NOGHTE_VIRGUL       shift, and go to state 47
    ADAD                shift, and go to state 48
    SHENASE             shift, and go to state 49
    HARFE_SABET         shift, and go to state 50
    KEY_KW              shift, and go to state 51
    MULTIPLY_KW         shift, and go to state 52
    PARANTHESIS_BAZ_KW  shift, and go to state 53
    TRUE_KW             shift, and go to state 54
    QUESTION_KW         shift, and go to state 55
    FALSE_KW            shift, and go to state 56
    MINUS_KW            shift, and go to state 57

    jomle                 go to state 172
    jomleyeMorakkab       go to state 59
    jomleyeEbarat         go to state 60
    jomleyeEntekhab       go to state 61
    jomleyeTekrar         go to state 62
    jomleyeBazgasht       go to state 63
    jomleyeShekast        go to state 64
    ebarat                go to state 65
    ebarateSade           go to state 66
    ebarateRabetei        go to state 67
    ebarateRiaziManteghi  go to state 68
    ebarateYegani         go to state 69
    amalgareYegani        go to state 70
    amel                  go to state 71
    taghirpazir           go to state 72
    taghirnapazir         go to state 73
    sedaZadan             go to state 74
    meghdareSabet         go to state 75


state 139

   12 tarifeMoteghayyerMahdud: jenseMahdud tarifhayeMoteghayyerha NOGHTE_VIRGUL .

    $default  reduce using rule 12 (tarifeMoteghayyerMahdud)


state 140

   44 jomleyeMorakkab: AKULAD_BAZ_KW tarifhayeMahalli AKULAD_BASTE_KW .

    $default  reduce using rule 44 (jomleyeMorakkab)


state 141

   43 jomleyeMorakkab: AKULAD_BAZ_KW tarifhayeMahalli jomleha . AKULAD_BASTE_KW
   47 jomleha: jomleha . jomle

    FLOAT_KW            shift, and go to state 41
    AKULAD_BAZ_KW       shift, and go to state 42
    AKULAD_BASTE_KW     shift, and go to state 173
    BREAK_KW            shift, and go to state 43
    RETURN_KW           shift, and go to state 44
    IF_KW               shift, and go to state 45
    WHILE_KW            shift, and go to state 46
    NOGHTE_VIRGUL       shift, and go to state 47
    ADAD                shift, and go to state 48
    SHENASE             shift, and go to state 49
    HARFE_SABET         shift, and go to state 50
    KEY_KW              shift, and go to state 51
    MULTIPLY_KW         shift, and go to state 52
    PARANTHESIS_BAZ_KW  shift, and go to state 53
    TRUE_KW             shift, and go to state 54
    QUESTION_KW         shift, and go to state 55
    FALSE_KW            shift, and go to state 56
    MINUS_KW            shift, and go to state 57

    jomle                 go to state 143
    jomleyeMorakkab       go to state 59
    jomleyeEbarat         go to state 60
    jomleyeEntekhab       go to state 61
    jomleyeTekrar         go to state 62
    jomleyeBazgasht       go to state 63
    jomleyeShekast        go to state 64
    ebarat                go to state 65
    ebarateSade           go to state 66
    ebarateRabetei        go to state 67
    ebarateRiaziManteghi  go to state 68
    ebarateYegani         go to state 69
    amalgareYegani        go to state 70
    amel                  go to state 71
    taghirpazir           go to state 72
    taghirnapazir         go to state 73
    sedaZadan             go to state 74
    meghdareSabet         go to state 75


state 142

   45 jomleyeMorakkab: AKULAD_BAZ_KW jomleha AKULAD_BASTE_KW .

    $default  reduce using rule 45 (jomleyeMorakkab)


state 143

   47 jomleha: jomleha jomle .

    $default  reduce using rule 47 (jomleha)


state 144

   60 jomleyeBazgasht: RETURN_KW ebarat NOGHTE_VIRGUL .

    $default  reduce using rule 60 (jomleyeBazgasht)


state 145

   51 jomleyeEntekhab: IF_KW ebarateSade THEN_KW . jomle
   52                | IF_KW ebarateSade THEN_KW . jomle ELSE_KW jomle

    FLOAT_KW            shift, and go to state 41
    AKULAD_BAZ_KW       shift, and go to state 42
    BREAK_KW            shift, and go to state 43
    RETURN_KW           shift, and go to state 44
    IF_KW               shift, and go to state 45
    WHILE_KW            shift, and go to state 46
    NOGHTE_VIRGUL       shift, and go to state 47
    ADAD                shift, and go to state 48
    SHENASE             shift, and go to state 49
    HARFE_SABET         shift, and go to state 50
    KEY_KW              shift, and go to state 51
    MULTIPLY_KW         shift, and go to state 52
    PARANTHESIS_BAZ_KW  shift, and go to state 53
    TRUE_KW             shift, and go to state 54
    QUESTION_KW         shift, and go to state 55
    FALSE_KW            shift, and go to state 56
    MINUS_KW            shift, and go to state 57

    jomle                 go to state 174
    jomleyeMorakkab       go to state 59
    jomleyeEbarat         go to state 60
    jomleyeEntekhab       go to state 61
    jomleyeTekrar         go to state 62
    jomleyeBazgasht       go to state 63
    jomleyeShekast        go to state 64
    ebarat                go to state 65
    ebarateSade           go to state 66
    ebarateRabetei        go to state 67
    ebarateRiaziManteghi  go to state 68
    ebarateYegani         go to state 69
    amalgareYegani        go to state 70
    amel                  go to state 71
    taghirpazir           go to state 72
    taghirnapazir         go to state 73
    sedaZadan             go to state 74
    meghdareSabet         go to state 75


state 146

   58 jomleyeTekrar: WHILE_KW PARANTHESIS_BAZ_KW ebarateSade . PARANTHESIS_BASTE_KW jomle
   70 ebarateSade: ebarateSade . OR_KW ebarateSade
   71            | ebarateSade . AND_KW ebarateSade
   72            | ebarateSade . OR_ELSE_KW ebarateSade
   73            | ebarateSade . AND_THEN_KW ebarateSade
   74            | ebarateSade . NOT_KW ebarateSade

    AND_KW                shift, and go to state 106
    OR_KW                 shift, and go to state 107
    NOT_KW                shift, and go to state 108
    PARANTHESIS_BASTE_KW  shift, and go to state 175
    OR_ELSE_KW            shift, and go to state 109
    AND_THEN_KW           shift, and go to state 110


state 147

  103 sedaZadan: SHENASE PARANTHESIS_BAZ_KW PARANTHESIS_BASTE_KW .

    $default  reduce using rule 103 (sedaZadan)


state 148

  105 bordareVorudiha: ebarat .

    $default  reduce using rule 105 (bordareVorudiha)


state 149

  102 sedaZadan: SHENASE PARANTHESIS_BAZ_KW bordareVorudiha . PARANTHESIS_BASTE_KW
  104 bordareVorudiha: bordareVorudiha . COMMA ebarat

    COMMA                 shift, and go to state 176
    PARANTHESIS_BASTE_KW  shift, and go to state 177


state 150

   53 jomleyeEntekhab: KEY_KW PARANTHESIS_BAZ_KW ebarateSade . PARANTHESIS_BASTE_KW onsoreHalat onsorePishfarz END_KW
   54                | KEY_KW PARANTHESIS_BAZ_KW ebarateSade . PARANTHESIS_BASTE_KW onsoreHalat END_KW
   70 ebarateSade: ebarateSade . OR_KW ebarateSade
   71            | ebarateSade . AND_KW ebarateSade
   72            | ebarateSade . OR_ELSE_KW ebarateSade
   73            | ebarateSade . AND_THEN_KW ebarateSade
   74            | ebarateSade . NOT_KW ebarateSade

    AND_KW                shift, and go to state 106
    OR_KW                 shift, and go to state 107
    NOT_KW                shift, and go to state 108
    PARANTHESIS_BASTE_KW  shift, and go to state 178
    OR_ELSE_KW            shift, and go to state 109
    AND_THEN_KW           shift, and go to state 110


state 151

   99 taghirnapazir: PARANTHESIS_BAZ_KW ebarat PARANTHESIS_BASTE_KW .

    $default  reduce using rule 99 (taghirnapazir)


state 152

   70 ebarateSade: ebarateSade . OR_KW ebarateSade
   71            | ebarateSade . AND_KW ebarateSade
   71            | ebarateSade AND_KW ebarateSade .
   72            | ebarateSade . OR_ELSE_KW ebarateSade
   73            | ebarateSade . AND_THEN_KW ebarateSade
   74            | ebarateSade . NOT_KW ebarateSade

    NOT_KW  shift, and go to state 108

    $default  reduce using rule 71 (ebarateSade)


state 153

   70 ebarateSade: ebarateSade . OR_KW ebarateSade
   70            | ebarateSade OR_KW ebarateSade .
   71            | ebarateSade . AND_KW ebarateSade
   72            | ebarateSade . OR_ELSE_KW ebarateSade
   73            | ebarateSade . AND_THEN_KW ebarateSade
   74            | ebarateSade . NOT_KW ebarateSade

    AND_KW       shift, and go to state 106
    NOT_KW       shift, and go to state 108
    AND_THEN_KW  shift, and go to state 110

    $default  reduce using rule 70 (ebarateSade)


state 154

   70 ebarateSade: ebarateSade . OR_KW ebarateSade
   71            | ebarateSade . AND_KW ebarateSade
   72            | ebarateSade . OR_ELSE_KW ebarateSade
   73            | ebarateSade . AND_THEN_KW ebarateSade
   74            | ebarateSade . NOT_KW ebarateSade
   74            | ebarateSade NOT_KW ebarateSade .

    NOT_KW  shift, and go to state 108

    $default  reduce using rule 74 (ebarateSade)


state 155

   70 ebarateSade: ebarateSade . OR_KW ebarateSade
   71            | ebarateSade . AND_KW ebarateSade
   72            | ebarateSade . OR_ELSE_KW ebarateSade
   72            | ebarateSade OR_ELSE_KW ebarateSade .
   73            | ebarateSade . AND_THEN_KW ebarateSade
   74            | ebarateSade . NOT_KW ebarateSade

    AND_KW       shift, and go to state 106
    NOT_KW       shift, and go to state 108
    AND_THEN_KW  shift, and go to state 110

    $default  reduce using rule 72 (ebarateSade)


state 156

   70 ebarateSade: ebarateSade . OR_KW ebarateSade
   71            | ebarateSade . AND_KW ebarateSade
   72            | ebarateSade . OR_ELSE_KW ebarateSade
   73            | ebarateSade . AND_THEN_KW ebarateSade
   73            | ebarateSade AND_THEN_KW ebarateSade .
   74            | ebarateSade . NOT_KW ebarateSade

    NOT_KW  shift, and go to state 108

    $default  reduce using rule 73 (ebarateSade)


state 157

   84 ebarateRiaziManteghi: ebarateRiaziManteghi . ADD_KW ebarateRiaziManteghi
   84                     | ebarateRiaziManteghi ADD_KW ebarateRiaziManteghi .
   85                     | ebarateRiaziManteghi . MINUS_KW ebarateRiaziManteghi
   86                     | ebarateRiaziManteghi . MULTIPLY_KW ebarateRiaziManteghi
   87                     | ebarateRiaziManteghi . DEVIDE_KW ebarateRiaziManteghi
   88                     | ebarateRiaziManteghi . MOD_KW ebarateRiaziManteghi

    MULTIPLY_KW  shift, and go to state 113
    DEVIDE_KW    shift, and go to state 115
    MOD_KW       shift, and go to state 118

    $default  reduce using rule 84 (ebarateRiaziManteghi)


state 158

   84 ebarateRiaziManteghi: ebarateRiaziManteghi . ADD_KW ebarateRiaziManteghi
   85                     | ebarateRiaziManteghi . MINUS_KW ebarateRiaziManteghi
   86                     | ebarateRiaziManteghi . MULTIPLY_KW ebarateRiaziManteghi
   86                     | ebarateRiaziManteghi MULTIPLY_KW ebarateRiaziManteghi .
   87                     | ebarateRiaziManteghi . DEVIDE_KW ebarateRiaziManteghi
   88                     | ebarateRiaziManteghi . MOD_KW ebarateRiaziManteghi

    $default  reduce using rule 86 (ebarateRiaziManteghi)


state 159

   84 ebarateRiaziManteghi: ebarateRiaziManteghi . ADD_KW ebarateRiaziManteghi
   85                     | ebarateRiaziManteghi . MINUS_KW ebarateRiaziManteghi
   86                     | ebarateRiaziManteghi . MULTIPLY_KW ebarateRiaziManteghi
   87                     | ebarateRiaziManteghi . DEVIDE_KW ebarateRiaziManteghi
   87                     | ebarateRiaziManteghi DEVIDE_KW ebarateRiaziManteghi .
   88                     | ebarateRiaziManteghi . MOD_KW ebarateRiaziManteghi

    $default  reduce using rule 87 (ebarateRiaziManteghi)


state 160

   84 ebarateRiaziManteghi: ebarateRiaziManteghi . ADD_KW ebarateRiaziManteghi
   85                     | ebarateRiaziManteghi . MINUS_KW ebarateRiaziManteghi
   85                     | ebarateRiaziManteghi MINUS_KW ebarateRiaziManteghi .
   86                     | ebarateRiaziManteghi . MULTIPLY_KW ebarateRiaziManteghi
   87                     | ebarateRiaziManteghi . DEVIDE_KW ebarateRiaziManteghi
   88                     | ebarateRiaziManteghi . MOD_KW ebarateRiaziManteghi

    MULTIPLY_KW  shift, and go to state 113
    DEVIDE_KW    shift, and go to state 115
    MOD_KW       shift, and go to state 118

    $default  reduce using rule 85 (ebarateRiaziManteghi)


state 161

   84 ebarateRiaziManteghi: ebarateRiaziManteghi . ADD_KW ebarateRiaziManteghi
   85                     | ebarateRiaziManteghi . MINUS_KW ebarateRiaziManteghi
   86                     | ebarateRiaziManteghi . MULTIPLY_KW ebarateRiaziManteghi
   87                     | ebarateRiaziManteghi . DEVIDE_KW ebarateRiaziManteghi
   88                     | ebarateRiaziManteghi . MOD_KW ebarateRiaziManteghi
   88                     | ebarateRiaziManteghi MOD_KW ebarateRiaziManteghi .

    $default  reduce using rule 88 (ebarateRiaziManteghi)


state 162

   77 ebarateRabetei: ebarateRiaziManteghi amalgareRabetei ebarateRiaziManteghi .
   84 ebarateRiaziManteghi: ebarateRiaziManteghi . ADD_KW ebarateRiaziManteghi
   85                     | ebarateRiaziManteghi . MINUS_KW ebarateRiaziManteghi
   86                     | ebarateRiaziManteghi . MULTIPLY_KW ebarateRiaziManteghi
   87                     | ebarateRiaziManteghi . DEVIDE_KW ebarateRiaziManteghi
   88                     | ebarateRiaziManteghi . MOD_KW ebarateRiaziManteghi

    ADD_KW       shift, and go to state 111
    MULTIPLY_KW  shift, and go to state 113
    DEVIDE_KW    shift, and go to state 115
    MINUS_KW     shift, and go to state 116
    MOD_KW       shift, and go to state 118

    $default  reduce using rule 77 (ebarateRabetei)


state 163

   98 taghirpazir: taghirpazir NOGHTE_KW SHENASE .

    $default  reduce using rule 98 (taghirpazir)


state 164

   97 taghirpazir: taghirpazir BRACKET_BAZ_KW ebarat . BRACKET_BASTE_KW

    BRACKET_BASTE_KW  shift, and go to state 179


state 165

   62 ebarat: taghirpazir EQUAL_KW ebarat .

    $default  reduce using rule 62 (ebarat)


state 166

   63 ebarat: taghirpazir PLUS_EQUAL_KW ebarat .

    $default  reduce using rule 63 (ebarat)


state 167

   64 ebarat: taghirpazir MINUS_EQUAL_KW ebarat .

    $default  reduce using rule 64 (ebarat)


state 168

   65 ebarat: taghirpazir MULTIPLY_EQUAL_KW ebarat .

    $default  reduce using rule 65 (ebarat)


state 169

   66 ebarat: taghirpazir DEVIDE_EQUAL_KW ebarat .

    $default  reduce using rule 66 (ebarat)


state 170

   36 shenaseyeVorudi: SHENASE BRACKET_BAZ_KW BRACKET_BASTE_KW .

    $default  reduce using rule 36 (shenaseyeVorudi)


state 171

   33 shenaseyeVorudiha: shenaseyeVorudiha COMMA shenaseyeVorudi .

    $default  reduce using rule 33 (shenaseyeVorudiha)


state 172

   26 tarifeTabe: jens SHENASE PARANTHESIS_BAZ_KW vorudiha PARANTHESIS_BASTE_KW jomle .

    $default  reduce using rule 26 (tarifeTabe)


state 173

   43 jomleyeMorakkab: AKULAD_BAZ_KW tarifhayeMahalli jomleha AKULAD_BASTE_KW .

    $default  reduce using rule 43 (jomleyeMorakkab)


state 174

   51 jomleyeEntekhab: IF_KW ebarateSade THEN_KW jomle .
   52                | IF_KW ebarateSade THEN_KW jomle . ELSE_KW jomle

    ELSE_KW  shift, and go to state 180

    $default  reduce using rule 51 (jomleyeEntekhab)


state 175

   58 jomleyeTekrar: WHILE_KW PARANTHESIS_BAZ_KW ebarateSade PARANTHESIS_BASTE_KW . jomle

    FLOAT_KW            shift, and go to state 41
    AKULAD_BAZ_KW       shift, and go to state 42
    BREAK_KW            shift, and go to state 43
    RETURN_KW           shift, and go to state 44
    IF_KW               shift, and go to state 45
    WHILE_KW            shift, and go to state 46
    NOGHTE_VIRGUL       shift, and go to state 47
    ADAD                shift, and go to state 48
    SHENASE             shift, and go to state 49
    HARFE_SABET         shift, and go to state 50
    KEY_KW              shift, and go to state 51
    MULTIPLY_KW         shift, and go to state 52
    PARANTHESIS_BAZ_KW  shift, and go to state 53
    TRUE_KW             shift, and go to state 54
    QUESTION_KW         shift, and go to state 55
    FALSE_KW            shift, and go to state 56
    MINUS_KW            shift, and go to state 57

    jomle                 go to state 181
    jomleyeMorakkab       go to state 59
    jomleyeEbarat         go to state 60
    jomleyeEntekhab       go to state 61
    jomleyeTekrar         go to state 62
    jomleyeBazgasht       go to state 63
    jomleyeShekast        go to state 64
    ebarat                go to state 65
    ebarateSade           go to state 66
    ebarateRabetei        go to state 67
    ebarateRiaziManteghi  go to state 68
    ebarateYegani         go to state 69
    amalgareYegani        go to state 70
    amel                  go to state 71
    taghirpazir           go to state 72
    taghirnapazir         go to state 73
    sedaZadan             go to state 74
    meghdareSabet         go to state 75


state 176

  104 bordareVorudiha: bordareVorudiha COMMA . ebarat

    FLOAT_KW            shift, and go to state 41
    ADAD                shift, and go to state 48
    SHENASE             shift, and go to state 49
    HARFE_SABET         shift, and go to state 50
    MULTIPLY_KW         shift, and go to state 52
    PARANTHESIS_BAZ_KW  shift, and go to state 53
    TRUE_KW             shift, and go to state 54
    QUESTION_KW         shift, and go to state 55
    FALSE_KW            shift, and go to state 56
    MINUS_KW            shift, and go to state 57

    ebarat                go to state 182
    ebarateSade           go to state 66
    ebarateRabetei        go to state 67
    ebarateRiaziManteghi  go to state 68
    ebarateYegani         go to state 69
    amalgareYegani        go to state 70
    amel                  go to state 71
    taghirpazir           go to state 72
    taghirnapazir         go to state 73
    sedaZadan             go to state 74
    meghdareSabet         go to state 75


state 177

  102 sedaZadan: SHENASE PARANTHESIS_BAZ_KW bordareVorudiha PARANTHESIS_BASTE_KW .

    $default  reduce using rule 102 (sedaZadan)


state 178

   53 jomleyeEntekhab: KEY_KW PARANTHESIS_BAZ_KW ebarateSade PARANTHESIS_BASTE_KW . onsoreHalat onsorePishfarz END_KW
   54                | KEY_KW PARANTHESIS_BAZ_KW ebarateSade PARANTHESIS_BASTE_KW . onsoreHalat END_KW

    SWITCH_KW  shift, and go to state 183

    onsoreHalat  go to state 184


state 179

   97 taghirpazir: taghirpazir BRACKET_BAZ_KW ebarat BRACKET_BASTE_KW .

    $default  reduce using rule 97 (taghirpazir)


state 180

   52 jomleyeEntekhab: IF_KW ebarateSade THEN_KW jomle ELSE_KW . jomle

    FLOAT_KW            shift, and go to state 41
    AKULAD_BAZ_KW       shift, and go to state 42
    BREAK_KW            shift, and go to state 43
    RETURN_KW           shift, and go to state 44
    IF_KW               shift, and go to state 45
    WHILE_KW            shift, and go to state 46
    NOGHTE_VIRGUL       shift, and go to state 47
    ADAD                shift, and go to state 48
    SHENASE             shift, and go to state 49
    HARFE_SABET         shift, and go to state 50
    KEY_KW              shift, and go to state 51
    MULTIPLY_KW         shift, and go to state 52
    PARANTHESIS_BAZ_KW  shift, and go to state 53
    TRUE_KW             shift, and go to state 54
    QUESTION_KW         shift, and go to state 55
    FALSE_KW            shift, and go to state 56
    MINUS_KW            shift, and go to state 57

    jomle                 go to state 185
    jomleyeMorakkab       go to state 59
    jomleyeEbarat         go to state 60
    jomleyeEntekhab       go to state 61
    jomleyeTekrar         go to state 62
    jomleyeBazgasht       go to state 63
    jomleyeShekast        go to state 64
    ebarat                go to state 65
    ebarateSade           go to state 66
    ebarateRabetei        go to state 67
    ebarateRiaziManteghi  go to state 68
    ebarateYegani         go to state 69
    amalgareYegani        go to state 70
    amel                  go to state 71
    taghirpazir           go to state 72
    taghirnapazir         go to state 73
    sedaZadan             go to state 74
    meghdareSabet         go to state 75


state 181

   58 jomleyeTekrar: WHILE_KW PARANTHESIS_BAZ_KW ebarateSade PARANTHESIS_BASTE_KW jomle .

    $default  reduce using rule 58 (jomleyeTekrar)


state 182

  104 bordareVorudiha: bordareVorudiha COMMA ebarat .

    $default  reduce using rule 104 (bordareVorudiha)


state 183

   55 onsoreHalat: SWITCH_KW . ADAD DONOGHTE_KW jomle NOGHTE_VIRGUL

    ADAD  shift, and go to state 186


state 184

   53 jomleyeEntekhab: KEY_KW PARANTHESIS_BAZ_KW ebarateSade PARANTHESIS_BASTE_KW onsoreHalat . onsorePishfarz END_KW
   54                | KEY_KW PARANTHESIS_BAZ_KW ebarateSade PARANTHESIS_BASTE_KW onsoreHalat . END_KW
   56 onsoreHalat: onsoreHalat . SWITCH_KW ADAD DONOGHTE_KW jomle NOGHTE_VIRGUL

    SWITCH_KW   shift, and go to state 187
    END_KW      shift, and go to state 188
    DEFAULT_KW  shift, and go to state 189

    onsorePishfarz  go to state 190


state 185

   52 jomleyeEntekhab: IF_KW ebarateSade THEN_KW jomle ELSE_KW jomle .

    $default  reduce using rule 52 (jomleyeEntekhab)


state 186

   55 onsoreHalat: SWITCH_KW ADAD . DONOGHTE_KW jomle NOGHTE_VIRGUL

    DONOGHTE_KW  shift, and go to state 191


state 187

   56 onsoreHalat: onsoreHalat SWITCH_KW . ADAD DONOGHTE_KW jomle NOGHTE_VIRGUL

    ADAD  shift, and go to state 192


state 188

   54 jomleyeEntekhab: KEY_KW PARANTHESIS_BAZ_KW ebarateSade PARANTHESIS_BASTE_KW onsoreHalat END_KW .

    $default  reduce using rule 54 (jomleyeEntekhab)


state 189

   57 onsorePishfarz: DEFAULT_KW . DONOGHTE_KW jomle NOGHTE_VIRGUL

    DONOGHTE_KW  shift, and go to state 193


state 190

   53 jomleyeEntekhab: KEY_KW PARANTHESIS_BAZ_KW ebarateSade PARANTHESIS_BASTE_KW onsoreHalat onsorePishfarz . END_KW

    END_KW  shift, and go to state 194


state 191

   55 onsoreHalat: SWITCH_KW ADAD DONOGHTE_KW . jomle NOGHTE_VIRGUL

    FLOAT_KW            shift, and go to state 41
    AKULAD_BAZ_KW       shift, and go to state 42
    BREAK_KW            shift, and go to state 43
    RETURN_KW           shift, and go to state 44
    IF_KW               shift, and go to state 45
    WHILE_KW            shift, and go to state 46
    NOGHTE_VIRGUL       shift, and go to state 47
    ADAD                shift, and go to state 48
    SHENASE             shift, and go to state 49
    HARFE_SABET         shift, and go to state 50
    KEY_KW              shift, and go to state 51
    MULTIPLY_KW         shift, and go to state 52
    PARANTHESIS_BAZ_KW  shift, and go to state 53
    TRUE_KW             shift, and go to state 54
    QUESTION_KW         shift, and go to state 55
    FALSE_KW            shift, and go to state 56
    MINUS_KW            shift, and go to state 57

    jomle                 go to state 195
    jomleyeMorakkab       go to state 59
    jomleyeEbarat         go to state 60
    jomleyeEntekhab       go to state 61
    jomleyeTekrar         go to state 62
    jomleyeBazgasht       go to state 63
    jomleyeShekast        go to state 64
    ebarat                go to state 65
    ebarateSade           go to state 66
    ebarateRabetei        go to state 67
    ebarateRiaziManteghi  go to state 68
    ebarateYegani         go to state 69
    amalgareYegani        go to state 70
    amel                  go to state 71
    taghirpazir           go to state 72
    taghirnapazir         go to state 73
    sedaZadan             go to state 74
    meghdareSabet         go to state 75


state 192

   56 onsoreHalat: onsoreHalat SWITCH_KW ADAD . DONOGHTE_KW jomle NOGHTE_VIRGUL

    DONOGHTE_KW  shift, and go to state 196


state 193

   57 onsorePishfarz: DEFAULT_KW DONOGHTE_KW . jomle NOGHTE_VIRGUL

    FLOAT_KW            shift, and go to state 41
    AKULAD_BAZ_KW       shift, and go to state 42
    BREAK_KW            shift, and go to state 43
    RETURN_KW           shift, and go to state 44
    IF_KW               shift, and go to state 45
    WHILE_KW            shift, and go to state 46
    NOGHTE_VIRGUL       shift, and go to state 47
    ADAD                shift, and go to state 48
    SHENASE             shift, and go to state 49
    HARFE_SABET         shift, and go to state 50
    KEY_KW              shift, and go to state 51
    MULTIPLY_KW         shift, and go to state 52
    PARANTHESIS_BAZ_KW  shift, and go to state 53
    TRUE_KW             shift, and go to state 54
    QUESTION_KW         shift, and go to state 55
    FALSE_KW            shift, and go to state 56
    MINUS_KW            shift, and go to state 57

    jomle                 go to state 197
    jomleyeMorakkab       go to state 59
    jomleyeEbarat         go to state 60
    jomleyeEntekhab       go to state 61
    jomleyeTekrar         go to state 62
    jomleyeBazgasht       go to state 63
    jomleyeShekast        go to state 64
    ebarat                go to state 65
    ebarateSade           go to state 66
    ebarateRabetei        go to state 67
    ebarateRiaziManteghi  go to state 68
    ebarateYegani         go to state 69
    amalgareYegani        go to state 70
    amel                  go to state 71
    taghirpazir           go to state 72
    taghirnapazir         go to state 73
    sedaZadan             go to state 74
    meghdareSabet         go to state 75


state 194

   53 jomleyeEntekhab: KEY_KW PARANTHESIS_BAZ_KW ebarateSade PARANTHESIS_BASTE_KW onsoreHalat onsorePishfarz END_KW .

    $default  reduce using rule 53 (jomleyeEntekhab)


state 195

   55 onsoreHalat: SWITCH_KW ADAD DONOGHTE_KW jomle . NOGHTE_VIRGUL

    NOGHTE_VIRGUL  shift, and go to state 198


state 196

   56 onsoreHalat: onsoreHalat SWITCH_KW ADAD DONOGHTE_KW . jomle NOGHTE_VIRGUL

    FLOAT_KW            shift, and go to state 41
    AKULAD_BAZ_KW       shift, and go to state 42
    BREAK_KW            shift, and go to state 43
    RETURN_KW           shift, and go to state 44
    IF_KW               shift, and go to state 45
    WHILE_KW            shift, and go to state 46
    NOGHTE_VIRGUL       shift, and go to state 47
    ADAD                shift, and go to state 48
    SHENASE             shift, and go to state 49
    HARFE_SABET         shift, and go to state 50
    KEY_KW              shift, and go to state 51
    MULTIPLY_KW         shift, and go to state 52
    PARANTHESIS_BAZ_KW  shift, and go to state 53
    TRUE_KW             shift, and go to state 54
    QUESTION_KW         shift, and go to state 55
    FALSE_KW            shift, and go to state 56
    MINUS_KW            shift, and go to state 57

    jomle                 go to state 199
    jomleyeMorakkab       go to state 59
    jomleyeEbarat         go to state 60
    jomleyeEntekhab       go to state 61
    jomleyeTekrar         go to state 62
    jomleyeBazgasht       go to state 63
    jomleyeShekast        go to state 64
    ebarat                go to state 65
    ebarateSade           go to state 66
    ebarateRabetei        go to state 67
    ebarateRiaziManteghi  go to state 68
    ebarateYegani         go to state 69
    amalgareYegani        go to state 70
    amel                  go to state 71
    taghirpazir           go to state 72
    taghirnapazir         go to state 73
    sedaZadan             go to state 74
    meghdareSabet         go to state 75


state 197

   57 onsorePishfarz: DEFAULT_KW DONOGHTE_KW jomle . NOGHTE_VIRGUL

    NOGHTE_VIRGUL  shift, and go to state 200


state 198

   55 onsoreHalat: SWITCH_KW ADAD DONOGHTE_KW jomle NOGHTE_VIRGUL .

    $default  reduce using rule 55 (onsoreHalat)


state 199

   56 onsoreHalat: onsoreHalat SWITCH_KW ADAD DONOGHTE_KW jomle . NOGHTE_VIRGUL

    NOGHTE_VIRGUL  shift, and go to state 201


state 200

   57 onsorePishfarz: DEFAULT_KW DONOGHTE_KW jomle NOGHTE_VIRGUL .

    $default  reduce using rule 57 (onsorePishfarz)


state 201

   56 onsoreHalat: onsoreHalat SWITCH_KW ADAD DONOGHTE_KW jomle NOGHTE_VIRGUL .

    $default  reduce using rule 56 (onsoreHalat)
